/root/miniconda3/envs/py310_sc2/lib/python3.10/site-packages/sacred/dependencies.py:11: UserWarning: pkg_resources is deprecated as an API. See https://setuptools.pypa.io/en/latest/pkg_resources.html. The pkg_resources package is slated for removal as early as 2025-11-30. Refrain from using this package or pin to Setuptools<81.
  import pkg_resources
[DEBUG 13:45:56] git.cmd Popen(['git', 'version'], cwd=/share/project/ytz/RLproject/StarCraft2_HLSMAC/RLalgs/HierarchicalArchitecture, stdin=None, shell=False, universal_newlines=False)
[DEBUG 13:45:56] git.cmd Popen(['git', 'version'], cwd=/share/project/ytz/RLproject/StarCraft2_HLSMAC/RLalgs/HierarchicalArchitecture, stdin=None, shell=False, universal_newlines=False)
[DEBUG 13:45:56] git.util sys.platform='linux', git_executable='git'
[DEBUG 13:45:56] git.cmd Popen(['git', 'diff', '--cached', '--abbrev=40', '--full-index', '--raw'], cwd=/share/project/ytz/RLproject/StarCraft2_HLSMAC, stdin=None, shell=False, universal_newlines=False)
[DEBUG 13:45:56] git.cmd Popen(['git', 'diff', '--abbrev=40', '--full-index', '--raw'], cwd=/share/project/ytz/RLproject/StarCraft2_HLSMAC, stdin=None, shell=False, universal_newlines=False)
[DEBUG 13:45:56] git.cmd Popen(['git', 'cat-file', '--batch-check'], cwd=/share/project/ytz/RLproject/StarCraft2_HLSMAC, stdin=<valid stream>, shell=False, universal_newlines=False)
[DEBUG 13:45:56] git.util sys.platform='linux', git_executable='git'
[DEBUG 13:45:56] git.cmd Popen(['git', 'diff', '--cached', '--abbrev=40', '--full-index', '--raw'], cwd=/share/project/ytz/RLproject/StarCraft2_HLSMAC, stdin=None, shell=False, universal_newlines=False)
[DEBUG 13:45:56] git.cmd Popen(['git', 'diff', '--abbrev=40', '--full-index', '--raw'], cwd=/share/project/ytz/RLproject/StarCraft2_HLSMAC, stdin=None, shell=False, universal_newlines=False)
[DEBUG 13:45:56] git.cmd Popen(['git', 'cat-file', '--batch-check'], cwd=/share/project/ytz/RLproject/StarCraft2_HLSMAC, stdin=<valid stream>, shell=False, universal_newlines=False)
[INFO 13:45:56] root Saving to FileStorageObserver in /share/project/ytz/RLproject/StarCraft2_HLSMAC/RLalgs/HierarchicalArchitecture/results/sacred/gmzz/hierarchical_qmix_env=4_adam_td_lambda.
[DEBUG 13:45:59] pymarl Using capture mode "fd"
[INFO 13:45:59] pymarl Running command 'my_main'
[INFO 13:45:59] pymarl Started run with ID "1"
[DEBUG 13:45:59] pymarl Starting Heartbeat
[DEBUG 13:45:59] my_main Started
[INFO 13:45:59] my_main Experiment Parameters:
[INFO 13:45:59] my_main 

{   'action_selector': 'epsilon_greedy',
    'agent': 'hierarchical_rnn',
    'agent_output_type': 'q',
    'alpha_init': -0.07,
    'alpha_lr': '3e-4',
    'batch_size': 128,
    'batch_size_run': 1,
    'buffer_cpu_only': True,
    'buffer_size': 5000,
    'c_beta': 1.0,
    'central_action_embed': 1,
    'central_agent': 'central_rnn',
    'central_loss': 1,
    'central_mac': 'basic_central_mac',
    'central_mixer': 'ff',
    'central_mixing_embed_dim': 256,
    'central_rnn_hidden_dim': 64,
    'checkpoint_path': '',
    'comm': True,
    'comm_beta': 0.001,
    'comm_beta_end_decay': 50000000,
    'comm_beta_start_decay': 20000000,
    'comm_beta_target': '1e-2',
    'comm_embed_dim': 3,
    'comm_entropy_beta': '1e-6',
    'comm_entropy_beta_end_decay': 50000000,
    'comm_entropy_beta_start_decay': 20000000,
    'comm_entropy_beta_target': '1e-4',
    'comm_method': 'information_bottleneck_full',
    'critic_agent': 'rnn_agent_n',
    'critic_lr': 0.0005,
    'critic_mac': 'cate_broadcast_comm_mac_full',
    'cut_mu_rank_thres': 80.0,
    'cut_mu_thres': 1.0,
    'double_q': True,
    'env': 'sc2_tactics',
    'env_args': {   'continuing_episode': False,
                    'debug': False,
                    'difficulty': '7',
                    'game_version': None,
                    'heuristic_ai': False,
                    'heuristic_rest': False,
                    'map_name': 'gmzz',
                    'move_amount': 2,
                    'obs_all_health': True,
                    'obs_instead_of_state': False,
                    'obs_last_action': False,
                    'obs_own_health': True,
                    'obs_pathing_grid': True,
                    'obs_terrain_height': True,
                    'obs_timestep_number': False,
                    'replay_dir': '',
                    'replay_prefix': '',
                    'reward_death_value': 10,
                    'reward_defeat': 0,
                    'reward_negative_scale': 0.5,
                    'reward_only_positive': False,
                    'reward_scale': True,
                    'reward_scale_rate': 20,
                    'reward_sparse': False,
                    'reward_win': 200,
                    'seed': 42,
                    'state_last_action': True,
                    'state_timestep_number': False,
                    'step_mul': 8},
    'epsilon_anneal_time': 100000,
    'epsilon_finish': 0.05,
    'epsilon_start': 0.995,
    'evaluate': False,
    'gamma': 0.99,
    'gate_loss_beta': 1e-05,
    'grad_norm_clip': 10,
    'hierarchical_high_dim': 128,
    'hierarchical_n_goals': 8,
    'hierarchical_n_tactics': 4,
    'hypernet_embed': 128,
    'hypernet_layers': 2,
    'hysteretic_qmix': True,
    'is_comm_beta_decay': False,
    'is_comm_entropy_beta_decay': False,
    'is_cur_mu': False,
    'is_print': False,
    'is_rank_cut_mu': False,
    'label': 'default_label',
    'learner': 'max_q_learner',
    'learner_log_interval': 10000,
    'load_step': 0,
    'local_results_path': 'results',
    'log_interval': 10000,
    'lr': 0.001,
    'mac': 'basic_mac_logits',
    'mixer': 'qmix',
    'mixing_embed_dim': 64,
    'name': 'hierarchical_qmix_env=4_adam_td_lambda',
    'obs_agent_id': True,
    'obs_last_action': True,
    'only_downstream': False,
    'optim_alpha': 0.99,
    'optim_eps': 1e-05,
    'p': 0.5,
    'qmix_loss': 1,
    'repeat_id': 1,
    'rnn_hidden_dim': 64,
    'run': 'default',
    'runner': 'episode',
    'runner_log_interval': 10000,
    'save_model': True,
    'save_model_interval': 500000,
    'save_replay': False,
    'seed': 42,
    't_max': 2005000,
    'target_update_interval': 200,
    'td_lambda': 0.6,
    'test_greedy': True,
    'test_interval': 10000,
    'test_nepisode': 32,
    'use_IB': True,
    'use_cuda': True,
    'use_tensorboard': True,
    'w': 0.5}

----------------------
You create a GMZZ env!
----------------------
218
Mixer Size: 
440.579K
namespace(runner='episode', mac='basic_mac_logits', env='sc2_tactics', env_args={'continuing_episode': False, 'difficulty': '7', 'game_version': None, 'map_name': 'gmzz', 'move_amount': 2, 'obs_all_health': True, 'obs_instead_of_state': False, 'obs_last_action': False, 'obs_own_health': True, 'obs_pathing_grid': True, 'obs_terrain_height': True, 'obs_timestep_number': False, 'reward_death_value': 10, 'reward_defeat': 0, 'reward_negative_scale': 0.5, 'reward_only_positive': False, 'reward_scale': True, 'reward_scale_rate': 20, 'reward_sparse': False, 'reward_win': 200, 'replay_dir': '', 'replay_prefix': '', 'state_last_action': True, 'state_timestep_number': False, 'step_mul': 8, 'seed': 42, 'heuristic_ai': False, 'heuristic_rest': False, 'debug': False}, batch_size_run=1, test_nepisode=32, test_interval=10000, test_greedy=True, log_interval=10000, runner_log_interval=10000, learner_log_interval=10000, t_max=2005000, use_cuda=True, buffer_cpu_only=True, use_tensorboard=True, save_model=True, save_model_interval=500000, checkpoint_path='', evaluate=False, load_step=0, save_replay=False, local_results_path='results', gamma=0.99, batch_size=128, buffer_size=5000, lr=0.001, critic_lr=0.0005, optim_alpha=0.99, optim_eps=1e-05, grad_norm_clip=10, agent='hierarchical_rnn', rnn_hidden_dim=64, obs_agent_id=True, obs_last_action=True, repeat_id=1, label='default_label', run='default', action_selector='epsilon_greedy', epsilon_start=0.995, epsilon_finish=0.05, epsilon_anneal_time=100000, critic_mac='cate_broadcast_comm_mac_full', critic_agent='rnn_agent_n', comm=True, comm_embed_dim=3, comm_method='information_bottleneck_full', c_beta=1.0, comm_beta=0.001, comm_entropy_beta='1e-6', gate_loss_beta=1e-05, only_downstream=False, use_IB=True, is_print=False, is_comm_beta_decay=False, comm_beta_start_decay=20000000, comm_beta_target='1e-2', comm_beta_end_decay=50000000, is_comm_entropy_beta_decay=False, comm_entropy_beta_start_decay=20000000, comm_entropy_beta_target='1e-4', comm_entropy_beta_end_decay=50000000, is_cur_mu=False, is_rank_cut_mu=False, cut_mu_thres=1.0, cut_mu_rank_thres=80.0, target_update_interval=200, agent_output_type='q', learner='max_q_learner', double_q=True, mixer='qmix', mixing_embed_dim=64, hypernet_layers=2, hypernet_embed=128, hierarchical_high_dim=128, hierarchical_n_goals=8, hierarchical_n_tactics=4, central_loss=1, qmix_loss=1, w=0.5, hysteretic_qmix=True, central_mixing_embed_dim=256, central_action_embed=1, central_mac='basic_central_mac', central_agent='central_rnn', central_rnn_hidden_dim=64, central_mixer='ff', td_lambda=0.6, alpha_lr='3e-4', alpha_init=-0.07, p=0.5, name='hierarchical_qmix_env=4_adam_td_lambda', seed=42, device='cuda', unique_token='hierarchical_qmix_env=4_adam_td_lambda__2025-11-19_13-45-59', n_agents=8, n_actions=17, state_shape=258, accumulated_episodes=None)
[INFO 13:46:00] my_main Beginning training for 2005000 timesteps
[INFO 13:46:00] absl Launching SC2: /share/project/ytz/StarCraftII/Versions/Base75689/SC2_x64 -listen 127.0.0.1 -port 46039 -dataDir /share/project/ytz/StarCraftII/ -tempDir /tmp/sc-q9xhdfh9/
[INFO 13:46:00] absl Connecting to: ws://127.0.0.1:46039/sc2api, attempt: 0, running: True
Version: B75689 (SC2.4.10)
Build: Aug 12 2019 17:16:57
Command Line: '"/share/project/ytz/StarCraftII/Versions/Base75689/SC2_x64" -listen 127.0.0.1 -port 46039 -dataDir /share/project/ytz/StarCraftII/ -tempDir /tmp/sc-q9xhdfh9/'
Starting up...
Startup Phase 1 complete
[INFO 13:46:01] absl Connecting to: ws://127.0.0.1:46039/sc2api, attempt: 1, running: True
Startup Phase 2 complete
Creating stub renderer...
Listening on: 127.0.0.1:46039
Startup Phase 3 complete. Ready for commands.
[INFO 13:46:02] absl Connecting to: ws://127.0.0.1:46039/sc2api, attempt: 2, running: True
ConnectHandler: Request from 127.0.0.1:35516 accepted
ReadyHandler: 127.0.0.1:35516 ready
Requesting to join a single player game
Configuring interface options
Configure: raw interface enabled
Configure: feature layer interface disabled
Configure: score interface disabled
Configure: render interface disabled
Launching next game.
Next launch phase started: 2
Next launch phase started: 3
Next launch phase started: 4
Next launch phase started: 5
Next launch phase started: 6
Next launch phase started: 7
Next launch phase started: 8
Game has started.
Using default stable ids, none found at: /share/project/ytz/StarCraftII/stableid.json
Successfully loaded stable ids: GameData\stableid.json
Sending ResponseJoinGame
{'marine': 48, 'Depot': 19, 'DepotLowered': 47}
/share/project/ytz/RLproject/StarCraft2_HLSMAC/RLalgs/HierarchicalArchitecture/src/components/episode_buffer.py:103: UserWarning: Creating a tensor from a list of numpy.ndarrays is extremely slow. Please consider converting the list to a single numpy.ndarray with numpy.array() before converting to a tensor. (Triggered internally at ../torch/csrc/utils/tensor_new.cpp:261.)
  v = th.tensor(v, dtype=dtype, device=self.device)
/share/project/ytz/RLproject/StarCraft2_HLSMAC/RLalgs/HierarchicalArchitecture/src/components/episode_buffer.py:103: UserWarning: To copy construct from a tensor, it is recommended to use sourceTensor.clone().detach() or sourceTensor.clone().detach().requires_grad_(True), rather than torch.tensor(sourceTensor).
  v = th.tensor(v, dtype=dtype, device=self.device)
[INFO 13:46:08] my_main t_env: 200 / 2005000
[INFO 13:46:08] my_main Estimated time left: 28 minutes, 12 seconds. Time passed: 8 seconds
[INFO 13:47:57] my_main Saving models to results/models/hierarchical_qmix_env=4_adam_td_lambda__2025-11-19_13-45-59/200
[INFO 13:51:52] my_main Recent Stats | t_env:      10000 | Episode:       50
battle_won_mean:           0.0000	dead_allies_mean:          0.0000	dead_enemies_mean:         0.0000	delta_ally_mean:           0.0000
delta_deaths_mean:         0.0000	delta_enemy_mean:          0.0000	ep_length_mean:          200.0000	epsilon:                   0.9950
reward_mean:               0.0000	reward_std:                0.0000	test_battle_won_mean:      0.0000	test_dead_allies_mean:     0.0000
test_dead_enemies_mean:    0.0000	test_delta_ally_mean:      0.0000	test_delta_deaths_mean:    0.0000	test_delta_enemy_mean:     0.0000
test_ep_length_mean:     200.0000	test_reward_mean:          0.0000	test_reward_std:           0.0000	
[INFO 13:51:58] my_main t_env: 10200 / 2005000
[INFO 13:51:58] my_main Estimated time left: 19 hours, 20 minutes, 43 seconds. Time passed: 5 minutes, 57 seconds
[INFO 13:58:21] my_main Recent Stats | t_env:      20000 | Episode:      100
battle_won_mean:           0.0000	dead_allies_mean:          0.0600	dead_enemies_mean:         0.0000	delta_ally_mean:           1.3500
delta_deaths_mean:        -0.3000	delta_enemy_mean:          4.6989	ep_length_mean:          200.0000	epsilon:                   0.9005
reward_mean:               0.0409	reward_std:                0.1748	test_battle_won_mean:      0.0000	test_dead_allies_mean:     0.0000
test_dead_enemies_mean:    0.0000	test_delta_ally_mean:      0.0000	test_delta_deaths_mean:    0.0000	test_delta_enemy_mean:     0.0000
test_ep_length_mean:     200.0000	test_reward_mean:          0.0000	test_reward_std:           0.0000	
[INFO 13:58:24] my_main t_env: 20200 / 2005000
[INFO 13:58:24] my_main Estimated time left: 21 hours, 18 minutes, 1 seconds. Time passed: 12 minutes, 24 seconds
[INFO 14:03:05] my_main Recent Stats | t_env:      30192 | Episode:      151
alpha:                     0.9323	alpha_loss:              -10.2058	battle_won_mean:           0.0000	central_loss:              0.0014
comm_loss:                 0.2301	dead_allies_mean:          0.4200	dead_enemies_mean:         0.2000	delta_ally_mean:          12.0500
delta_deaths_mean:        -0.1000	delta_enemy_mean:         54.1304	ep_length_mean:          200.0000	epsilon:                   0.8060
grad_norm:                 1.1093	loss:                      0.2596	mixer_norm:                0.9982	policy_loss:              -0.5510
q_taken_mean:              0.0283	qmix_loss:                 0.0281	reward_mean:               0.5635	reward_std:                0.6581
target_mean:               0.0077	td_error_abs:              0.1909	test_battle_won_mean:      0.0000	test_dead_allies_mean:     0.0000
test_dead_enemies_mean:    0.0000	test_delta_ally_mean:      0.0000	test_delta_deaths_mean:    0.0000	test_delta_enemy_mean:     0.0000
test_ep_length_mean:     200.0000	test_reward_mean:          0.0000	test_reward_std:           0.0000	w_to_use:                  0.5794

[INFO 14:03:11] my_main t_env: 30392 / 2005000
[INFO 14:03:11] my_main Estimated time left: 15 hours, 25 minutes, 27 seconds. Time passed: 17 minutes, 10 seconds
RequestQuit command received.
Closing Application...
DataHandler: unable to parse websocket frame.
CloseHandler: 127.0.0.1:35516 disconnected
[INFO 14:08:13] absl Shutdown gracefully.
[INFO 14:08:13] absl Shutdown with return code: -15
[INFO 14:08:13] absl Launching SC2: /share/project/ytz/StarCraftII/Versions/Base75689/SC2_x64 -listen 127.0.0.1 -port 35545 -dataDir /share/project/ytz/StarCraftII/ -tempDir /tmp/sc-j4o0afw6/
[INFO 14:08:13] absl Connecting to: ws://127.0.0.1:35545/sc2api, attempt: 0, running: True
Version: B75689 (SC2.4.10)
Build: Aug 12 2019 17:16:57
Command Line: '"/share/project/ytz/StarCraftII/Versions/Base75689/SC2_x64" -listen 127.0.0.1 -port 35545 -dataDir /share/project/ytz/StarCraftII/ -tempDir /tmp/sc-j4o0afw6/'
Starting up...
Startup Phase 1 complete
[INFO 14:08:14] absl Connecting to: ws://127.0.0.1:35545/sc2api, attempt: 1, running: True
Startup Phase 2 complete
Creating stub renderer...
Listening on: 127.0.0.1:35545
Startup Phase 3 complete. Ready for commands.
[INFO 14:08:15] absl Connecting to: ws://127.0.0.1:35545/sc2api, attempt: 2, running: True
ConnectHandler: Request from 127.0.0.1:45998 accepted
ReadyHandler: 127.0.0.1:45998 ready
Requesting to join a single player game
Configuring interface options
Configure: raw interface enabled
Configure: feature layer interface disabled
Configure: score interface disabled
Configure: render interface disabled
Launching next game.
Next launch phase started: 2
Next launch phase started: 3
Next launch phase started: 4
Next launch phase started: 5
Next launch phase started: 6
Next launch phase started: 7
Next launch phase started: 8
Game has started.
Using default stable ids, none found at: /share/project/ytz/StarCraftII/stableid.json
Successfully loaded stable ids: GameData\stableid.json
Sending ResponseJoinGame
[INFO 14:08:27] my_main Updated target network
[INFO 14:08:32] my_main Recent Stats | t_env:      40215 | Episode:      202
alpha:                     0.9277	alpha_loss:              -10.2082	battle_won_mean:           0.0000	central_loss:              0.0006
comm_loss:                 0.1382	dead_allies_mean:          0.7647	dead_enemies_mean:         0.5882	delta_ally_mean:          20.0980
delta_deaths_mean:         2.0588	delta_enemy_mean:         57.5425	ep_length_mean:          199.8431	epsilon:                   0.7097
grad_norm:                 0.2961	loss:                      0.1401	mixer_norm:                0.0441	policy_loss:              -0.5226
q_taken_mean:              0.0077	qmix_loss:                 0.0014	reward_mean:               0.5302	reward_std:                0.7316
target_mean:               0.0074	td_error_abs:              0.0314	test_battle_won_mean:      0.0000	test_dead_allies_mean:     0.0000
test_dead_enemies_mean:    0.0000	test_delta_ally_mean:      0.0000	test_delta_deaths_mean:    0.0000	test_delta_enemy_mean:     0.0000
test_ep_length_mean:     200.0000	test_reward_mean:          0.0000	test_reward_std:           0.0000	w_to_use:                  0.7381

[INFO 14:08:38] my_main t_env: 40415 / 2005000
[INFO 14:08:38] my_main Estimated time left: 17 hours, 49 minutes, 31 seconds. Time passed: 22 minutes, 38 seconds
[INFO 14:13:19] my_main Recent Stats | t_env:      50215 | Episode:      252
alpha:                     0.9229	alpha_loss:              -10.2012	battle_won_mean:           0.0000	central_loss:              0.0006
comm_loss:                 0.1414	dead_allies_mean:          0.7451	dead_enemies_mean:         0.9608	delta_ally_mean:          18.3824
delta_deaths_mean:         5.8824	delta_enemy_mean:         52.3062	ep_length_mean:          196.5294	epsilon:                   0.6150
grad_norm:                 0.1256	loss:                      0.1431	mixer_norm:                0.0047	policy_loss:              -0.5756
q_taken_mean:              0.0088	qmix_loss:                 0.0010	reward_mean:               0.5343	reward_std:                0.5919
target_mean:               0.0077	td_error_abs:              0.0264	test_battle_won_mean:      0.0000	test_dead_allies_mean:     0.7188
test_dead_enemies_mean:    1.7188	test_delta_ally_mean:     17.1875	test_delta_deaths_mean:   13.5938	test_delta_enemy_mean:    61.6726
test_ep_length_mean:     200.0000	test_reward_mean:          0.7796	test_reward_std:           0.4273	w_to_use:                  0.7057

[INFO 14:13:23] my_main t_env: 50415 / 2005000
[INFO 14:13:23] my_main Estimated time left: 15 hours, 27 minutes, 51 seconds. Time passed: 27 minutes, 22 seconds
[INFO 14:17:57] my_main Recent Stats | t_env:      60215 | Episode:      302
alpha:                     0.9183	alpha_loss:              -10.2025	battle_won_mean:           0.0000	central_loss:              0.0002
comm_loss:                 0.1204	dead_allies_mean:          0.0600	dead_enemies_mean:         0.1800	delta_ally_mean:           1.4000
delta_deaths_mean:         1.5000	delta_enemy_mean:         10.3427	ep_length_mean:          200.0000	epsilon:                   0.5205
grad_norm:                 0.1985	loss:                      0.1212	mixer_norm:                0.0034	policy_loss:              -0.4884
q_taken_mean:              0.0084	qmix_loss:                 0.0006	reward_mean:               0.1402	reward_std:                0.4474
target_mean:               0.0074	td_error_abs:              0.0210	test_battle_won_mean:      0.0000	test_dead_allies_mean:     0.0000
test_dead_enemies_mean:    0.0000	test_delta_ally_mean:      0.0000	test_delta_deaths_mean:    0.0000	test_delta_enemy_mean:     0.0000
test_ep_length_mean:     200.0000	test_reward_mean:          0.0000	test_reward_std:           0.0000	w_to_use:                  0.6974

[INFO 14:18:02] my_main t_env: 60415 / 2005000
[INFO 14:18:02] my_main Estimated time left: 15 hours, 4 minutes, 41 seconds. Time passed: 32 minutes, 2 seconds
[INFO 14:23:07] my_main Recent Stats | t_env:      70215 | Episode:      352
alpha:                     0.9138	alpha_loss:              -10.2055	battle_won_mean:           0.0000	central_loss:              0.0001
comm_loss:                 0.0837	dead_allies_mean:          0.2800	dead_enemies_mean:         0.6800	delta_ally_mean:           6.7000
delta_deaths_mean:         5.4000	delta_enemy_mean:         31.1350	ep_length_mean:          200.0000	epsilon:                   0.4260
grad_norm:                 0.0670	loss:                      0.0843	mixer_norm:                0.0040	policy_loss:              -0.5857
q_taken_mean:              0.0086	qmix_loss:                 0.0005	reward_mean:               0.4005	reward_std:                0.5813
target_mean:               0.0080	td_error_abs:              0.0181	test_battle_won_mean:      0.0000	test_dead_allies_mean:     0.0625
test_dead_enemies_mean:    0.1250	test_delta_ally_mean:      1.4062	test_delta_deaths_mean:    0.9375	test_delta_enemy_mean:     4.8618
test_ep_length_mean:     200.0000	test_reward_mean:          0.0590	test_reward_std:           0.2285	w_to_use:                  0.7084

[INFO 14:23:12] my_main t_env: 70415 / 2005000
[INFO 14:23:12] my_main Estimated time left: 16 hours, 40 minutes, 54 seconds. Time passed: 37 minutes, 12 seconds
RequestQuit command received.
Closing Application...
DataHandler: unable to parse websocket frame.
CloseHandler: 127.0.0.1:45998 disconnected
[INFO 14:29:07] absl Shutdown gracefully.
[INFO 14:29:07] absl Shutdown with return code: -15
[INFO 14:29:07] absl Launching SC2: /share/project/ytz/StarCraftII/Versions/Base75689/SC2_x64 -listen 127.0.0.1 -port 41927 -dataDir /share/project/ytz/StarCraftII/ -tempDir /tmp/sc-s575db5h/
[INFO 14:29:07] absl Connecting to: ws://127.0.0.1:41927/sc2api, attempt: 0, running: True
Version: B75689 (SC2.4.10)
Build: Aug 12 2019 17:16:57
Command Line: '"/share/project/ytz/StarCraftII/Versions/Base75689/SC2_x64" -listen 127.0.0.1 -port 41927 -dataDir /share/project/ytz/StarCraftII/ -tempDir /tmp/sc-s575db5h/'
Starting up...
Startup Phase 1 complete
[INFO 14:29:08] absl Connecting to: ws://127.0.0.1:41927/sc2api, attempt: 1, running: True
Startup Phase 2 complete
Creating stub renderer...
[INFO 14:29:09] absl Connecting to: ws://127.0.0.1:41927/sc2api, attempt: 2, running: True
Listening on: 127.0.0.1:41927
Startup Phase 3 complete. Ready for commands.
[INFO 14:29:10] absl Connecting to: ws://127.0.0.1:41927/sc2api, attempt: 3, running: True
ConnectHandler: Request from 127.0.0.1:57530 accepted
ReadyHandler: 127.0.0.1:57530 ready
Requesting to join a single player game
Configuring interface options
Configure: raw interface enabled
Configure: feature layer interface disabled
Configure: score interface disabled
Configure: render interface disabled
Launching next game.
Next launch phase started: 2
Next launch phase started: 3
Next launch phase started: 4
Next launch phase started: 5
Next launch phase started: 6
Next launch phase started: 7
Next launch phase started: 8
Game has started.
Using default stable ids, none found at: /share/project/ytz/StarCraftII/stableid.json
Successfully loaded stable ids: GameData\stableid.json
Sending ResponseJoinGame
[INFO 14:29:25] my_main Updated target network
[INFO 14:29:37] my_main Recent Stats | t_env:      80229 | Episode:      403
alpha:                     0.9092	alpha_loss:              -10.2006	battle_won_mean:           0.0000	central_loss:              0.0001
comm_loss:                 0.0782	dead_allies_mean:          0.1000	dead_enemies_mean:         0.4400	delta_ally_mean:           3.0000
delta_deaths_mean:         3.9000	delta_enemy_mean:         20.7092	ep_length_mean:          200.0000	epsilon:                   0.3315
grad_norm:                 0.1011	loss:                      0.0788	mixer_norm:                0.0059	policy_loss:              -0.5067
q_taken_mean:              0.0088	qmix_loss:                 0.0004	reward_mean:               0.2901	reward_std:                0.5088
target_mean:               0.0080	td_error_abs:              0.0172	test_battle_won_mean:      0.0000	test_dead_allies_mean:     0.1562
test_dead_enemies_mean:    1.0312	test_delta_ally_mean:      6.7969	test_delta_deaths_mean:    9.5312	test_delta_enemy_mean:    40.2578
test_ep_length_mean:     200.0000	test_reward_mean:          0.5771	test_reward_std:           0.5961	w_to_use:                  0.6874

[INFO 14:29:43] my_main t_env: 80429 / 2005000
[INFO 14:29:43] my_main Estimated time left: 20 hours, 50 minutes, 23 seconds. Time passed: 43 minutes, 42 seconds
[INFO 14:34:52] my_main Recent Stats | t_env:      90229 | Episode:      453
alpha:                     0.9046	alpha_loss:              -10.1956	battle_won_mean:           0.0000	central_loss:              0.0003
comm_loss:                 0.0772	dead_allies_mean:          0.1765	dead_enemies_mean:         0.5490	delta_ally_mean:           5.1471
delta_deaths_mean:         4.6078	delta_enemy_mean:         23.6683	ep_length_mean:          196.3529	epsilon:                   0.2368
grad_norm:                 0.1088	loss:                      0.0781	mixer_norm:                0.0107	policy_loss:              -0.5797
q_taken_mean:              0.0082	qmix_loss:                 0.0006	reward_mean:               0.3105	reward_std:                0.5293
target_mean:               0.0076	td_error_abs:              0.0182	test_battle_won_mean:      0.0000	test_dead_allies_mean:     0.0000
test_dead_enemies_mean:    0.0000	test_delta_ally_mean:      0.0000	test_delta_deaths_mean:    0.0000	test_delta_enemy_mean:     0.0000
test_ep_length_mean:     200.0000	test_reward_mean:          0.0000	test_reward_std:           0.0000	w_to_use:                  0.7242

[INFO 14:34:56] my_main t_env: 90429 / 2005000
[INFO 14:34:56] my_main Estimated time left: 16 hours, 40 minutes, 57 seconds. Time passed: 48 minutes, 56 seconds
[INFO 14:40:15] my_main Recent Stats | t_env:     100229 | Episode:      503
alpha:                     0.9001	alpha_loss:              -10.1942	battle_won_mean:           0.0000	central_loss:              0.0001
comm_loss:                 0.0821	dead_allies_mean:          0.0600	dead_enemies_mean:         0.4400	delta_ally_mean:           2.3500
delta_deaths_mean:         4.1000	delta_enemy_mean:         16.5397	ep_length_mean:          200.0000	epsilon:                   0.1423
grad_norm:                 0.1294	loss:                      0.0827	mixer_norm:                0.0023	policy_loss:              -0.5663
q_taken_mean:              0.0093	qmix_loss:                 0.0005	reward_mean:               0.2455	reward_std:                0.4727
target_mean:               0.0086	td_error_abs:              0.0171	test_battle_won_mean:      0.0000	test_dead_allies_mean:     0.0312
test_dead_enemies_mean:    0.7500	test_delta_ally_mean:      1.3281	test_delta_deaths_mean:    7.3438	test_delta_enemy_mean:    30.8087
test_ep_length_mean:     200.0000	test_reward_mean:          0.4943	test_reward_std:           0.6366	w_to_use:                  0.6953

[INFO 14:40:19] my_main t_env: 100429 / 2005000
[INFO 14:40:19] my_main Estimated time left: 17 hours, 4 minutes, 36 seconds. Time passed: 54 minutes, 19 seconds
[INFO 14:45:43] my_main Recent Stats | t_env:     110229 | Episode:      553
alpha:                     0.8956	alpha_loss:              -10.1934	battle_won_mean:           0.0000	central_loss:              0.0001
comm_loss:                 0.0644	dead_allies_mean:          0.0800	dead_enemies_mean:         0.9200	delta_ally_mean:           3.1500
delta_deaths_mean:         8.8000	delta_enemy_mean:         38.2748	ep_length_mean:          200.0000	epsilon:                   0.0500
grad_norm:                 0.1342	loss:                      0.0650	mixer_norm:                0.0019	policy_loss:              -0.5912
q_taken_mean:              0.0095	qmix_loss:                 0.0004	reward_mean:               0.5896	reward_std:                0.6719
target_mean:               0.0088	td_error_abs:              0.0162	test_battle_won_mean:      0.0000	test_dead_allies_mean:     0.0938
test_dead_enemies_mean:    1.3125	test_delta_ally_mean:      4.1406	test_delta_deaths_mean:   12.6562	test_delta_enemy_mean:    50.5612
test_ep_length_mean:     200.0000	test_reward_mean:          0.7930	test_reward_std:           0.7019	w_to_use:                  0.7031

[INFO 14:45:46] my_main t_env: 110429 / 2005000
[INFO 14:45:46] my_main Estimated time left: 17 hours, 13 minutes, 25 seconds. Time passed: 59 minutes, 46 seconds
RequestQuit command received.
Closing Application...
DataHandler: unable to parse websocket frame.
CloseHandler: 127.0.0.1:57530 disconnected
[INFO 14:50:46] absl Shutdown gracefully.
[INFO 14:50:46] absl Shutdown with return code: -15
[INFO 14:50:46] absl Launching SC2: /share/project/ytz/StarCraftII/Versions/Base75689/SC2_x64 -listen 127.0.0.1 -port 41777 -dataDir /share/project/ytz/StarCraftII/ -tempDir /tmp/sc-d9jzb6t4/
[INFO 14:50:46] absl Connecting to: ws://127.0.0.1:41777/sc2api, attempt: 0, running: True
Version: B75689 (SC2.4.10)
Build: Aug 12 2019 17:16:57
Command Line: '"/share/project/ytz/StarCraftII/Versions/Base75689/SC2_x64" -listen 127.0.0.1 -port 41777 -dataDir /share/project/ytz/StarCraftII/ -tempDir /tmp/sc-d9jzb6t4/'
Starting up...
Startup Phase 1 complete
[INFO 14:50:47] absl Connecting to: ws://127.0.0.1:41777/sc2api, attempt: 1, running: True
Startup Phase 2 complete
Creating stub renderer...
Listening on: 127.0.0.1:41777
Startup Phase 3 complete. Ready for commands.
[INFO 14:50:48] absl Connecting to: ws://127.0.0.1:41777/sc2api, attempt: 2, running: True
ConnectHandler: Request from 127.0.0.1:56066 accepted
ReadyHandler: 127.0.0.1:56066 ready
Requesting to join a single player game
Configuring interface options
Configure: raw interface enabled
Configure: feature layer interface disabled
Configure: score interface disabled
Configure: render interface disabled
Launching next game.
Next launch phase started: 2
Next launch phase started: 3
Next launch phase started: 4
Next launch phase started: 5
Next launch phase started: 6
Next launch phase started: 7
Next launch phase started: 8
Game has started.
Using default stable ids, none found at: /share/project/ytz/StarCraftII/stableid.json
Successfully loaded stable ids: GameData\stableid.json
Sending ResponseJoinGame
[INFO 14:50:58] my_main Updated target network
[INFO 14:51:10] my_main Recent Stats | t_env:     120243 | Episode:      604
alpha:                     0.8911	alpha_loss:              -10.1909	battle_won_mean:           0.0000	central_loss:              0.0001
comm_loss:                 0.0642	dead_allies_mean:          0.0800	dead_enemies_mean:         1.2200	delta_ally_mean:           4.2500
delta_deaths_mean:        11.8000	delta_enemy_mean:         47.1252	ep_length_mean:          200.0000	epsilon:                   0.0500
grad_norm:                 0.0691	loss:                      0.0647	mixer_norm:                0.0039	policy_loss:              -0.6287
q_taken_mean:              0.0095	qmix_loss:                 0.0004	reward_mean:               0.7339	reward_std:                0.6922
target_mean:               0.0088	td_error_abs:              0.0155	test_battle_won_mean:      0.0000	test_dead_allies_mean:     0.0312
test_dead_enemies_mean:    1.3438	test_delta_ally_mean:      1.8750	test_delta_deaths_mean:   13.2812	test_delta_enemy_mean:    50.6663
test_ep_length_mean:     200.0000	test_reward_mean:          0.8332	test_reward_std:           0.6726	w_to_use:                  0.6876

[INFO 14:51:14] my_main t_env: 120443 / 2005000
[INFO 14:51:14] my_main Estimated time left: 17 hours, 7 minutes, 23 seconds. Time passed: 1 hours, 5 minutes, 14 seconds
[INFO 14:56:12] my_main Recent Stats | t_env:     130243 | Episode:      654
alpha:                     0.8866	alpha_loss:              -10.1913	battle_won_mean:           0.0000	central_loss:              0.0002
comm_loss:                 0.0601	dead_allies_mean:          0.0784	dead_enemies_mean:         1.2353	delta_ally_mean:           2.4020
delta_deaths_mean:        11.9608	delta_enemy_mean:         47.0926	ep_length_mean:          196.3529	epsilon:                   0.0500
grad_norm:                 0.1204	loss:                      0.0609	mixer_norm:                0.0282	policy_loss:              -0.7987
q_taken_mean:              0.0104	qmix_loss:                 0.0007	reward_mean:               0.7604	reward_std:                0.6427
target_mean:               0.0089	td_error_abs:              0.0194	test_battle_won_mean:      0.0000	test_dead_allies_mean:     0.0000
test_dead_enemies_mean:    1.1562	test_delta_ally_mean:      0.4688	test_delta_deaths_mean:   11.5625	test_delta_enemy_mean:    44.8494
test_ep_length_mean:     200.0000	test_reward_mean:          0.7509	test_reward_std:           0.6940	w_to_use:                  0.6564

[INFO 14:56:16] my_main t_env: 130443 / 2005000
[INFO 14:56:16] my_main Estimated time left: 15 hours, 43 minutes, 1 seconds. Time passed: 1 hours, 10 minutes, 15 seconds
[INFO 15:01:05] my_main Recent Stats | t_env:     140243 | Episode:      704
alpha:                     0.8822	alpha_loss:              -10.1910	battle_won_mean:           0.0000	central_loss:              0.0001
comm_loss:                 0.0562	dead_allies_mean:          0.0000	dead_enemies_mean:         0.9600	delta_ally_mean:           0.8000
delta_deaths_mean:         9.6000	delta_enemy_mean:         38.3430	ep_length_mean:          200.0000	epsilon:                   0.0500
grad_norm:                 0.0456	loss:                      0.0569	mixer_norm:                0.0229	policy_loss:              -0.7884
q_taken_mean:              0.0110	qmix_loss:                 0.0006	reward_mean:               0.6328	reward_std:                0.6913
target_mean:               0.0097	td_error_abs:              0.0192	test_battle_won_mean:      0.0000	test_dead_allies_mean:     0.0938
test_dead_enemies_mean:    1.7188	test_delta_ally_mean:      3.5156	test_delta_deaths_mean:   16.7188	test_delta_enemy_mean:    66.0643
test_ep_length_mean:     200.0000	test_reward_mean:          1.0640	test_reward_std:           0.6297	w_to_use:                  0.6461

[INFO 15:01:10] my_main t_env: 140443 / 2005000
[INFO 15:01:10] my_main Estimated time left: 15 hours, 13 minutes, 37 seconds. Time passed: 1 hours, 15 minutes, 9 seconds
[INFO 15:06:20] my_main Recent Stats | t_env:     150243 | Episode:      754
alpha:                     0.8778	alpha_loss:              -10.1902	battle_won_mean:           0.0000	central_loss:              0.0001
comm_loss:                 0.0628	dead_allies_mean:          0.0000	dead_enemies_mean:         1.0600	delta_ally_mean:           0.4000
delta_deaths_mean:        10.6000	delta_enemy_mean:         43.8465	ep_length_mean:          200.0000	epsilon:                   0.0500
grad_norm:                 0.1568	loss:                      0.0634	mixer_norm:                0.0141	policy_loss:              -0.7567
q_taken_mean:              0.0105	qmix_loss:                 0.0005	reward_mean:               0.7255	reward_std:                0.6668
target_mean:               0.0094	td_error_abs:              0.0168	test_battle_won_mean:      0.0000	test_dead_allies_mean:     0.0000
test_dead_enemies_mean:    1.8750	test_delta_ally_mean:      0.4688	test_delta_deaths_mean:   18.7500	test_delta_enemy_mean:    76.2259
test_ep_length_mean:     200.0000	test_reward_mean:          1.2686	test_reward_std:           0.4836	w_to_use:                  0.6517

[INFO 15:06:23] my_main t_env: 150443 / 2005000
[INFO 15:06:23] my_main Estimated time left: 16 hours, 8 minutes, 46 seconds. Time passed: 1 hours, 20 minutes, 23 seconds
