/root/miniconda3/envs/py310_sc2/lib/python3.10/site-packages/sacred/dependencies.py:11: UserWarning: pkg_resources is deprecated as an API. See https://setuptools.pypa.io/en/latest/pkg_resources.html. The pkg_resources package is slated for removal as early as 2025-11-30. Refrain from using this package or pin to Setuptools<81.
  import pkg_resources
[DEBUG 14:08:13] git.cmd Popen(['git', 'version'], cwd=/share/project/ytz/RLproject/StarCraft2_HLSMAC/RLalgs/CurriculumLearning, stdin=None, shell=False, universal_newlines=False)
[DEBUG 14:08:13] git.cmd Popen(['git', 'version'], cwd=/share/project/ytz/RLproject/StarCraft2_HLSMAC/RLalgs/CurriculumLearning, stdin=None, shell=False, universal_newlines=False)
[DEBUG 14:08:13] git.util sys.platform='linux', git_executable='git'
[DEBUG 14:08:13] git.cmd Popen(['git', 'diff', '--cached', '--abbrev=40', '--full-index', '--raw'], cwd=/share/project/ytz/RLproject/StarCraft2_HLSMAC, stdin=None, shell=False, universal_newlines=False)
[DEBUG 14:08:13] git.cmd Popen(['git', 'diff', '--abbrev=40', '--full-index', '--raw'], cwd=/share/project/ytz/RLproject/StarCraft2_HLSMAC, stdin=None, shell=False, universal_newlines=False)
[DEBUG 14:08:13] git.cmd Popen(['git', 'cat-file', '--batch-check'], cwd=/share/project/ytz/RLproject/StarCraft2_HLSMAC, stdin=<valid stream>, shell=False, universal_newlines=False)
[DEBUG 14:08:13] git.util sys.platform='linux', git_executable='git'
[DEBUG 14:08:13] git.cmd Popen(['git', 'diff', '--cached', '--abbrev=40', '--full-index', '--raw'], cwd=/share/project/ytz/RLproject/StarCraft2_HLSMAC, stdin=None, shell=False, universal_newlines=False)
[DEBUG 14:08:13] git.cmd Popen(['git', 'diff', '--abbrev=40', '--full-index', '--raw'], cwd=/share/project/ytz/RLproject/StarCraft2_HLSMAC, stdin=None, shell=False, universal_newlines=False)
[DEBUG 14:08:13] git.cmd Popen(['git', 'cat-file', '--batch-check'], cwd=/share/project/ytz/RLproject/StarCraft2_HLSMAC, stdin=<valid stream>, shell=False, universal_newlines=False)
[INFO 14:08:13] root Saving to FileStorageObserver in /share/project/ytz/RLproject/StarCraft2_HLSMAC/RLalgs/CurriculumLearning/results/sacred/wzsy/curriculum_qmix_env=4_adam_td_lambda.
[DEBUG 14:08:15] pymarl Using capture mode "fd"
[INFO 14:08:15] pymarl Running command 'my_main'
[INFO 14:08:15] pymarl Started run with ID "1"
[DEBUG 14:08:15] pymarl Starting Heartbeat
[DEBUG 14:08:15] my_main Started
[INFO 14:08:15] my_main Experiment Parameters:
[INFO 14:08:15] my_main 

{   'action_selector': 'epsilon_greedy',
    'agent': 'rnn',
    'agent_output_type': 'q',
    'alpha_init': -0.07,
    'alpha_lr': '3e-4',
    'batch_size': 128,
    'batch_size_run': 1,
    'buffer_cpu_only': True,
    'buffer_size': 5000,
    'c_beta': 1.0,
    'central_action_embed': 1,
    'central_agent': 'central_rnn',
    'central_loss': 1,
    'central_mac': 'basic_central_mac',
    'central_mixer': 'ff',
    'central_mixing_embed_dim': 256,
    'central_rnn_hidden_dim': 64,
    'checkpoint_path': '',
    'comm': True,
    'comm_beta': 0.001,
    'comm_beta_end_decay': 50000000,
    'comm_beta_start_decay': 20000000,
    'comm_beta_target': '1e-2',
    'comm_embed_dim': 3,
    'comm_entropy_beta': '1e-6',
    'comm_entropy_beta_end_decay': 50000000,
    'comm_entropy_beta_start_decay': 20000000,
    'comm_entropy_beta_target': '1e-4',
    'comm_method': 'information_bottleneck_full',
    'critic_agent': 'rnn_agent_n',
    'critic_lr': 0.0005,
    'critic_mac': 'cate_broadcast_comm_mac_full',
    'curriculum_enabled': True,
    'curriculum_end_step': 1000000,
    'curriculum_max_difficulty': 1.0,
    'curriculum_min_difficulty': 0.0,
    'curriculum_schedule': 'linear',
    'curriculum_start_step': 0,
    'cut_mu_rank_thres': 80.0,
    'cut_mu_thres': 1.0,
    'double_q': True,
    'env': 'sc2_tactics',
    'env_args': {   'continuing_episode': False,
                    'debug': False,
                    'difficulty': '7',
                    'game_version': None,
                    'heuristic_ai': False,
                    'heuristic_rest': False,
                    'map_name': 'wzsy',
                    'move_amount': 2,
                    'obs_all_health': True,
                    'obs_instead_of_state': False,
                    'obs_last_action': False,
                    'obs_own_health': True,
                    'obs_pathing_grid': True,
                    'obs_terrain_height': True,
                    'obs_timestep_number': False,
                    'replay_dir': '',
                    'replay_prefix': '',
                    'reward_death_value': 10,
                    'reward_defeat': 0,
                    'reward_negative_scale': 0.5,
                    'reward_only_positive': False,
                    'reward_scale': True,
                    'reward_scale_rate': 20,
                    'reward_sparse': False,
                    'reward_win': 200,
                    'seed': 42,
                    'state_last_action': True,
                    'state_timestep_number': False,
                    'step_mul': 8},
    'epsilon_anneal_time': 100000,
    'epsilon_finish': 0.05,
    'epsilon_start': 0.995,
    'evaluate': False,
    'gamma': 0.99,
    'gate_loss_beta': 1e-05,
    'grad_norm_clip': 10,
    'hypernet_embed': 128,
    'hypernet_layers': 2,
    'hysteretic_qmix': True,
    'is_comm_beta_decay': False,
    'is_comm_entropy_beta_decay': False,
    'is_cur_mu': False,
    'is_print': False,
    'is_rank_cut_mu': False,
    'label': 'default_label',
    'learner': 'curriculum_learner',
    'learner_log_interval': 10000,
    'load_step': 0,
    'local_results_path': 'results',
    'log_interval': 10000,
    'lr': 0.001,
    'mac': 'basic_mac_logits',
    'mixer': 'qmix',
    'mixing_embed_dim': 64,
    'name': 'curriculum_qmix_env=4_adam_td_lambda',
    'obs_agent_id': True,
    'obs_last_action': True,
    'only_downstream': False,
    'optim_alpha': 0.99,
    'optim_eps': 1e-05,
    'p': 0.5,
    'qmix_loss': 1,
    'repeat_id': 1,
    'rnn_hidden_dim': 64,
    'run': 'default',
    'runner': 'episode',
    'runner_log_interval': 10000,
    'save_model': True,
    'save_model_interval': 500000,
    'save_replay': False,
    'seed': 42,
    't_max': 2005000,
    'target_update_interval': 200,
    'td_lambda': 0.6,
    'test_greedy': True,
    'test_interval': 10000,
    'test_nepisode': 32,
    'use_IB': True,
    'use_cuda': True,
    'use_tensorboard': True,
    'w': 0.5}

----------------------
You create a WZSY env!
----------------------
302
Mixer Size: 
594.691K
namespace(runner='episode', mac='basic_mac_logits', env='sc2_tactics', env_args={'continuing_episode': False, 'difficulty': '7', 'game_version': None, 'map_name': 'wzsy', 'move_amount': 2, 'obs_all_health': True, 'obs_instead_of_state': False, 'obs_last_action': False, 'obs_own_health': True, 'obs_pathing_grid': True, 'obs_terrain_height': True, 'obs_timestep_number': False, 'reward_death_value': 10, 'reward_defeat': 0, 'reward_negative_scale': 0.5, 'reward_only_positive': False, 'reward_scale': True, 'reward_scale_rate': 20, 'reward_sparse': False, 'reward_win': 200, 'replay_dir': '', 'replay_prefix': '', 'state_last_action': True, 'state_timestep_number': False, 'step_mul': 8, 'seed': 42, 'heuristic_ai': False, 'heuristic_rest': False, 'debug': False}, batch_size_run=1, test_nepisode=32, test_interval=10000, test_greedy=True, log_interval=10000, runner_log_interval=10000, learner_log_interval=10000, t_max=2005000, use_cuda=True, buffer_cpu_only=True, use_tensorboard=True, save_model=True, save_model_interval=500000, checkpoint_path='', evaluate=False, load_step=0, save_replay=False, local_results_path='results', gamma=0.99, batch_size=128, buffer_size=5000, lr=0.001, critic_lr=0.0005, optim_alpha=0.99, optim_eps=1e-05, grad_norm_clip=10, agent='rnn', rnn_hidden_dim=64, obs_agent_id=True, obs_last_action=True, repeat_id=1, label='default_label', run='default', action_selector='epsilon_greedy', epsilon_start=0.995, epsilon_finish=0.05, epsilon_anneal_time=100000, critic_mac='cate_broadcast_comm_mac_full', critic_agent='rnn_agent_n', comm=True, comm_embed_dim=3, comm_method='information_bottleneck_full', c_beta=1.0, comm_beta=0.001, comm_entropy_beta='1e-6', gate_loss_beta=1e-05, only_downstream=False, use_IB=True, is_print=False, is_comm_beta_decay=False, comm_beta_start_decay=20000000, comm_beta_target='1e-2', comm_beta_end_decay=50000000, is_comm_entropy_beta_decay=False, comm_entropy_beta_start_decay=20000000, comm_entropy_beta_target='1e-4', comm_entropy_beta_end_decay=50000000, is_cur_mu=False, is_rank_cut_mu=False, cut_mu_thres=1.0, cut_mu_rank_thres=80.0, target_update_interval=200, agent_output_type='q', learner='curriculum_learner', double_q=True, mixer='qmix', mixing_embed_dim=64, hypernet_layers=2, hypernet_embed=128, curriculum_enabled=True, curriculum_schedule='linear', curriculum_start_step=0, curriculum_end_step=1000000, curriculum_min_difficulty=0.0, curriculum_max_difficulty=1.0, central_loss=1, qmix_loss=1, w=0.5, hysteretic_qmix=True, central_mixing_embed_dim=256, central_action_embed=1, central_mac='basic_central_mac', central_agent='central_rnn', central_rnn_hidden_dim=64, central_mixer='ff', td_lambda=0.6, alpha_lr='3e-4', alpha_init=-0.07, p=0.5, name='curriculum_qmix_env=4_adam_td_lambda', seed=42, device='cuda', unique_token='curriculum_qmix_env=4_adam_td_lambda__2025-11-19_14-08-15', n_agents=12, n_actions=17, state_shape=392, accumulated_episodes=None)
[INFO 14:08:18] my_main Beginning training for 2005000 timesteps
[INFO 14:08:18] absl Launching SC2: /share/project/ytz/StarCraftII/Versions/Base75689/SC2_x64 -listen 127.0.0.1 -port 36533 -dataDir /share/project/ytz/StarCraftII/ -tempDir /tmp/sc-wbprb61m/
[INFO 14:08:18] absl Connecting to: ws://127.0.0.1:36533/sc2api, attempt: 0, running: True
Version: B75689 (SC2.4.10)
Build: Aug 12 2019 17:16:57
Command Line: '"/share/project/ytz/StarCraftII/Versions/Base75689/SC2_x64" -listen 127.0.0.1 -port 36533 -dataDir /share/project/ytz/StarCraftII/ -tempDir /tmp/sc-wbprb61m/'
Starting up...
Startup Phase 1 complete
[INFO 14:08:19] absl Connecting to: ws://127.0.0.1:36533/sc2api, attempt: 1, running: True
Startup Phase 2 complete
Creating stub renderer...
Listening on: 127.0.0.1:36533
Startup Phase 3 complete. Ready for commands.
[INFO 14:08:20] absl Connecting to: ws://127.0.0.1:36533/sc2api, attempt: 2, running: True
ConnectHandler: Request from 127.0.0.1:58420 accepted
ReadyHandler: 127.0.0.1:58420 ready
Requesting to join a single player game
Configuring interface options
Configure: raw interface enabled
Configure: feature layer interface disabled
Configure: score interface disabled
Configure: render interface disabled
Launching next game.
Next launch phase started: 2
Next launch phase started: 3
Next launch phase started: 4
Next launch phase started: 5
Next launch phase started: 6
Next launch phase started: 7
Next launch phase started: 8
Game has started.
Using default stable ids, none found at: /share/project/ytz/StarCraftII/stableid.json
Successfully loaded stable ids: GameData\stableid.json
Sending ResponseJoinGame
{'stalker': 74, 'sentry': 77}
/share/project/ytz/RLproject/StarCraft2_HLSMAC/RLalgs/CurriculumLearning/src/components/episode_buffer.py:103: UserWarning: Creating a tensor from a list of numpy.ndarrays is extremely slow. Please consider converting the list to a single numpy.ndarray with numpy.array() before converting to a tensor. (Triggered internally at ../torch/csrc/utils/tensor_new.cpp:261.)
  v = th.tensor(v, dtype=dtype, device=self.device)
/share/project/ytz/RLproject/StarCraft2_HLSMAC/RLalgs/CurriculumLearning/src/components/episode_buffer.py:103: UserWarning: To copy construct from a tensor, it is recommended to use sourceTensor.clone().detach() or sourceTensor.clone().detach().requires_grad_(True), rather than torch.tensor(sourceTensor).
  v = th.tensor(v, dtype=dtype, device=self.device)
[INFO 14:08:29] my_main t_env: 198 / 2005000
[INFO 14:08:29] my_main Estimated time left: 35 minutes, 2 seconds. Time passed: 10 seconds
[INFO 14:10:43] my_main Saving models to results/models/curriculum_qmix_env=4_adam_td_lambda__2025-11-19_14-08-15/198
[INFO 14:14:35] my_main Recent Stats | t_env:      10189 | Episode:       54
battle_won_mean:           0.0000	dead_allies_mean:         12.0000	dead_enemies_mean:         0.0000	delta_ally_mean:         320.0000
delta_deaths_mean:       -30.0000	delta_enemy_mean:         89.3750	ep_length_mean:          198.0000	epsilon:                   0.9950
reward_mean:              -1.1983	reward_std:                0.0000	test_battle_won_mean:      0.0000	test_dead_allies_mean:    12.0000
test_dead_enemies_mean:    0.6875	test_delta_ally_mean:    320.0000	test_delta_deaths_mean:  -23.1250	test_delta_enemy_mean:   219.0312
test_ep_length_mean:     193.4062	test_reward_mean:         -0.5705	test_reward_std:           0.1677	
[INFO 14:14:40] my_main t_env: 10387 / 2005000
[INFO 14:14:40] my_main Estimated time left: 20 hours, 11 minutes, 17 seconds. Time passed: 6 minutes, 21 seconds
[INFO 14:21:37] my_main Recent Stats | t_env:      20246 | Episode:      107
battle_won_mean:           0.0000	dead_allies_mean:         12.0000	dead_enemies_mean:         0.0000	delta_ally_mean:         320.0000
delta_deaths_mean:       -30.0000	delta_enemy_mean:        142.0579	ep_length_mean:          188.6852	epsilon:                   0.8987
reward_mean:              -0.9561	reward_std:                0.1394	test_battle_won_mean:      0.0000	test_dead_allies_mean:    12.0000
test_dead_enemies_mean:    0.6250	test_delta_ally_mean:    320.0000	test_delta_deaths_mean:  -23.7500	test_delta_enemy_mean:   215.5000
test_ep_length_mean:     193.8125	test_reward_mean:         -0.5897	test_reward_std:           0.1886	
[INFO 14:21:43] my_main t_env: 20436 / 2005000
[INFO 14:21:43] my_main Estimated time left: 23 hours, 12 minutes, 30 seconds. Time passed: 13 minutes, 25 seconds
[INFO 14:30:36] my_main Recent Stats | t_env:      30300 | Episode:      161
alpha:                     0.9323	alpha_loss:              -15.3227	battle_won_mean:           0.0000	central_loss:              0.0014
comm_loss:                 0.3561	curriculum/difficulty:     0.0299	curriculum/progress:       0.0299	dead_allies_mean:         12.0000
dead_enemies_mean:         0.0000	delta_ally_mean:         320.0000	delta_deaths_mean:       -30.0000	delta_enemy_mean:        159.8349
ep_length_mean:          189.6038	epsilon:                   0.8037	grad_norm:                 4.0135	loss:                      0.4733
mixer_norm:                3.3182	policy_loss:              -0.9504	q_taken_mean:              0.0162	qmix_loss:                 0.1158
reward_mean:              -0.8743	reward_std:                0.1182	target_mean:              -0.0198	td_error_abs:              0.4337
test_battle_won_mean:      0.0000	test_dead_allies_mean:    12.0000	test_dead_enemies_mean:    0.5312	test_delta_ally_mean:    320.0000
test_delta_deaths_mean:  -24.6875	test_delta_enemy_mean:   214.1875	test_ep_length_mean:     194.0938	test_reward_mean:         -0.6000
test_reward_std:           0.1845	w_to_use:                  0.5309	
[INFO 14:30:41] my_main t_env: 30482 / 2005000
[INFO 14:30:41] my_main Estimated time left: 1 days, 5 hours, 23 minutes, 2 seconds. Time passed: 22 minutes, 23 seconds
[INFO 14:35:20] my_main Updated target network
[INFO 14:36:40] my_main Recent Stats | t_env:      40417 | Episode:      215
alpha:                     0.9273	alpha_loss:              -15.3242	battle_won_mean:           0.0000	central_loss:              0.0007
comm_loss:                 0.2187	curriculum/difficulty:     0.0400	curriculum/progress:       0.0400	dead_allies_mean:         12.0000
dead_enemies_mean:         0.0000	delta_ally_mean:         320.0000	delta_deaths_mean:       -30.0000	delta_enemy_mean:        163.0856
ep_length_mean:          186.0370	epsilon:                   0.7087	grad_norm:                 0.1709	loss:                      0.2206
mixer_norm:                0.0337	policy_loss:              -0.9934	q_taken_mean:             -0.0186	qmix_loss:                 0.0012
reward_mean:              -0.8594	reward_std:                0.1363	target_mean:              -0.0199	td_error_abs:              0.0321
test_battle_won_mean:      0.0000	test_dead_allies_mean:     8.5000	test_dead_enemies_mean:    0.5625	test_delta_ally_mean:    320.0000
test_delta_deaths_mean:  -24.3750	test_delta_enemy_mean:   219.2266	test_ep_length_mean:     117.5625	test_reward_mean:         -0.5754
test_reward_std:           0.2733	w_to_use:                  0.6880	
[INFO 14:36:45] my_main t_env: 40591 / 2005000
[INFO 14:36:45] my_main Estimated time left: 19 hours, 38 minutes, 48 seconds. Time passed: 28 minutes, 27 seconds
RequestQuit command received.
Closing Application...
DataHandler: unable to parse websocket frame.
CloseHandler: 127.0.0.1:58420 disconnected
ResponseThread: No connection, dropping the response.
[INFO 14:37:24] absl Shutdown gracefully.
[INFO 14:37:24] absl Shutdown with return code: -15
[INFO 14:37:24] absl Launching SC2: /share/project/ytz/StarCraftII/Versions/Base75689/SC2_x64 -listen 127.0.0.1 -port 44911 -dataDir /share/project/ytz/StarCraftII/ -tempDir /tmp/sc-00_mlzp2/
[INFO 14:37:24] absl Connecting to: ws://127.0.0.1:44911/sc2api, attempt: 0, running: True
Version: B75689 (SC2.4.10)
Build: Aug 12 2019 17:16:57
Command Line: '"/share/project/ytz/StarCraftII/Versions/Base75689/SC2_x64" -listen 127.0.0.1 -port 44911 -dataDir /share/project/ytz/StarCraftII/ -tempDir /tmp/sc-00_mlzp2/'
Starting up...
Startup Phase 1 complete
[INFO 14:37:25] absl Connecting to: ws://127.0.0.1:44911/sc2api, attempt: 1, running: True
Startup Phase 2 complete
Creating stub renderer...
[INFO 14:37:26] absl Connecting to: ws://127.0.0.1:44911/sc2api, attempt: 2, running: True
Listening on: 127.0.0.1:44911
Startup Phase 3 complete. Ready for commands.
[INFO 14:37:27] absl Connecting to: ws://127.0.0.1:44911/sc2api, attempt: 3, running: True
ConnectHandler: Request from 127.0.0.1:51974 accepted
ReadyHandler: 127.0.0.1:51974 ready
Requesting to join a single player game
Configuring interface options
Configure: raw interface enabled
Configure: feature layer interface disabled
Configure: score interface disabled
Configure: render interface disabled
Launching next game.
Next launch phase started: 2
Next launch phase started: 3
Next launch phase started: 4
Next launch phase started: 5
Next launch phase started: 6
Next launch phase started: 7
Next launch phase started: 8
Game has started.
Using default stable ids, none found at: /share/project/ytz/StarCraftII/stableid.json
Successfully loaded stable ids: GameData\stableid.json
Sending ResponseJoinGame
[INFO 14:44:54] my_main Recent Stats | t_env:      50480 | Episode:      269
alpha:                     0.9223	alpha_loss:              -15.3188	battle_won_mean:           0.0000	central_loss:              0.0004
comm_loss:                 0.1418	curriculum/difficulty:     0.0501	curriculum/progress:       0.0501	dead_allies_mean:         12.0000
dead_enemies_mean:         0.0000	delta_ally_mean:         320.0000	delta_deaths_mean:       -30.0000	delta_enemy_mean:        160.4213
ep_length_mean:          187.2037	epsilon:                   0.6131	grad_norm:                 0.0663	loss:                      0.1429
mixer_norm:                0.0076	policy_loss:              -0.7890	q_taken_mean:             -0.0191	qmix_loss:                 0.0007
reward_mean:              -0.8716	reward_std:                0.2062	target_mean:              -0.0196	td_error_abs:              0.0228
test_battle_won_mean:      0.0000	test_dead_allies_mean:    11.6250	test_dead_enemies_mean:    0.1875	test_delta_ally_mean:    310.0000
test_delta_deaths_mean:  -27.1875	test_delta_enemy_mean:   179.3906	test_ep_length_mean:     186.0625	test_reward_mean:         -0.7255
test_reward_std:           0.4658	w_to_use:                  0.7608	
[INFO 14:44:59] my_main t_env: 50665 / 2005000
[INFO 14:44:59] my_main Estimated time left: 1 days, 2 hours, 37 minutes, 47 seconds. Time passed: 36 minutes, 41 seconds
[INFO 14:51:35] my_main Recent Stats | t_env:      60494 | Episode:      322
alpha:                     0.9173	alpha_loss:              -15.3171	battle_won_mean:           0.0000	central_loss:              0.0003
comm_loss:                 0.1068	curriculum/difficulty:     0.0601	curriculum/progress:       0.0601	dead_allies_mean:         12.0000
dead_enemies_mean:         0.0000	delta_ally_mean:         320.0000	delta_deaths_mean:       -30.0000	delta_enemy_mean:        179.9421
ep_length_mean:          186.5556	epsilon:                   0.5180	grad_norm:                 0.0834	loss:                      0.1076
mixer_norm:                0.0049	policy_loss:              -0.6222	q_taken_mean:             -0.0190	qmix_loss:                 0.0006
reward_mean:              -0.7819	reward_std:                0.2837	target_mean:              -0.0197	td_error_abs:              0.0204
test_battle_won_mean:      0.0000	test_dead_allies_mean:    12.0000	test_dead_enemies_mean:    0.2188	test_delta_ally_mean:    320.0000
test_delta_deaths_mean:  -27.8125	test_delta_enemy_mean:   210.0117	test_ep_length_mean:     195.7812	test_reward_mean:         -0.6336
test_reward_std:           0.2998	w_to_use:                  0.7114	
[INFO 14:51:42] my_main t_env: 60682 / 2005000
[INFO 14:51:42] my_main Estimated time left: 21 hours, 40 minutes, 58 seconds. Time passed: 43 minutes, 23 seconds
[INFO 14:58:29] my_main Recent Stats | t_env:      70625 | Episode:      376
alpha:                     0.9125	alpha_loss:              -15.3128	battle_won_mean:           0.0000	central_loss:              0.0002
comm_loss:                 0.1020	curriculum/difficulty:     0.0703	curriculum/progress:       0.0703	dead_allies_mean:         12.0000
dead_enemies_mean:         0.0000	delta_ally_mean:         320.0000	delta_deaths_mean:       -30.0000	delta_enemy_mean:        200.5212
ep_length_mean:          189.0000	epsilon:                   0.4233	grad_norm:                 0.1076	loss:                      0.1028
mixer_norm:                0.0053	policy_loss:              -0.5833	q_taken_mean:             -0.0194	qmix_loss:                 0.0005
reward_mean:              -0.6873	reward_std:                0.2205	target_mean:              -0.0198	td_error_abs:              0.0185
test_battle_won_mean:      0.0000	test_dead_allies_mean:    12.0000	test_dead_enemies_mean:    0.1250	test_delta_ally_mean:    320.0000
test_delta_deaths_mean:  -28.7500	test_delta_enemy_mean:   236.6797	test_ep_length_mean:     188.3750	test_reward_mean:         -0.5153
test_reward_std:           0.3824	w_to_use:                  0.7628	
[INFO 14:58:33] my_main t_env: 70815 / 2005000
[INFO 14:58:33] my_main Estimated time left: 21 hours, 49 minutes, 29 seconds. Time passed: 50 minutes, 15 seconds
[INFO 15:02:40] my_main Updated target network
[INFO 15:05:41] my_main t_env: 80901 / 2005000
[INFO 15:05:41] my_main Estimated time left: 22 hours, 39 minutes, 11 seconds. Time passed: 57 minutes, 22 seconds
RequestQuit command received.
Closing Application...
DataHandler: unable to parse websocket frame.
CloseHandler: 127.0.0.1:51974 disconnected
[INFO 15:06:25] absl Shutdown gracefully.
[INFO 15:06:25] absl Shutdown with return code: -15
[INFO 15:06:25] absl Launching SC2: /share/project/ytz/StarCraftII/Versions/Base75689/SC2_x64 -listen 127.0.0.1 -port 43431 -dataDir /share/project/ytz/StarCraftII/ -tempDir /tmp/sc-am066qre/
[INFO 15:06:25] absl Connecting to: ws://127.0.0.1:43431/sc2api, attempt: 0, running: True
Version: B75689 (SC2.4.10)
Build: Aug 12 2019 17:16:57
Command Line: '"/share/project/ytz/StarCraftII/Versions/Base75689/SC2_x64" -listen 127.0.0.1 -port 43431 -dataDir /share/project/ytz/StarCraftII/ -tempDir /tmp/sc-am066qre/'
Starting up...
Startup Phase 1 complete
[INFO 15:06:26] absl Connecting to: ws://127.0.0.1:43431/sc2api, attempt: 1, running: True
Startup Phase 2 complete
Creating stub renderer...
Listening on: 127.0.0.1:43431
Startup Phase 3 complete. Ready for commands.
[INFO 15:06:27] absl Connecting to: ws://127.0.0.1:43431/sc2api, attempt: 2, running: True
ConnectHandler: Request from 127.0.0.1:45032 accepted
ReadyHandler: 127.0.0.1:45032 ready
Requesting to join a single player game
Configuring interface options
Configure: raw interface enabled
Configure: feature layer interface disabled
Configure: score interface disabled
Configure: render interface disabled
Launching next game.
Next launch phase started: 2
Next launch phase started: 3
Next launch phase started: 4
Next launch phase started: 5
Next launch phase started: 6
Next launch phase started: 7
Next launch phase started: 8
Game has started.
Using default stable ids, none found at: /share/project/ytz/StarCraftII/stableid.json
Successfully loaded stable ids: GameData\stableid.json
Sending ResponseJoinGame
[INFO 15:07:40] my_main Recent Stats | t_env:      80901 | Episode:      428
alpha:                     0.9077	alpha_loss:              -15.3075	battle_won_mean:           0.0283	central_loss:              0.0002
comm_loss:                 0.0955	curriculum/difficulty:     0.0804	curriculum/progress:       0.0804	dead_allies_mean:         11.8584
dead_enemies_mean:         0.0572	delta_ally_mean:         313.8039	delta_deaths_mean:       -28.7200	delta_enemy_mean:        241.1739
ep_length_mean:          192.7064	epsilon:                   0.2333	grad_norm:                 0.1543	loss:                      0.0962
mixer_norm:                0.0062	policy_loss:              -0.5753	q_taken_mean:             -0.0191	qmix_loss:                 0.0005
reward_mean:              -0.4399	reward_std:                0.6583	target_mean:              -0.0197	td_error_abs:              0.0182
test_battle_won_mean:      0.0000	test_dead_allies_mean:    11.5938	test_dead_enemies_mean:    0.4219	test_delta_ally_mean:    306.8750
test_delta_deaths_mean:  -24.5312	test_delta_enemy_mean:   244.5332	test_ep_length_mean:     229.0781	test_reward_mean:         -0.3994
test_reward_std:           0.4692	w_to_use:                  0.7414	
