/root/miniconda3/envs/py310_sc2/lib/python3.10/site-packages/sacred/dependencies.py:11: UserWarning: pkg_resources is deprecated as an API. See https://setuptools.pypa.io/en/latest/pkg_resources.html. The pkg_resources package is slated for removal as early as 2025-11-30. Refrain from using this package or pin to Setuptools<81.
  import pkg_resources
[DEBUG 17:41:46] git.cmd Popen(['git', 'version'], cwd=/share/project/ytz/RLproject/StarCraft2_HLSMAC/RLalgs/TransformerMixer, stdin=None, shell=False, universal_newlines=False)
[DEBUG 17:41:46] git.cmd Popen(['git', 'version'], cwd=/share/project/ytz/RLproject/StarCraft2_HLSMAC/RLalgs/TransformerMixer, stdin=None, shell=False, universal_newlines=False)
[DEBUG 17:41:46] git.util sys.platform='linux', git_executable='git'
[DEBUG 17:41:46] git.cmd Popen(['git', 'diff', '--cached', '--abbrev=40', '--full-index', '--raw'], cwd=/share/project/ytz/RLproject/StarCraft2_HLSMAC, stdin=None, shell=False, universal_newlines=False)
[DEBUG 17:41:46] git.cmd Popen(['git', 'diff', '--abbrev=40', '--full-index', '--raw'], cwd=/share/project/ytz/RLproject/StarCraft2_HLSMAC, stdin=None, shell=False, universal_newlines=False)
[DEBUG 17:41:46] git.cmd Popen(['git', 'cat-file', '--batch-check'], cwd=/share/project/ytz/RLproject/StarCraft2_HLSMAC, stdin=<valid stream>, shell=False, universal_newlines=False)
[DEBUG 17:41:46] git.util sys.platform='linux', git_executable='git'
[DEBUG 17:41:46] git.cmd Popen(['git', 'diff', '--cached', '--abbrev=40', '--full-index', '--raw'], cwd=/share/project/ytz/RLproject/StarCraft2_HLSMAC, stdin=None, shell=False, universal_newlines=False)
[DEBUG 17:41:46] git.cmd Popen(['git', 'diff', '--abbrev=40', '--full-index', '--raw'], cwd=/share/project/ytz/RLproject/StarCraft2_HLSMAC, stdin=None, shell=False, universal_newlines=False)
[DEBUG 17:41:47] git.cmd Popen(['git', 'cat-file', '--batch-check'], cwd=/share/project/ytz/RLproject/StarCraft2_HLSMAC, stdin=<valid stream>, shell=False, universal_newlines=False)
[INFO 17:41:47] root Saving to FileStorageObserver in /share/project/ytz/RLproject/StarCraft2_HLSMAC/RLalgs/TransformerMixer/results/sacred/jctq/transformer_qmix_env=4_adam_td_lambda.
[DEBUG 17:41:49] pymarl Using capture mode "fd"
[INFO 17:41:49] pymarl Running command 'my_main'
[INFO 17:41:49] pymarl Started run with ID "14"
[DEBUG 17:41:49] pymarl Starting Heartbeat
[DEBUG 17:41:49] my_main Started
[INFO 17:41:49] my_main Experiment Parameters:
[INFO 17:41:49] my_main 

{   'action_selector': 'epsilon_greedy',
    'agent': 'rnn',
    'agent_output_type': 'q',
    'alpha_init': -0.07,
    'alpha_lr': '3e-4',
    'batch_size': 128,
    'batch_size_run': 1,
    'buffer_cpu_only': True,
    'buffer_size': 5000,
    'c_beta': 1.0,
    'central_action_embed': 1,
    'central_agent': 'central_rnn',
    'central_loss': 1,
    'central_mac': 'basic_central_mac',
    'central_mixer': 'ff',
    'central_mixing_embed_dim': 256,
    'central_rnn_hidden_dim': 64,
    'checkpoint_path': '',
    'comm': True,
    'comm_beta': 0.001,
    'comm_beta_end_decay': 50000000,
    'comm_beta_start_decay': 20000000,
    'comm_beta_target': '1e-2',
    'comm_embed_dim': 3,
    'comm_entropy_beta': '1e-6',
    'comm_entropy_beta_end_decay': 50000000,
    'comm_entropy_beta_start_decay': 20000000,
    'comm_entropy_beta_target': '1e-4',
    'comm_method': 'information_bottleneck_full',
    'critic_agent': 'rnn_agent_n',
    'critic_lr': 0.0005,
    'critic_mac': 'cate_broadcast_comm_mac_full',
    'cut_mu_rank_thres': 80.0,
    'cut_mu_thres': 1.0,
    'double_q': True,
    'env': 'sc2_tactics',
    'env_args': {   'continuing_episode': False,
                    'debug': False,
                    'difficulty': '7',
                    'game_version': None,
                    'heuristic_ai': False,
                    'heuristic_rest': False,
                    'map_name': 'jctq',
                    'move_amount': 2,
                    'obs_all_health': True,
                    'obs_instead_of_state': False,
                    'obs_last_action': False,
                    'obs_own_health': True,
                    'obs_pathing_grid': True,
                    'obs_terrain_height': True,
                    'obs_timestep_number': False,
                    'replay_dir': '',
                    'replay_prefix': '',
                    'reward_death_value': 10,
                    'reward_defeat': 0,
                    'reward_negative_scale': 0.5,
                    'reward_only_positive': False,
                    'reward_scale': True,
                    'reward_scale_rate': 20,
                    'reward_sparse': False,
                    'reward_win': 200,
                    'seed': 1,
                    'state_last_action': True,
                    'state_timestep_number': False,
                    'step_mul': 8},
    'epsilon_anneal_time': 100000,
    'epsilon_finish': 0.05,
    'epsilon_start': 0.995,
    'evaluate': False,
    'gamma': 0.99,
    'gate_loss_beta': 1e-05,
    'grad_norm_clip': 10,
    'hysteretic_qmix': True,
    'is_comm_beta_decay': False,
    'is_comm_entropy_beta_decay': False,
    'is_cur_mu': False,
    'is_print': False,
    'is_rank_cut_mu': False,
    'label': 'default_label',
    'learner': 'max_q_learner',
    'learner_log_interval': 10000,
    'load_step': 0,
    'local_results_path': 'results',
    'log_interval': 10000,
    'lr': 0.001,
    'mac': 'basic_mac_logits',
    'mixer': 'transformer_qmix',
    'mixing_embed_dim': 32,
    'name': 'transformer_qmix_env=4_adam_td_lambda',
    'obs_agent_id': True,
    'obs_last_action': True,
    'only_downstream': False,
    'optim_alpha': 0.99,
    'optim_eps': 1e-05,
    'p': 0.5,
    'qmix_loss': 1,
    'repeat_id': 1,
    'rnn_hidden_dim': 64,
    'run': 'default',
    'runner': 'episode',
    'runner_log_interval': 10000,
    'save_model': True,
    'save_model_interval': 500000,
    'save_replay': False,
    'seed': 1,
    't_max': 2005000,
    'target_update_interval': 200,
    'td_lambda': 0.6,
    'test_greedy': True,
    'test_interval': 10000,
    'test_nepisode': 32,
    'transformer_dropout': 0.1,
    'transformer_ff_dim': 128,
    'transformer_heads': 2,
    'transformer_layers': 1,
    'use_IB': True,
    'use_cuda': True,
    'use_tensorboard': True,
    'w': 0.5}

----------------------
You create a JCTQ env!
----------------------
162
Mixer Size: 
235.044K
namespace(runner='episode', mac='basic_mac_logits', env='sc2_tactics', env_args={'continuing_episode': False, 'difficulty': '7', 'game_version': None, 'map_name': 'jctq', 'move_amount': 2, 'obs_all_health': True, 'obs_instead_of_state': False, 'obs_last_action': False, 'obs_own_health': True, 'obs_pathing_grid': True, 'obs_terrain_height': True, 'obs_timestep_number': False, 'reward_death_value': 10, 'reward_defeat': 0, 'reward_negative_scale': 0.5, 'reward_only_positive': False, 'reward_scale': True, 'reward_scale_rate': 20, 'reward_sparse': False, 'reward_win': 200, 'replay_dir': '', 'replay_prefix': '', 'state_last_action': True, 'state_timestep_number': False, 'step_mul': 8, 'seed': 1, 'heuristic_ai': False, 'heuristic_rest': False, 'debug': False}, batch_size_run=1, test_nepisode=32, test_interval=10000, test_greedy=True, log_interval=10000, runner_log_interval=10000, learner_log_interval=10000, t_max=2005000, use_cuda=True, buffer_cpu_only=True, use_tensorboard=True, save_model=True, save_model_interval=500000, checkpoint_path='', evaluate=False, load_step=0, save_replay=False, local_results_path='results', gamma=0.99, batch_size=128, buffer_size=5000, lr=0.001, critic_lr=0.0005, optim_alpha=0.99, optim_eps=1e-05, grad_norm_clip=10, agent='rnn', rnn_hidden_dim=64, obs_agent_id=True, obs_last_action=True, repeat_id=1, label='default_label', run='default', action_selector='epsilon_greedy', epsilon_start=0.995, epsilon_finish=0.05, epsilon_anneal_time=100000, critic_mac='cate_broadcast_comm_mac_full', critic_agent='rnn_agent_n', comm=True, comm_embed_dim=3, comm_method='information_bottleneck_full', c_beta=1.0, comm_beta=0.001, comm_entropy_beta='1e-6', gate_loss_beta=1e-05, only_downstream=False, use_IB=True, is_print=False, is_comm_beta_decay=False, comm_beta_start_decay=20000000, comm_beta_target='1e-2', comm_beta_end_decay=50000000, is_comm_entropy_beta_decay=False, comm_entropy_beta_start_decay=20000000, comm_entropy_beta_target='1e-4', comm_entropy_beta_end_decay=50000000, is_cur_mu=False, is_rank_cut_mu=False, cut_mu_thres=1.0, cut_mu_rank_thres=80.0, target_update_interval=200, agent_output_type='q', learner='max_q_learner', double_q=True, mixer='transformer_qmix', mixing_embed_dim=32, transformer_heads=2, transformer_layers=1, transformer_ff_dim=128, transformer_dropout=0.1, central_loss=1, qmix_loss=1, w=0.5, hysteretic_qmix=True, central_mixing_embed_dim=256, central_action_embed=1, central_mac='basic_central_mac', central_agent='central_rnn', central_rnn_hidden_dim=64, central_mixer='ff', td_lambda=0.6, alpha_lr='3e-4', alpha_init=-0.07, p=0.5, name='transformer_qmix_env=4_adam_td_lambda', seed=1, device='cuda', unique_token='transformer_qmix_env=4_adam_td_lambda__2025-11-24_17-41-49', n_agents=4, n_actions=16, state_shape=155, accumulated_episodes=None)
[INFO 17:41:52] my_main Beginning training for 2005000 timesteps
[INFO 17:41:52] absl Launching SC2: /share/project/ytz/StarCraftII/Versions/Base75689/SC2_x64 -listen 127.0.0.1 -port 40895 -dataDir /share/project/ytz/StarCraftII/ -tempDir /tmp/sc-kb0pbtan/
[INFO 17:41:52] absl Connecting to: ws://127.0.0.1:40895/sc2api, attempt: 0, running: True
Version: B75689 (SC2.4.10)
Build: Aug 12 2019 17:16:57
Command Line: '"/share/project/ytz/StarCraftII/Versions/Base75689/SC2_x64" -listen 127.0.0.1 -port 40895 -dataDir /share/project/ytz/StarCraftII/ -tempDir /tmp/sc-kb0pbtan/'
Starting up...
Startup Phase 1 complete
[INFO 17:41:53] absl Connecting to: ws://127.0.0.1:40895/sc2api, attempt: 1, running: True
Startup Phase 2 complete
Creating stub renderer...
[INFO 17:41:54] absl Connecting to: ws://127.0.0.1:40895/sc2api, attempt: 2, running: True
Listening on: 127.0.0.1:40895
Startup Phase 3 complete. Ready for commands.
[INFO 17:41:55] absl Connecting to: ws://127.0.0.1:40895/sc2api, attempt: 3, running: True
ConnectHandler: Request from 127.0.0.1:48606 accepted
ReadyHandler: 127.0.0.1:48606 ready
Requesting to join a single player game
Configuring interface options
Configure: raw interface enabled
Configure: feature layer interface disabled
Configure: score interface disabled
Configure: render interface disabled
Launching next game.
Next launch phase started: 2
Next launch phase started: 3
Next launch phase started: 4
Next launch phase started: 5
Next launch phase started: 6
Next launch phase started: 7
Next launch phase started: 8
Game has started.
Using default stable ids, none found at: /share/project/ytz/StarCraftII/stableid.json
Successfully loaded stable ids: GameData\stableid.json
Sending ResponseJoinGame
{'roach': 110, 'roachBurrowed': 118}
/share/project/ytz/RLproject/StarCraft2_HLSMAC/RLalgs/TransformerMixer/src/components/episode_buffer.py:103: UserWarning: Creating a tensor from a list of numpy.ndarrays is extremely slow. Please consider converting the list to a single numpy.ndarray with numpy.array() before converting to a tensor. (Triggered internally at ../torch/csrc/utils/tensor_new.cpp:261.)
  v = th.tensor(v, dtype=dtype, device=self.device)
/share/project/ytz/RLproject/StarCraft2_HLSMAC/RLalgs/TransformerMixer/src/components/episode_buffer.py:103: UserWarning: To copy construct from a tensor, it is recommended to use sourceTensor.clone().detach() or sourceTensor.clone().detach().requires_grad_(True), rather than torch.tensor(sourceTensor).
  v = th.tensor(v, dtype=dtype, device=self.device)
[INFO 17:42:05] my_main t_env: 22 / 2005000
[INFO 17:42:05] my_main Estimated time left: 41 minutes, 15 seconds. Time passed: 12 seconds
[INFO 17:42:14] my_main Saving models to results/models/transformer_qmix_env=4_adam_td_lambda__2025-11-24_17-41-49/22
[INFO 17:46:45] my_main Updated target network
[INFO 17:58:49] my_main Updated target network
[INFO 18:02:04] my_main Recent Stats | t_env:      10017 | Episode:      459
alpha:                     0.9323	alpha_loss:               -4.9560	battle_won_mean:           0.0000	central_loss:              0.0567
comm_loss:                 0.1315	dead_allies_mean:          4.0000	dead_enemies_mean:         0.0000	delta_ally_mean:         290.0000
delta_deaths_mean:       -20.0000	delta_enemy_mean:         80.0000	ep_length_mean:           22.0000	epsilon:                   0.9950
grad_norm:                 2.2522	loss:                      0.5408	mixer_norm:                2.0259	policy_loss:               0.3019
q_taken_mean:              0.0866	qmix_loss:                 0.3525	reward_mean:              -3.1293	reward_std:                0.0000
target_mean:              -0.1165	td_error_abs:              0.8125	test_battle_won_mean:      0.0000	test_dead_allies_mean:     4.0000
test_dead_enemies_mean:    0.0000	test_delta_ally_mean:    290.0000	test_delta_deaths_mean:  -20.0000	test_delta_enemy_mean:     1.5000
test_ep_length_mean:      21.7812	test_reward_mean:         -4.1973	test_reward_std:           0.0836	w_to_use:                  0.5000

[INFO 18:02:07] my_main t_env: 10039 / 2005000
[INFO 18:02:07] my_main Estimated time left: 2 days, 18 hours, 32 minutes, 48 seconds. Time passed: 20 minutes, 15 seconds
[INFO 18:09:46] my_main Updated target network
[INFO 18:20:17] my_main Updated target network
[INFO 18:25:18] my_main Recent Stats | t_env:      20031 | Episode:      907
alpha:                     0.8910	alpha_loss:               -4.6750	battle_won_mean:           0.0000	central_loss:              0.0028
comm_loss:                 0.0040	dead_allies_mean:          4.0000	dead_enemies_mean:         0.0065	delta_ally_mean:         290.0000
delta_deaths_mean:       -19.9346	delta_enemy_mean:        108.6345	ep_length_mean:           21.8235	epsilon:                   0.9003
grad_norm:                 0.0718	loss:                      0.0246	mixer_norm:                0.0601	policy_loss:              -1.1060
q_taken_mean:             -0.2296	qmix_loss:                 0.0178	reward_mean:              -2.7388	reward_std:                0.4868
target_mean:              -0.2425	td_error_abs:              0.1329	test_battle_won_mean:      0.0000	test_dead_allies_mean:     4.0000
test_dead_enemies_mean:    0.0000	test_delta_ally_mean:    290.0000	test_delta_deaths_mean:  -20.0000	test_delta_enemy_mean:     0.0000
test_ep_length_mean:      21.5938	test_reward_mean:         -4.2177	test_reward_std:           0.0000	w_to_use:                  0.6762

[INFO 18:25:21] my_main t_env: 20057 / 2005000
[INFO 18:25:21] my_main Estimated time left: 3 days, 4 hours, 40 minutes, 40 seconds. Time passed: 43 minutes, 28 seconds
[INFO 18:30:32] my_main Updated target network
[INFO 18:41:07] my_main Updated target network
[INFO 18:48:30] my_main Recent Stats | t_env:      30046 | Episode:     1349
alpha:                     0.8532	alpha_loss:               -4.6428	battle_won_mean:           0.0000	central_loss:              0.0031
comm_loss:                 0.0009	dead_allies_mean:          4.0000	dead_enemies_mean:         0.0000	delta_ally_mean:         290.0000
delta_deaths_mean:       -20.0000	delta_enemy_mean:         87.6484	ep_length_mean:           22.3616	epsilon:                   0.8057
grad_norm:                 0.4442	loss:                      0.0157	mixer_norm:                0.4050	policy_loss:              -1.5877
q_taken_mean:             -0.3660	qmix_loss:                 0.0117	reward_mean:              -3.0252	reward_std:                0.4297
target_mean:              -0.3646	td_error_abs:              0.0962	test_battle_won_mean:      0.0000	test_dead_allies_mean:     4.0000
test_dead_enemies_mean:    0.0000	test_delta_ally_mean:    290.0000	test_delta_deaths_mean:  -20.0000	test_delta_enemy_mean:     0.0000
test_ep_length_mean:      21.8750	test_reward_mean:         -4.2177	test_reward_std:           0.0000	w_to_use:                  0.7517

[INFO 18:48:34] my_main t_env: 30068 / 2005000
[INFO 18:48:34] my_main Estimated time left: 3 days, 4 hours, 20 minutes, 25 seconds. Time passed: 1 hours, 6 minutes, 41 seconds
[INFO 18:51:38] my_main Updated target network
[INFO 19:02:30] my_main Updated target network
[INFO 19:11:49] my_main Recent Stats | t_env:      40051 | Episode:     1785
alpha:                     0.8172	alpha_loss:               -4.5664	battle_won_mean:           0.0000	central_loss:              0.0017
comm_loss:                 0.0004	dead_allies_mean:          4.0000	dead_enemies_mean:         0.0000	delta_ally_mean:         290.0000
delta_deaths_mean:       -20.0000	delta_enemy_mean:         76.8100	ep_length_mean:           22.6493	epsilon:                   0.7111
grad_norm:                 0.2234	loss:                      0.0096	mixer_norm:                0.2194	policy_loss:              -1.8042
q_taken_mean:             -0.4065	qmix_loss:                 0.0076	reward_mean:              -3.1727	reward_std:                0.4019
target_mean:              -0.4089	td_error_abs:              0.0789	test_battle_won_mean:      0.0000	test_dead_allies_mean:     4.0000
test_dead_enemies_mean:    0.0000	test_delta_ally_mean:    290.0000	test_delta_deaths_mean:  -20.0000	test_delta_enemy_mean:     0.5000
test_ep_length_mean:      21.9375	test_reward_mean:         -4.2109	test_reward_std:           0.0379	w_to_use:                  0.7078

[INFO 19:11:52] my_main t_env: 40072 / 2005000
[INFO 19:11:52] my_main Estimated time left: 3 days, 4 hours, 17 minutes, 34 seconds. Time passed: 1 hours, 29 minutes, 59 seconds
[INFO 19:12:58] my_main Updated target network
[INFO 19:23:46] my_main Updated target network
[INFO 19:34:43] my_main Updated target network
[INFO 19:35:39] my_main Recent Stats | t_env:      50058 | Episode:     2218
alpha:                     0.7828	alpha_loss:               -4.5715	battle_won_mean:           0.0023	central_loss:              0.0015
comm_loss:                 0.0007	dead_allies_mean:          3.9977	dead_enemies_mean:         0.0000	delta_ally_mean:         289.9553
delta_deaths_mean:       -19.9885	delta_enemy_mean:         65.3449	ep_length_mean:           22.9450	epsilon:                   0.6165
grad_norm:                 0.2801	loss:                      0.0086	mixer_norm:                0.2722	policy_loss:              -1.8630
q_taken_mean:             -0.4237	qmix_loss:                 0.0064	reward_mean:              -3.3216	reward_std:                0.3824
target_mean:              -0.4357	td_error_abs:              0.0823	test_battle_won_mean:      0.0000	test_dead_allies_mean:     4.0000
test_dead_enemies_mean:    0.0000	test_delta_ally_mean:    290.0000	test_delta_deaths_mean:  -20.0000	test_delta_enemy_mean:     0.5000
test_ep_length_mean:      22.3438	test_reward_mean:         -4.2109	test_reward_std:           0.0379	w_to_use:                  0.6411

[INFO 19:35:43] my_main t_env: 50081 / 2005000
[INFO 19:35:43] my_main Estimated time left: 3 days, 5 hours, 37 minutes, 20 seconds. Time passed: 1 hours, 53 minutes, 50 seconds
[INFO 19:45:16] my_main Updated target network
[INFO 19:56:16] my_main Updated target network
[INFO 19:58:59] my_main Recent Stats | t_env:      60061 | Episode:     2651
alpha:                     0.7500	alpha_loss:               -4.5658	battle_won_mean:           0.0000	central_loss:              0.0013
comm_loss:                 0.0005	dead_allies_mean:          4.0000	dead_enemies_mean:         0.0000	delta_ally_mean:         290.0000
delta_deaths_mean:       -20.0000	delta_enemy_mean:         58.2399	ep_length_mean:           23.1155	epsilon:                   0.5220
grad_norm:                 0.3259	loss:                      0.0073	mixer_norm:                0.3214	policy_loss:              -1.9731
q_taken_mean:             -0.4521	qmix_loss:                 0.0056	reward_mean:              -3.4253	reward_std:                0.3697
target_mean:              -0.4514	td_error_abs:              0.0662	test_battle_won_mean:      0.0000	test_dead_allies_mean:     4.0000
test_dead_enemies_mean:    0.0000	test_delta_ally_mean:    290.0000	test_delta_deaths_mean:  -20.0000	test_delta_enemy_mean:     0.0000
test_ep_length_mean:      21.9688	test_reward_mean:         -4.2177	test_reward_std:           0.0000	w_to_use:                  0.7356

[INFO 19:59:03] my_main t_env: 60084 / 2005000
[INFO 19:59:03] my_main Estimated time left: 3 days, 3 hours, 37 minutes, 17 seconds. Time passed: 2 hours, 17 minutes, 10 seconds
RequestQuit command received.
Closing Application...
DataHandler: unable to parse websocket frame.
CloseHandler: 127.0.0.1:48606 disconnected
[INFO 19:59:14] absl Shutdown gracefully.
[INFO 19:59:14] absl Shutdown with return code: -15
[INFO 19:59:14] absl Launching SC2: /share/project/ytz/StarCraftII/Versions/Base75689/SC2_x64 -listen 127.0.0.1 -port 42391 -dataDir /share/project/ytz/StarCraftII/ -tempDir /tmp/sc-gsn356ke/
[INFO 19:59:14] absl Connecting to: ws://127.0.0.1:42391/sc2api, attempt: 0, running: True
Version: B75689 (SC2.4.10)
Build: Aug 12 2019 17:16:57
Command Line: '"/share/project/ytz/StarCraftII/Versions/Base75689/SC2_x64" -listen 127.0.0.1 -port 42391 -dataDir /share/project/ytz/StarCraftII/ -tempDir /tmp/sc-gsn356ke/'
Starting up...
Startup Phase 1 complete
[INFO 19:59:15] absl Connecting to: ws://127.0.0.1:42391/sc2api, attempt: 1, running: True
[INFO 19:59:16] absl Connecting to: ws://127.0.0.1:42391/sc2api, attempt: 2, running: True
Startup Phase 2 complete
Creating stub renderer...
[INFO 19:59:17] absl Connecting to: ws://127.0.0.1:42391/sc2api, attempt: 3, running: True
Listening on: 127.0.0.1:42391
Startup Phase 3 complete. Ready for commands.
[INFO 19:59:18] absl Connecting to: ws://127.0.0.1:42391/sc2api, attempt: 4, running: True
ConnectHandler: Request from 127.0.0.1:52708 accepted
ReadyHandler: 127.0.0.1:52708 ready
Requesting to join a single player game
Configuring interface options
Configure: raw interface enabled
Configure: feature layer interface disabled
Configure: score interface disabled
Configure: render interface disabled
Launching next game.
Next launch phase started: 2
Next launch phase started: 3
Next launch phase started: 4
Next launch phase started: 5
Next launch phase started: 6
Next launch phase started: 7
Next launch phase started: 8
Game has started.
Using default stable ids, none found at: /share/project/ytz/StarCraftII/stableid.json
Successfully loaded stable ids: GameData\stableid.json
Sending ResponseJoinGame
[INFO 20:07:09] my_main Updated target network
[INFO 20:17:50] my_main Updated target network
[INFO 20:21:49] my_main Recent Stats | t_env:      70067 | Episode:     3086
alpha:                     0.7184	alpha_loss:               -4.5615	battle_won_mean:           0.0000	central_loss:              0.0013
comm_loss:                 0.0003	dead_allies_mean:          4.0000	dead_enemies_mean:         0.0000	delta_ally_mean:         290.0000
delta_deaths_mean:       -20.0000	delta_enemy_mean:         50.5569	ep_length_mean:           23.1016	epsilon:                   0.4274
grad_norm:                 0.2390	loss:                      0.0071	mixer_norm:                0.2318	policy_loss:              -1.9343
q_taken_mean:             -0.4413	qmix_loss:                 0.0054	reward_mean:              -3.5298	reward_std:                0.3333
target_mean:              -0.4520	td_error_abs:              0.0756	test_battle_won_mean:      0.0000	test_dead_allies_mean:     3.8750
test_dead_enemies_mean:    0.0000	test_delta_ally_mean:    289.1562	test_delta_deaths_mean:  -19.8438	test_delta_enemy_mean:     0.0000
test_ep_length_mean:      22.0000	test_reward_mean:         -4.2041	test_reward_std:           0.0758	w_to_use:                  0.6660

[INFO 20:21:52] my_main t_env: 70090 / 2005000
[INFO 20:21:52] my_main Estimated time left: 3 days, 1 hours, 32 minutes, 58 seconds. Time passed: 2 hours, 40 minutes, 0 seconds
[INFO 20:28:10] my_main Updated target network
[INFO 20:38:14] my_main Updated target network
[INFO 20:44:52] my_main Recent Stats | t_env:      80068 | Episode:     3520
alpha:                     0.6879	alpha_loss:               -4.5556	battle_won_mean:           0.0000	central_loss:              0.0013
comm_loss:                 0.0003	dead_allies_mean:          4.0000	dead_enemies_mean:         0.0000	delta_ally_mean:         290.0000
delta_deaths_mean:       -20.0000	delta_enemy_mean:         42.1057	ep_length_mean:           23.0023	epsilon:                   0.3329
grad_norm:                 0.5526	loss:                      0.0083	mixer_norm:                0.5449	policy_loss:              -1.8859
q_taken_mean:             -0.4355	qmix_loss:                 0.0068	reward_mean:              -3.6448	reward_std:                0.3111
target_mean:              -0.4539	td_error_abs:              0.0904	test_battle_won_mean:      0.0000	test_dead_allies_mean:     4.0000
test_dead_enemies_mean:    0.0000	test_delta_ally_mean:    290.0000	test_delta_deaths_mean:  -20.0000	test_delta_enemy_mean:     0.0000
test_ep_length_mean:      21.9688	test_reward_mean:         -4.2177	test_reward_std:           0.0000	w_to_use:                  0.6343

[INFO 20:44:55] my_main t_env: 80090 / 2005000
[INFO 20:44:55] my_main Estimated time left: 3 days, 1 hours, 57 minutes, 31 seconds. Time passed: 3 hours, 3 minutes, 3 seconds
[INFO 20:49:15] my_main Updated target network
[INFO 20:59:25] my_main Updated target network
[INFO 21:07:49] my_main Recent Stats | t_env:      90082 | Episode:     3960
alpha:                     0.6587	alpha_loss:               -4.5521	battle_won_mean:           0.0000	central_loss:              0.0013
comm_loss:                 0.0003	dead_allies_mean:          4.0000	dead_enemies_mean:         0.0000	delta_ally_mean:         290.0000
delta_deaths_mean:       -20.0000	delta_enemy_mean:         34.4856	ep_length_mean:           23.0415	epsilon:                   0.2384
grad_norm:                 0.0467	loss:                      0.0064	mixer_norm:                0.0184	policy_loss:              -1.9487
q_taken_mean:             -0.4533	qmix_loss:                 0.0048	reward_mean:              -3.7485	reward_std:                0.2918
target_mean:              -0.4588	td_error_abs:              0.0649	test_battle_won_mean:      0.0000	test_dead_allies_mean:     4.0000
test_dead_enemies_mean:    0.0000	test_delta_ally_mean:    290.0000	test_delta_deaths_mean:  -20.0000	test_delta_enemy_mean:     0.0000
test_ep_length_mean:      21.8438	test_reward_mean:         -4.2177	test_reward_std:           0.0000	w_to_use:                  0.7157

[INFO 21:07:51] my_main t_env: 90106 / 2005000
[INFO 21:07:51] my_main Estimated time left: 3 days, 1 hours, 3 minutes, 2 seconds. Time passed: 3 hours, 25 minutes, 58 seconds
[INFO 21:09:52] my_main Updated target network
[INFO 21:20:28] my_main Updated target network
[INFO 21:30:44] my_main Updated target network
[INFO 21:31:00] my_main Recent Stats | t_env:     100100 | Episode:     4406
alpha:                     0.6304	alpha_loss:               -4.5641	battle_won_mean:           0.0000	central_loss:              0.0012
comm_loss:                 0.0002	dead_allies_mean:          4.0000	dead_enemies_mean:         0.0000	delta_ally_mean:         290.0000
delta_deaths_mean:       -20.0000	delta_enemy_mean:         25.4611	ep_length_mean:           22.7636	epsilon:                   0.1437
grad_norm:                 0.3223	loss:                      0.0060	mixer_norm:                0.3100	policy_loss:              -1.9505
q_taken_mean:             -0.4541	qmix_loss:                 0.0046	reward_mean:              -3.8713	reward_std:                0.2646
target_mean:              -0.4661	td_error_abs:              0.0713	test_battle_won_mean:      0.0000	test_dead_allies_mean:     4.0000
test_dead_enemies_mean:    0.0000	test_delta_ally_mean:    290.0000	test_delta_deaths_mean:  -20.0000	test_delta_enemy_mean:     0.0000
test_ep_length_mean:      21.9688	test_reward_mean:         -4.2177	test_reward_std:           0.0000	w_to_use:                  0.6486

[INFO 21:31:03] my_main t_env: 100123 / 2005000
[INFO 21:31:03] my_main Estimated time left: 3 days, 1 hours, 30 minutes, 31 seconds. Time passed: 3 hours, 49 minutes, 10 seconds
[INFO 21:40:48] my_main Updated target network
[INFO 21:51:41] my_main Updated target network
[INFO 21:53:20] my_main Recent Stats | t_env:     110104 | Episode:     4855
alpha:                     0.6028	alpha_loss:               -4.5592	battle_won_mean:           0.0000	central_loss:              0.0012
comm_loss:                 0.0002	dead_allies_mean:          4.0000	dead_enemies_mean:         0.0000	delta_ally_mean:         290.0000
delta_deaths_mean:       -20.0000	delta_enemy_mean:         14.5412	ep_length_mean:           22.4596	epsilon:                   0.0500
grad_norm:                 0.3434	loss:                      0.0056	mixer_norm:                0.3314	policy_loss:              -2.0161
q_taken_mean:             -0.4782	qmix_loss:                 0.0042	reward_mean:              -4.0198	reward_std:                0.2074
target_mean:              -0.4761	td_error_abs:              0.0533	test_battle_won_mean:      0.0000	test_dead_allies_mean:     4.0000
test_dead_enemies_mean:    0.0000	test_delta_ally_mean:    290.0000	test_delta_deaths_mean:  -20.0000	test_delta_enemy_mean:     0.0000
test_ep_length_mean:      22.0938	test_reward_mean:         -4.2177	test_reward_std:           0.0000	w_to_use:                  0.8002

[INFO 21:53:56] my_main t_env: 110127 / 2005000
[INFO 21:53:56] my_main Estimated time left: 3 days, 14 minutes, 44 seconds. Time passed: 4 hours, 12 minutes, 3 seconds
[INFO 22:01:32] my_main Updated target network
[INFO 22:12:04] my_main Updated target network
[INFO 22:16:57] my_main Recent Stats | t_env:     120113 | Episode:     5304
alpha:                     0.5763	alpha_loss:               -4.5623	battle_won_mean:           0.0000	central_loss:              0.0012
comm_loss:                 0.0010	dead_allies_mean:          4.0000	dead_enemies_mean:         0.0000	delta_ally_mean:         290.0000
delta_deaths_mean:       -20.0000	delta_enemy_mean:          8.3466	ep_length_mean:           22.2806	epsilon:                   0.0500
grad_norm:                 0.1731	loss:                      0.0057	mixer_norm:                0.0613	policy_loss:              -2.0309
q_taken_mean:             -0.4791	qmix_loss:                 0.0036	reward_mean:              -4.1041	reward_std:                0.1552
target_mean:              -0.4822	td_error_abs:              0.0520	test_battle_won_mean:      0.0000	test_dead_allies_mean:     4.0000
test_dead_enemies_mean:    0.0000	test_delta_ally_mean:    290.0000	test_delta_deaths_mean:  -20.0000	test_delta_enemy_mean:     0.0000
test_ep_length_mean:      21.8438	test_reward_mean:         -4.2177	test_reward_std:           0.0000	w_to_use:                  0.7390

[INFO 22:17:01] my_main t_env: 120135 / 2005000
[INFO 22:17:01] my_main Estimated time left: 3 days, 28 minutes, 7 seconds. Time passed: 4 hours, 35 minutes, 8 seconds
RequestQuit command received.
Closing Application...
DataHandler: unable to parse websocket frame.
CloseHandler: 127.0.0.1:52708 disconnected
[INFO 22:18:11] absl Shutdown gracefully.
[INFO 22:18:11] absl Shutdown with return code: -15
[INFO 22:18:11] absl Launching SC2: /share/project/ytz/StarCraftII/Versions/Base75689/SC2_x64 -listen 127.0.0.1 -port 36239 -dataDir /share/project/ytz/StarCraftII/ -tempDir /tmp/sc-ev03a6e1/
[INFO 22:18:11] absl Connecting to: ws://127.0.0.1:36239/sc2api, attempt: 0, running: True
Version: B75689 (SC2.4.10)
Build: Aug 12 2019 17:16:57
Command Line: '"/share/project/ytz/StarCraftII/Versions/Base75689/SC2_x64" -listen 127.0.0.1 -port 36239 -dataDir /share/project/ytz/StarCraftII/ -tempDir /tmp/sc-ev03a6e1/'
Starting up...
Startup Phase 1 complete
[INFO 22:18:12] absl Connecting to: ws://127.0.0.1:36239/sc2api, attempt: 1, running: True
Startup Phase 2 complete
Creating stub renderer...
[INFO 22:18:13] absl Connecting to: ws://127.0.0.1:36239/sc2api, attempt: 2, running: True
Listening on: 127.0.0.1:36239
Startup Phase 3 complete. Ready for commands.
[INFO 22:18:14] absl Connecting to: ws://127.0.0.1:36239/sc2api, attempt: 3, running: True
ConnectHandler: Request from 127.0.0.1:38194 accepted
ReadyHandler: 127.0.0.1:38194 ready
Requesting to join a single player game
Configuring interface options
Configure: raw interface enabled
Configure: feature layer interface disabled
Configure: score interface disabled
Configure: render interface disabled
Launching next game.
Next launch phase started: 2
Next launch phase started: 3
Next launch phase started: 4
Next launch phase started: 5
Next launch phase started: 6
Next launch phase started: 7
Next launch phase started: 8
Game has started.
Using default stable ids, none found at: /share/project/ytz/StarCraftII/stableid.json
Successfully loaded stable ids: GameData\stableid.json
Sending ResponseJoinGame
[INFO 22:22:52] my_main Updated target network
[INFO 22:32:35] my_main Updated target network
[INFO 22:40:48] my_main Recent Stats | t_env:     130129 | Episode:     5755
alpha:                     0.5510	alpha_loss:               -4.5609	battle_won_mean:           0.0000	central_loss:              0.0012
comm_loss:                 0.0206	dead_allies_mean:          4.0000	dead_enemies_mean:         0.0000	delta_ally_mean:         290.0000
delta_deaths_mean:       -20.0000	delta_enemy_mean:          8.9805	ep_length_mean:           22.2895	epsilon:                   0.0500
grad_norm:                 0.1377	loss:                      0.0252	mixer_norm:                0.0296	policy_loss:              -2.0335
q_taken_mean:             -0.4813	qmix_loss:                 0.0034	reward_mean:              -4.0955	reward_std:                0.1491
target_mean:              -0.4860	td_error_abs:              0.0520	test_battle_won_mean:      0.0000	test_dead_allies_mean:     4.0000
test_dead_enemies_mean:    0.0000	test_delta_ally_mean:    290.0000	test_delta_deaths_mean:  -20.0000	test_delta_enemy_mean:     0.0000
test_ep_length_mean:      21.7812	test_reward_mean:         -4.2177	test_reward_std:           0.0000	w_to_use:                  0.6982

[INFO 22:40:54] my_main t_env: 130150 / 2005000
[INFO 22:40:54] my_main Estimated time left: 3 days, 2 hours, 30 minutes, 15 seconds. Time passed: 4 hours, 59 minutes, 1 seconds
[INFO 22:43:24] my_main Updated target network
[INFO 22:53:47] my_main Updated target network
[INFO 23:03:29] my_main Updated target network
[INFO 23:03:41] my_main Recent Stats | t_env:     140141 | Episode:     6204
alpha:                     0.5267	alpha_loss:               -4.5474	battle_won_mean:           0.0000	central_loss:              0.0011
comm_loss:                 0.0007	dead_allies_mean:          3.9911	dead_enemies_mean:         0.0000	delta_ally_mean:         289.4980
delta_deaths_mean:       -19.9557	delta_enemy_mean:          8.2043	ep_length_mean:           22.2062	epsilon:                   0.0500
grad_norm:                 0.1761	loss:                      0.0041	mixer_norm:                0.0924	policy_loss:              -2.0934
q_taken_mean:             -0.5032	qmix_loss:                 0.0024	reward_mean:              -4.0986	reward_std:                0.2152
target_mean:              -0.5047	td_error_abs:              0.0401	test_battle_won_mean:      0.0000	test_dead_allies_mean:     4.0000
test_dead_enemies_mean:    0.0000	test_delta_ally_mean:    290.0000	test_delta_deaths_mean:  -20.0000	test_delta_enemy_mean:     0.0000
test_ep_length_mean:      22.0312	test_reward_mean:         -4.2177	test_reward_std:           0.0000	w_to_use:                  0.7386

[INFO 23:04:18] my_main t_env: 140163 / 2005000
[INFO 23:04:18] my_main Estimated time left: 3 days, 40 minutes, 31 seconds. Time passed: 5 hours, 22 minutes, 26 seconds
[INFO 23:14:50] my_main Updated target network
[INFO 23:25:11] my_main Updated target network
[INFO 23:27:57] my_main Recent Stats | t_env:     150143 | Episode:     6652
alpha:                     0.5037	alpha_loss:               -4.5571	battle_won_mean:           0.0000	central_loss:              0.0011
comm_loss:                 0.0004	dead_allies_mean:          4.0000	dead_enemies_mean:         0.0000	delta_ally_mean:         290.0000
delta_deaths_mean:       -20.0000	delta_enemy_mean:          9.2739	ep_length_mean:           22.3007	epsilon:                   0.0500
grad_norm:                 0.1345	loss:                      0.0038	mixer_norm:                0.1104	policy_loss:              -2.0561
q_taken_mean:             -0.4952	qmix_loss:                 0.0024	reward_mean:              -4.0915	reward_std:                0.1629
target_mean:              -0.5014	td_error_abs:              0.0455	test_battle_won_mean:      0.0000	test_dead_allies_mean:     4.0000
test_dead_enemies_mean:    0.0000	test_delta_ally_mean:    290.0000	test_delta_deaths_mean:  -20.0000	test_delta_enemy_mean:     0.0000
test_ep_length_mean:      22.0312	test_reward_mean:         -4.2177	test_reward_std:           0.0000	w_to_use:                  0.6740

[INFO 23:27:59] my_main t_env: 150165 / 2005000
[INFO 23:27:59] my_main Estimated time left: 3 days, 1 hours, 10 minutes, 35 seconds. Time passed: 5 hours, 46 minutes, 6 seconds
[INFO 23:35:56] my_main Updated target network
[INFO 23:46:10] my_main Updated target network
[INFO 23:51:08] my_main Recent Stats | t_env:     160147 | Episode:     7100
alpha:                     0.4816	alpha_loss:               -4.5496	battle_won_mean:           0.0000	central_loss:              0.0007
comm_loss:                 0.0002	dead_allies_mean:          4.0000	dead_enemies_mean:         0.0000	delta_ally_mean:         290.0000
delta_deaths_mean:       -20.0000	delta_enemy_mean:          8.6881	ep_length_mean:           22.3259	epsilon:                   0.0500
grad_norm:                 0.0844	loss:                      0.0028	mixer_norm:                0.0531	policy_loss:              -2.0602
q_taken_mean:             -0.4977	qmix_loss:                 0.0019	reward_mean:              -4.0995	reward_std:                0.1662
target_mean:              -0.5019	td_error_abs:              0.0397	test_battle_won_mean:      0.0000	test_dead_allies_mean:     4.0000
test_dead_enemies_mean:    0.0000	test_delta_ally_mean:    290.0000	test_delta_deaths_mean:  -20.0000	test_delta_enemy_mean:     0.0000
test_ep_length_mean:      22.1562	test_reward_mean:         -4.2177	test_reward_std:           0.0000	w_to_use:                  0.6731

[INFO 23:51:12] my_main t_env: 160169 / 2005000
[INFO 23:51:12] my_main Estimated time left: 2 days, 23 hours, 20 minutes, 40 seconds. Time passed: 6 hours, 9 minutes, 19 seconds
[INFO 23:56:20] my_main Updated target network
[INFO 00:06:56] my_main Updated target network
[INFO 00:14:48] my_main Recent Stats | t_env:     170148 | Episode:     7549
alpha:                     0.4605	alpha_loss:               -4.5553	battle_won_mean:           0.0000	central_loss:              0.0007
comm_loss:                 0.0001	dead_allies_mean:          4.0000	dead_enemies_mean:         0.0000	delta_ally_mean:         290.0000
delta_deaths_mean:       -20.0000	delta_enemy_mean:          9.2651	ep_length_mean:           22.3304	epsilon:                   0.0500
grad_norm:                 0.0981	loss:                      0.0030	mixer_norm:                0.0210	policy_loss:              -2.0615
q_taken_mean:             -0.4989	qmix_loss:                 0.0021	reward_mean:              -4.0916	reward_std:                0.1561
target_mean:              -0.5024	td_error_abs:              0.0386	test_battle_won_mean:      0.0000	test_dead_allies_mean:     4.0000
test_dead_enemies_mean:    0.0000	test_delta_ally_mean:    290.0000	test_delta_deaths_mean:  -20.0000	test_delta_enemy_mean:     0.0000
test_ep_length_mean:      22.0312	test_reward_mean:         -4.2177	test_reward_std:           0.0000	w_to_use:                  0.6902

[INFO 00:14:51] my_main t_env: 170169 / 2005000
[INFO 00:14:51] my_main Estimated time left: 3 days, 21 minutes, 12 seconds. Time passed: 6 hours, 32 minutes, 59 seconds
[INFO 00:17:38] my_main Updated target network
[INFO 00:28:13] my_main Updated target network
[INFO 00:38:25] my_main Recent Stats | t_env:     180148 | Episode:     7999
alpha:                     0.4403	alpha_loss:               -4.5376	battle_won_mean:           0.0000	central_loss:              0.0008
comm_loss:                 0.0001	dead_allies_mean:          4.0000	dead_enemies_mean:         0.0000	delta_ally_mean:         290.0000
delta_deaths_mean:       -20.0000	delta_enemy_mean:          9.2096	ep_length_mean:           22.2717	epsilon:                   0.0500
grad_norm:                 0.1473	loss:                      0.0023	mixer_norm:                0.0646	policy_loss:              -2.0866
q_taken_mean:             -0.5090	qmix_loss:                 0.0014	reward_mean:              -4.0924	reward_std:                0.1513
target_mean:              -0.5131	td_error_abs:              0.0332	test_battle_won_mean:      0.0000	test_dead_allies_mean:     4.0000
test_dead_enemies_mean:    0.0000	test_delta_ally_mean:    290.0000	test_delta_deaths_mean:  -20.0000	test_delta_enemy_mean:     0.0000
test_ep_length_mean:      22.0000	test_reward_mean:         -4.2177	test_reward_std:           0.0000	w_to_use:                  0.6602

[INFO 00:38:28] my_main t_env: 180170 / 2005000
[INFO 00:38:28] my_main Estimated time left: 2 days, 23 hours, 49 minutes, 9 seconds. Time passed: 6 hours, 56 minutes, 36 seconds
[INFO 00:38:43] my_main Updated target network
RequestQuit command received.
Closing Application...
DataHandler: unable to parse websocket frame.
CloseHandler: 127.0.0.1:38194 disconnected
[INFO 00:40:58] absl Shutdown gracefully.
[INFO 00:40:58] absl Shutdown with return code: -15
[INFO 00:40:58] absl Launching SC2: /share/project/ytz/StarCraftII/Versions/Base75689/SC2_x64 -listen 127.0.0.1 -port 46791 -dataDir /share/project/ytz/StarCraftII/ -tempDir /tmp/sc-f_z6dyqr/
[INFO 00:40:58] absl Connecting to: ws://127.0.0.1:46791/sc2api, attempt: 0, running: True
Version: B75689 (SC2.4.10)
Build: Aug 12 2019 17:16:57
Command Line: '"/share/project/ytz/StarCraftII/Versions/Base75689/SC2_x64" -listen 127.0.0.1 -port 46791 -dataDir /share/project/ytz/StarCraftII/ -tempDir /tmp/sc-f_z6dyqr/'
Starting up...
Startup Phase 1 complete
[INFO 00:40:59] absl Connecting to: ws://127.0.0.1:46791/sc2api, attempt: 1, running: True
Startup Phase 2 complete
Creating stub renderer...
Listening on: 127.0.0.1:46791
Startup Phase 3 complete. Ready for commands.
[INFO 00:41:00] absl Connecting to: ws://127.0.0.1:46791/sc2api, attempt: 2, running: True
ConnectHandler: Request from 127.0.0.1:43482 accepted
ReadyHandler: 127.0.0.1:43482 ready
Requesting to join a single player game
Configuring interface options
Configure: raw interface enabled
Configure: feature layer interface disabled
Configure: score interface disabled
Configure: render interface disabled
Launching next game.
Next launch phase started: 2
Next launch phase started: 3
Next launch phase started: 4
Next launch phase started: 5
Next launch phase started: 6
Next launch phase started: 7
Next launch phase started: 8
Game has started.
Using default stable ids, none found at: /share/project/ytz/StarCraftII/stableid.json
Successfully loaded stable ids: GameData\stableid.json
Sending ResponseJoinGame
[INFO 00:49:14] my_main Updated target network
[INFO 00:59:57] my_main Updated target network
[INFO 01:02:35] my_main Recent Stats | t_env:     190160 | Episode:     8448
alpha:                     0.4209	alpha_loss:               -4.5484	battle_won_mean:           0.0000	central_loss:              0.0005
comm_loss:                 0.0001	dead_allies_mean:          4.0000	dead_enemies_mean:         0.0000	delta_ally_mean:         290.0000
delta_deaths_mean:       -20.0000	delta_enemy_mean:          9.1575	ep_length_mean:           22.2244	epsilon:                   0.0500
grad_norm:                 0.0959	loss:                      0.0019	mixer_norm:                0.0837	policy_loss:              -2.1161
q_taken_mean:             -0.5181	qmix_loss:                 0.0013	reward_mean:              -4.0931	reward_std:                0.1558
target_mean:              -0.5187	td_error_abs:              0.0262	test_battle_won_mean:      0.0000	test_dead_allies_mean:     4.0000
test_dead_enemies_mean:    0.0000	test_delta_ally_mean:    290.0000	test_delta_deaths_mean:  -20.0000	test_delta_enemy_mean:     0.0000
test_ep_length_mean:      21.9375	test_reward_mean:         -4.2177	test_reward_std:           0.0000	w_to_use:                  0.7305

[INFO 01:02:38] my_main t_env: 190184 / 2005000
[INFO 01:02:38] my_main Estimated time left: 3 days, 1 hours, 1 seconds. Time passed: 7 hours, 20 minutes, 46 seconds
[INFO 01:10:27] my_main Updated target network
[INFO 01:20:56] my_main Updated target network
[INFO 01:25:45] my_main Recent Stats | t_env:     200178 | Episode:     8896
alpha:                     0.4025	alpha_loss:               -4.5197	battle_won_mean:           0.0000	central_loss:              0.0005
comm_loss:                 0.0000	dead_allies_mean:          4.0000	dead_enemies_mean:         0.0000	delta_ally_mean:         290.0000
delta_deaths_mean:       -20.0000	delta_enemy_mean:          9.2141	ep_length_mean:           22.3029	epsilon:                   0.0500
grad_norm:                 0.1280	loss:                      0.0014	mixer_norm:                0.0321	policy_loss:              -2.1081
q_taken_mean:             -0.5209	qmix_loss:                 0.0009	reward_mean:              -4.0923	reward_std:                0.1581
target_mean:              -0.5236	td_error_abs:              0.0248	test_battle_won_mean:      0.0000	test_dead_allies_mean:     4.0000
test_dead_enemies_mean:    0.0000	test_delta_ally_mean:    290.0000	test_delta_deaths_mean:  -20.0000	test_delta_enemy_mean:     0.0000
test_ep_length_mean:      21.9375	test_reward_mean:         -4.2177	test_reward_std:           0.0000	w_to_use:                  0.6513

[INFO 01:25:48] my_main t_env: 200202 / 2005000
[INFO 01:25:48] my_main Estimated time left: 2 days, 21 hours, 33 minutes, 47 seconds. Time passed: 7 hours, 43 minutes, 56 seconds
[INFO 01:31:34] my_main Updated target network
[INFO 01:41:54] my_main Updated target network
[INFO 01:49:40] my_main Recent Stats | t_env:     210187 | Episode:     9347
alpha:                     0.3849	alpha_loss:               -4.5063	battle_won_mean:           0.0000	central_loss:              0.0005
comm_loss:                 0.0007	dead_allies_mean:          4.0000	dead_enemies_mean:         0.0000	delta_ally_mean:         290.0000
delta_deaths_mean:       -20.0000	delta_enemy_mean:          9.8225	ep_length_mean:           22.3616	epsilon:                   0.0500
grad_norm:                 0.0889	loss:                      0.0023	mixer_norm:                0.0613	policy_loss:              -2.1169
q_taken_mean:             -0.5260	qmix_loss:                 0.0011	reward_mean:              -4.0840	reward_std:                0.1626
target_mean:              -0.5267	td_error_abs:              0.0234	test_battle_won_mean:      0.0000	test_dead_allies_mean:     4.0000
test_dead_enemies_mean:    0.0000	test_delta_ally_mean:    290.0000	test_delta_deaths_mean:  -20.0000	test_delta_enemy_mean:     0.0000
test_ep_length_mean:      21.8438	test_reward_mean:         -4.2177	test_reward_std:           0.0000	w_to_use:                  0.7017

[INFO 01:49:43] my_main t_env: 210211 / 2005000
[INFO 01:49:43] my_main Estimated time left: 2 days, 23 hours, 26 minutes, 3 seconds. Time passed: 8 hours, 7 minutes, 50 seconds
[INFO 01:52:29] my_main Updated target network
[INFO 02:02:40] my_main Updated target network
[INFO 02:13:04] my_main Recent Stats | t_env:     220203 | Episode:     9797
alpha:                     0.3680	alpha_loss:               -4.5121	battle_won_mean:           0.0000	central_loss:              0.0005
comm_loss:                 0.0003	dead_allies_mean:          4.0000	dead_enemies_mean:         0.0000	delta_ally_mean:         290.0000
delta_deaths_mean:       -20.0000	delta_enemy_mean:          8.8595	ep_length_mean:           22.1929	epsilon:                   0.0500
grad_norm:                 0.2312	loss:                      0.0020	mixer_norm:                0.2212	policy_loss:              -2.1008
q_taken_mean:             -0.5223	qmix_loss:                 0.0011	reward_mean:              -4.0971	reward_std:                0.1581
target_mean:              -0.5196	td_error_abs:              0.0213	test_battle_won_mean:      0.0000	test_dead_allies_mean:     4.0000
test_dead_enemies_mean:    0.0000	test_delta_ally_mean:    290.0000	test_delta_deaths_mean:  -20.0000	test_delta_enemy_mean:     0.0000
test_ep_length_mean:      22.1562	test_reward_mean:         -4.2177	test_reward_std:           0.0000	w_to_use:                  0.8588

[INFO 02:13:07] my_main t_env: 220225 / 2005000
[INFO 02:13:07] my_main Estimated time left: 2 days, 21 hours, 31 minutes, 18 seconds. Time passed: 8 hours, 31 minutes, 14 seconds
[INFO 02:13:27] my_main Updated target network
[INFO 02:24:09] my_main Updated target network
[INFO 02:34:28] my_main Updated target network
[INFO 02:36:55] my_main Recent Stats | t_env:     230219 | Episode:    10247
alpha:                     0.3519	alpha_loss:               -4.5202	battle_won_mean:           0.0000	central_loss:              0.0004
comm_loss:                 0.0002	dead_allies_mean:          4.0000	dead_enemies_mean:         0.0000	delta_ally_mean:         290.0000
delta_deaths_mean:       -20.0000	delta_enemy_mean:          9.2403	ep_length_mean:           22.2533	epsilon:                   0.0500
grad_norm:                 0.0462	loss:                      0.0014	mixer_norm:                0.0441	policy_loss:              -2.0831
q_taken_mean:             -0.5212	qmix_loss:                 0.0009	reward_mean:              -4.0920	reward_std:                0.1577
target_mean:              -0.5219	td_error_abs:              0.0212	test_battle_won_mean:      0.0000	test_dead_allies_mean:     4.0000
test_dead_enemies_mean:    0.0000	test_delta_ally_mean:    290.0000	test_delta_deaths_mean:  -20.0000	test_delta_enemy_mean:     0.0000
test_ep_length_mean:      21.9688	test_reward_mean:         -4.2177	test_reward_std:           0.0000	w_to_use:                  0.7327

[INFO 02:36:58] my_main t_env: 230241 / 2005000
[INFO 02:36:58] my_main Estimated time left: 2 days, 22 hours, 26 minutes, 19 seconds. Time passed: 8 hours, 55 minutes, 5 seconds
[INFO 02:45:04] my_main Updated target network
[INFO 02:55:41] my_main Updated target network
[INFO 02:59:47] my_main Recent Stats | t_env:     240230 | Episode:    10696
alpha:                     0.3364	alpha_loss:               -4.5159	battle_won_mean:           0.0000	central_loss:              0.0004
comm_loss:                 0.0001	dead_allies_mean:          4.0000	dead_enemies_mean:         0.0000	delta_ally_mean:         290.0000
delta_deaths_mean:       -20.0000	delta_enemy_mean:          9.7275	ep_length_mean:           22.2578	epsilon:                   0.0500
grad_norm:                 0.0422	loss:                      0.0013	mixer_norm:                0.0389	policy_loss:              -2.1066
q_taken_mean:             -0.5237	qmix_loss:                 0.0009	reward_mean:              -4.0853	reward_std:                0.1607
target_mean:              -0.5246	td_error_abs:              0.0204	test_battle_won_mean:      0.0000	test_dead_allies_mean:     4.0000
test_dead_enemies_mean:    0.0000	test_delta_ally_mean:    290.0000	test_delta_deaths_mean:  -20.0000	test_delta_enemy_mean:     0.0000
test_ep_length_mean:      21.9375	test_reward_mean:         -4.2177	test_reward_std:           0.0000	w_to_use:                  0.7108

[INFO 02:59:48] my_main t_env: 240253 / 2005000
[INFO 02:59:48] my_main Estimated time left: 2 days, 19 hours, 5 minutes, 55 seconds. Time passed: 9 hours, 17 minutes, 56 seconds
RequestQuit command received.
Closing Application...
DataHandler: unable to parse websocket frame.
CloseHandler: 127.0.0.1:43482 disconnected
[INFO 03:04:03] absl Shutdown gracefully.
[INFO 03:04:03] absl Shutdown with return code: -15
[INFO 03:04:03] absl Launching SC2: /share/project/ytz/StarCraftII/Versions/Base75689/SC2_x64 -listen 127.0.0.1 -port 45105 -dataDir /share/project/ytz/StarCraftII/ -tempDir /tmp/sc-4dxaykdf/
[INFO 03:04:03] absl Connecting to: ws://127.0.0.1:45105/sc2api, attempt: 0, running: True
Version: B75689 (SC2.4.10)
Build: Aug 12 2019 17:16:57
Command Line: '"/share/project/ytz/StarCraftII/Versions/Base75689/SC2_x64" -listen 127.0.0.1 -port 45105 -dataDir /share/project/ytz/StarCraftII/ -tempDir /tmp/sc-4dxaykdf/'
Starting up...
Startup Phase 1 complete
[INFO 03:04:04] absl Connecting to: ws://127.0.0.1:45105/sc2api, attempt: 1, running: True
Startup Phase 2 complete
Creating stub renderer...
[INFO 03:04:05] absl Connecting to: ws://127.0.0.1:45105/sc2api, attempt: 2, running: True
Listening on: 127.0.0.1:45105
Startup Phase 3 complete. Ready for commands.
[INFO 03:04:06] absl Connecting to: ws://127.0.0.1:45105/sc2api, attempt: 3, running: True
ConnectHandler: Request from 127.0.0.1:48564 accepted
ReadyHandler: 127.0.0.1:48564 ready
Requesting to join a single player game
Configuring interface options
Configure: raw interface enabled
Configure: feature layer interface disabled
Configure: score interface disabled
Configure: render interface disabled
Launching next game.
Next launch phase started: 2
Next launch phase started: 3
Next launch phase started: 4
Next launch phase started: 5
Next launch phase started: 6
Next launch phase started: 7
Next launch phase started: 8
Game has started.
Using default stable ids, none found at: /share/project/ytz/StarCraftII/stableid.json
Successfully loaded stable ids: GameData\stableid.json
Sending ResponseJoinGame
[INFO 03:06:31] my_main Updated target network
[INFO 03:17:02] my_main Updated target network
[INFO 03:24:40] my_main Recent Stats | t_env:     250240 | Episode:    11147
alpha:                     0.3216	alpha_loss:               -4.5231	battle_won_mean:           0.0000	central_loss:              0.0004
comm_loss:                 0.0001	dead_allies_mean:          4.0000	dead_enemies_mean:         0.0000	delta_ally_mean:         290.0000
delta_deaths_mean:       -20.0000	delta_enemy_mean:          8.4307	ep_length_mean:           22.2984	epsilon:                   0.0500
grad_norm:                 0.1369	loss:                      0.0014	mixer_norm:                0.1345	policy_loss:              -2.0848
q_taken_mean:             -0.5167	qmix_loss:                 0.0009	reward_mean:              -4.1030	reward_std:                0.1515
target_mean:              -0.5219	td_error_abs:              0.0309	test_battle_won_mean:      0.0000	test_dead_allies_mean:     4.0000
test_dead_enemies_mean:    0.0000	test_delta_ally_mean:    290.0000	test_delta_deaths_mean:  -20.0000	test_delta_enemy_mean:     0.0000
test_ep_length_mean:      21.8750	test_reward_mean:         -4.2177	test_reward_std:           0.0000	w_to_use:                  0.6078

[INFO 03:24:44] my_main t_env: 250265 / 2005000
[INFO 03:24:44] my_main Estimated time left: 3 days, 48 minutes, 31 seconds. Time passed: 9 hours, 42 minutes, 51 seconds
[INFO 03:27:51] my_main Updated target network
[INFO 03:38:20] my_main Updated target network
[INFO 03:48:44] my_main Recent Stats | t_env:     260247 | Episode:    11598
alpha:                     0.3075	alpha_loss:               -4.5267	battle_won_mean:           0.0000	central_loss:              0.0005
comm_loss:                 0.0000	dead_allies_mean:          3.9911	dead_enemies_mean:         0.0000	delta_ally_mean:         289.8639
delta_deaths_mean:       -19.9667	delta_enemy_mean:          9.1660	ep_length_mean:           22.1996	epsilon:                   0.0500
grad_norm:                 0.2466	loss:                      0.0015	mixer_norm:                0.2076	policy_loss:              -2.1127
q_taken_mean:             -0.5244	qmix_loss:                 0.0010	reward_mean:              -4.0907	reward_std:                0.1753
target_mean:              -0.5220	td_error_abs:              0.0181	test_battle_won_mean:      0.0000	test_dead_allies_mean:     4.0000
test_dead_enemies_mean:    0.0000	test_delta_ally_mean:    290.0000	test_delta_deaths_mean:  -20.0000	test_delta_enemy_mean:     0.0000
test_ep_length_mean:      22.0938	test_reward_mean:         -4.2177	test_reward_std:           0.0000	w_to_use:                  0.8320

[INFO 03:48:48] my_main t_env: 260269 / 2005000
[INFO 03:48:48] my_main Estimated time left: 2 days, 21 hours, 56 minutes, 26 seconds. Time passed: 10 hours, 6 minutes, 55 seconds
[INFO 03:49:08] my_main Updated target network
[INFO 03:59:10] my_main Updated target network
[INFO 04:09:59] my_main Updated target network
[INFO 04:12:30] my_main Recent Stats | t_env:     270264 | Episode:    12047
alpha:                     0.2939	alpha_loss:               -4.5339	battle_won_mean:           0.0000	central_loss:              0.0005
comm_loss:                 0.0009	dead_allies_mean:          4.0000	dead_enemies_mean:         0.0000	delta_ally_mean:         290.0000
delta_deaths_mean:       -20.0000	delta_enemy_mean:          9.7162	ep_length_mean:           22.1818	epsilon:                   0.0500
grad_norm:                 0.1009	loss:                      0.0023	mixer_norm:                0.0086	policy_loss:              -2.1209
q_taken_mean:             -0.5253	qmix_loss:                 0.0009	reward_mean:              -4.0855	reward_std:                0.1686
target_mean:              -0.5272	td_error_abs:              0.0225	test_battle_won_mean:      0.0000	test_dead_allies_mean:     4.0000
test_dead_enemies_mean:    0.0000	test_delta_ally_mean:    290.0000	test_delta_deaths_mean:  -20.0000	test_delta_enemy_mean:     0.0000
test_ep_length_mean:      22.0938	test_reward_mean:         -4.2177	test_reward_std:           0.0000	w_to_use:                  0.6527

[INFO 04:12:33] my_main t_env: 270286 / 2005000
[INFO 04:12:33] my_main Estimated time left: 2 days, 20 hours, 33 minutes, 11 seconds. Time passed: 10 hours, 30 minutes, 40 seconds
[INFO 04:20:45] my_main Updated target network
[INFO 04:31:04] my_main Updated target network
[INFO 04:36:12] my_main Recent Stats | t_env:     280276 | Episode:    12495
alpha:                     0.2809	alpha_loss:               -4.5436	battle_won_mean:           0.0000	central_loss:              0.0004
comm_loss:                 0.1229	dead_allies_mean:          4.0000	dead_enemies_mean:         0.0000	delta_ally_mean:         290.0000
delta_deaths_mean:       -20.0000	delta_enemy_mean:          8.8107	ep_length_mean:           22.3096	epsilon:                   0.0500
grad_norm:                 0.1506	loss:                      0.1241	mixer_norm:                0.0947	policy_loss:              -2.1233
q_taken_mean:             -0.5266	qmix_loss:                 0.0008	reward_mean:              -4.0978	reward_std:                0.1532
target_mean:              -0.5261	td_error_abs:              0.0175	test_battle_won_mean:      0.0000	test_dead_allies_mean:     4.0000
test_dead_enemies_mean:    0.0000	test_delta_ally_mean:    290.0000	test_delta_deaths_mean:  -20.0000	test_delta_enemy_mean:     0.0000
test_ep_length_mean:      21.9375	test_reward_mean:         -4.2177	test_reward_std:           0.0000	w_to_use:                  0.7612

[INFO 04:36:15] my_main t_env: 280298 / 2005000
[INFO 04:36:15] my_main Estimated time left: 2 days, 20 hours, 3 minutes, 10 seconds. Time passed: 10 hours, 54 minutes, 22 seconds
[INFO 04:41:21] my_main Updated target network
[INFO 04:52:03] my_main Updated target network
[INFO 04:59:26] my_main Recent Stats | t_env:     290278 | Episode:    12944
alpha:                     0.2686	alpha_loss:               -4.5577	battle_won_mean:           0.0000	central_loss:              0.0004
comm_loss:                 0.0004	dead_allies_mean:          4.0000	dead_enemies_mean:         0.0000	delta_ally_mean:         290.0000
delta_deaths_mean:       -20.0000	delta_enemy_mean:          8.4113	ep_length_mean:           22.3482	epsilon:                   0.0500
grad_norm:                 0.0548	loss:                      0.0016	mixer_norm:                0.0464	policy_loss:              -2.0829
q_taken_mean:             -0.5159	qmix_loss:                 0.0008	reward_mean:              -4.1032	reward_std:                0.1544
target_mean:              -0.5187	td_error_abs:              0.0234	test_battle_won_mean:      0.0000	test_dead_allies_mean:     4.0000
test_dead_enemies_mean:    0.0000	test_delta_ally_mean:    290.0000	test_delta_deaths_mean:  -20.0000	test_delta_enemy_mean:     0.0000
test_ep_length_mean:      22.0938	test_reward_mean:         -4.2177	test_reward_std:           0.0000	w_to_use:                  0.6537

[INFO 04:59:30] my_main t_env: 290300 / 2005000
[INFO 04:59:30] my_main Estimated time left: 2 days, 18 hours, 25 minutes, 19 seconds. Time passed: 11 hours, 17 minutes, 37 seconds
[INFO 05:02:40] my_main Updated target network
[INFO 05:13:07] my_main Updated target network
[INFO 05:23:14] my_main Recent Stats | t_env:     300285 | Episode:    13392
alpha:                     0.2568	alpha_loss:               -4.5579	battle_won_mean:           0.0000	central_loss:              0.0003
comm_loss:                 0.0003	dead_allies_mean:          4.0000	dead_enemies_mean:         0.0000	delta_ally_mean:         290.0000
delta_deaths_mean:       -20.0000	delta_enemy_mean:          8.6080	ep_length_mean:           22.2762	epsilon:                   0.0500
grad_norm:                 0.0684	loss:                      0.0014	mixer_norm:                0.0530	policy_loss:              -2.1050
q_taken_mean:             -0.5201	qmix_loss:                 0.0008	reward_mean:              -4.1006	reward_std:                0.1577
target_mean:              -0.5229	td_error_abs:              0.0222	test_battle_won_mean:      0.0000	test_dead_allies_mean:     4.0000
test_dead_enemies_mean:    0.0000	test_delta_ally_mean:    290.0000	test_delta_deaths_mean:  -20.0000	test_delta_enemy_mean:     0.0000
test_ep_length_mean:      22.1875	test_reward_mean:         -4.2177	test_reward_std:           0.0000	w_to_use:                  0.6382

[INFO 05:23:17] my_main t_env: 300307 / 2005000
[INFO 05:23:17] my_main Estimated time left: 2 days, 19 hours, 31 minutes, 29 seconds. Time passed: 11 hours, 41 minutes, 24 seconds
[INFO 05:23:47] my_main Updated target network
RequestQuit command received.
Closing Application...
DataHandler: unable to parse websocket frame.
CloseHandler: 127.0.0.1:48564 disconnected
[INFO 05:27:50] absl Shutdown gracefully.
[INFO 05:27:50] absl Shutdown with return code: -15
[INFO 05:27:50] absl Launching SC2: /share/project/ytz/StarCraftII/Versions/Base75689/SC2_x64 -listen 127.0.0.1 -port 43501 -dataDir /share/project/ytz/StarCraftII/ -tempDir /tmp/sc-r_le560m/
Version: B75689 (SC2.4.10)
Build: Aug 12 2019 17:16:57
Command Line: '"/share/project/ytz/StarCraftII/Versions/Base75689/SC2_x64" -listen 127.0.0.1 -port 43501 -dataDir /share/project/ytz/StarCraftII/ -tempDir /tmp/sc-r_le560m/'
[INFO 05:27:50] absl Connecting to: ws://127.0.0.1:43501/sc2api, attempt: 0, running: True
Starting up...
Startup Phase 1 complete
[INFO 05:27:51] absl Connecting to: ws://127.0.0.1:43501/sc2api, attempt: 1, running: True
Startup Phase 2 complete
Creating stub renderer...
Listening on: 127.0.0.1:43501
Startup Phase 3 complete. Ready for commands.
[INFO 05:27:52] absl Connecting to: ws://127.0.0.1:43501/sc2api, attempt: 2, running: True
ConnectHandler: Request from 127.0.0.1:41316 accepted
ReadyHandler: 127.0.0.1:41316 ready
Requesting to join a single player game
Configuring interface options
Configure: raw interface enabled
Configure: feature layer interface disabled
Configure: score interface disabled
Configure: render interface disabled
Launching next game.
Next launch phase started: 2
Next launch phase started: 3
Next launch phase started: 4
Next launch phase started: 5
Next launch phase started: 6
Next launch phase started: 7
Next launch phase started: 8
Game has started.
Using default stable ids, none found at: /share/project/ytz/StarCraftII/stableid.json
Successfully loaded stable ids: GameData\stableid.json
Sending ResponseJoinGame
[INFO 05:34:15] my_main Updated target network
[INFO 05:44:35] my_main Updated target network
[INFO 05:46:41] my_main Recent Stats | t_env:     310304 | Episode:    13840
alpha:                     0.2455	alpha_loss:               -4.5707	battle_won_mean:           0.0000	central_loss:              0.0003
comm_loss:                 0.1236	dead_allies_mean:          4.0000	dead_enemies_mean:         0.0000	delta_ally_mean:         290.0000
delta_deaths_mean:       -20.0000	delta_enemy_mean:          8.6083	ep_length_mean:           22.3371	epsilon:                   0.0500
grad_norm:                 0.0649	loss:                      0.1245	mixer_norm:                0.0640	policy_loss:              -2.1096
q_taken_mean:             -0.5210	qmix_loss:                 0.0006	reward_mean:              -4.1006	reward_std:                0.1652
target_mean:              -0.5241	td_error_abs:              0.0218	test_battle_won_mean:      0.0000	test_dead_allies_mean:     4.0000
test_dead_enemies_mean:    0.0000	test_delta_ally_mean:    290.0000	test_delta_deaths_mean:  -20.0000	test_delta_enemy_mean:     0.0000
test_ep_length_mean:      22.0312	test_reward_mean:         -4.2177	test_reward_std:           0.0000	w_to_use:                  0.6523

[INFO 05:46:45] my_main t_env: 310330 / 2005000
[INFO 05:46:45] my_main Estimated time left: 2 days, 18 hours, 7 minutes, 25 seconds. Time passed: 12 hours, 4 minutes, 52 seconds
[INFO 05:55:04] my_main Updated target network
[INFO 06:05:52] my_main Updated target network
[INFO 06:10:21] my_main Recent Stats | t_env:     320316 | Episode:    14290
alpha:                     0.2347	alpha_loss:               -4.5731	battle_won_mean:           0.0000	central_loss:              0.0003
comm_loss:                 0.1106	dead_allies_mean:          3.9911	dead_enemies_mean:         0.0000	delta_ally_mean:         289.8930
delta_deaths_mean:       -19.9777	delta_enemy_mean:          8.5243	ep_length_mean:           22.3728	epsilon:                   0.0500
grad_norm:                 0.1396	loss:                      0.1118	mixer_norm:                0.1211	policy_loss:              -2.0876
q_taken_mean:             -0.5161	qmix_loss:                 0.0008	reward_mean:              -4.1000	reward_std:                0.1632
target_mean:              -0.5210	td_error_abs:              0.0281	test_battle_won_mean:      0.0000	test_dead_allies_mean:     4.0000
test_dead_enemies_mean:    0.0000	test_delta_ally_mean:    290.0000	test_delta_deaths_mean:  -20.0000	test_delta_enemy_mean:     0.0000
test_ep_length_mean:      22.2188	test_reward_mean:         -4.2177	test_reward_std:           0.0000	w_to_use:                  0.6136

[INFO 06:10:23] my_main t_env: 320338 / 2005000
[INFO 06:10:23] my_main Estimated time left: 2 days, 18 hours, 20 minutes, 10 seconds. Time passed: 12 hours, 28 minutes, 31 seconds
