/root/miniconda3/envs/py310_sc2/lib/python3.10/site-packages/sacred/dependencies.py:11: UserWarning: pkg_resources is deprecated as an API. See https://setuptools.pypa.io/en/latest/pkg_resources.html. The pkg_resources package is slated for removal as early as 2025-11-30. Refrain from using this package or pin to Setuptools<81.
  import pkg_resources
[DEBUG 14:07:53] git.cmd Popen(['git', 'version'], cwd=/share/project/ytz/RLproject/StarCraft2_HLSMAC/RLalgs/CurriculumLearning, stdin=None, shell=False, universal_newlines=False)
[DEBUG 14:07:53] git.cmd Popen(['git', 'version'], cwd=/share/project/ytz/RLproject/StarCraft2_HLSMAC/RLalgs/CurriculumLearning, stdin=None, shell=False, universal_newlines=False)
[DEBUG 14:07:53] git.util sys.platform='linux', git_executable='git'
[DEBUG 14:07:53] git.cmd Popen(['git', 'diff', '--cached', '--abbrev=40', '--full-index', '--raw'], cwd=/share/project/ytz/RLproject/StarCraft2_HLSMAC, stdin=None, shell=False, universal_newlines=False)
[DEBUG 14:07:53] git.cmd Popen(['git', 'diff', '--abbrev=40', '--full-index', '--raw'], cwd=/share/project/ytz/RLproject/StarCraft2_HLSMAC, stdin=None, shell=False, universal_newlines=False)
[DEBUG 14:07:53] git.cmd Popen(['git', 'cat-file', '--batch-check'], cwd=/share/project/ytz/RLproject/StarCraft2_HLSMAC, stdin=<valid stream>, shell=False, universal_newlines=False)
[DEBUG 14:07:53] git.util sys.platform='linux', git_executable='git'
[DEBUG 14:07:53] git.cmd Popen(['git', 'diff', '--cached', '--abbrev=40', '--full-index', '--raw'], cwd=/share/project/ytz/RLproject/StarCraft2_HLSMAC, stdin=None, shell=False, universal_newlines=False)
[DEBUG 14:07:53] git.cmd Popen(['git', 'diff', '--abbrev=40', '--full-index', '--raw'], cwd=/share/project/ytz/RLproject/StarCraft2_HLSMAC, stdin=None, shell=False, universal_newlines=False)
[DEBUG 14:07:53] git.cmd Popen(['git', 'cat-file', '--batch-check'], cwd=/share/project/ytz/RLproject/StarCraft2_HLSMAC, stdin=<valid stream>, shell=False, universal_newlines=False)
[INFO 14:07:53] root Saving to FileStorageObserver in /share/project/ytz/RLproject/StarCraft2_HLSMAC/RLalgs/CurriculumLearning/results/sacred/sdjx/curriculum_qmix_env=4_adam_td_lambda.
[DEBUG 14:07:55] pymarl Using capture mode "fd"
[INFO 14:07:55] pymarl Running command 'my_main'
[INFO 14:07:55] pymarl Started run with ID "1"
[DEBUG 14:07:55] pymarl Starting Heartbeat
[DEBUG 14:07:55] my_main Started
[INFO 14:07:55] my_main Experiment Parameters:
[INFO 14:07:55] my_main 

{   'action_selector': 'epsilon_greedy',
    'agent': 'rnn',
    'agent_output_type': 'q',
    'alpha_init': -0.07,
    'alpha_lr': '3e-4',
    'batch_size': 128,
    'batch_size_run': 1,
    'buffer_cpu_only': True,
    'buffer_size': 5000,
    'c_beta': 1.0,
    'central_action_embed': 1,
    'central_agent': 'central_rnn',
    'central_loss': 1,
    'central_mac': 'basic_central_mac',
    'central_mixer': 'ff',
    'central_mixing_embed_dim': 256,
    'central_rnn_hidden_dim': 64,
    'checkpoint_path': '',
    'comm': True,
    'comm_beta': 0.001,
    'comm_beta_end_decay': 50000000,
    'comm_beta_start_decay': 20000000,
    'comm_beta_target': '1e-2',
    'comm_embed_dim': 3,
    'comm_entropy_beta': '1e-6',
    'comm_entropy_beta_end_decay': 50000000,
    'comm_entropy_beta_start_decay': 20000000,
    'comm_entropy_beta_target': '1e-4',
    'comm_method': 'information_bottleneck_full',
    'critic_agent': 'rnn_agent_n',
    'critic_lr': 0.0005,
    'critic_mac': 'cate_broadcast_comm_mac_full',
    'curriculum_enabled': True,
    'curriculum_end_step': 1000000,
    'curriculum_max_difficulty': 1.0,
    'curriculum_min_difficulty': 0.0,
    'curriculum_schedule': 'linear',
    'curriculum_start_step': 0,
    'cut_mu_rank_thres': 80.0,
    'cut_mu_thres': 1.0,
    'double_q': True,
    'env': 'sc2_tactics',
    'env_args': {   'continuing_episode': False,
                    'debug': False,
                    'difficulty': '7',
                    'game_version': None,
                    'heuristic_ai': False,
                    'heuristic_rest': False,
                    'map_name': 'sdjx',
                    'move_amount': 2,
                    'obs_all_health': True,
                    'obs_instead_of_state': False,
                    'obs_last_action': False,
                    'obs_own_health': True,
                    'obs_pathing_grid': True,
                    'obs_terrain_height': True,
                    'obs_timestep_number': False,
                    'replay_dir': '',
                    'replay_prefix': '',
                    'reward_death_value': 10,
                    'reward_defeat': 0,
                    'reward_negative_scale': 0.5,
                    'reward_only_positive': False,
                    'reward_scale': True,
                    'reward_scale_rate': 20,
                    'reward_sparse': False,
                    'reward_win': 200,
                    'seed': 42,
                    'state_last_action': True,
                    'state_timestep_number': False,
                    'step_mul': 8},
    'epsilon_anneal_time': 100000,
    'epsilon_finish': 0.05,
    'epsilon_start': 0.995,
    'evaluate': False,
    'gamma': 0.99,
    'gate_loss_beta': 1e-05,
    'grad_norm_clip': 10,
    'hypernet_embed': 128,
    'hypernet_layers': 2,
    'hysteretic_qmix': True,
    'is_comm_beta_decay': False,
    'is_comm_entropy_beta_decay': False,
    'is_cur_mu': False,
    'is_print': False,
    'is_rank_cut_mu': False,
    'label': 'default_label',
    'learner': 'curriculum_learner',
    'learner_log_interval': 10000,
    'load_step': 0,
    'local_results_path': 'results',
    'log_interval': 10000,
    'lr': 0.001,
    'mac': 'basic_mac_logits',
    'mixer': 'qmix',
    'mixing_embed_dim': 64,
    'name': 'curriculum_qmix_env=4_adam_td_lambda',
    'obs_agent_id': True,
    'obs_last_action': True,
    'only_downstream': False,
    'optim_alpha': 0.99,
    'optim_eps': 1e-05,
    'p': 0.5,
    'qmix_loss': 1,
    'repeat_id': 1,
    'rnn_hidden_dim': 64,
    'run': 'default',
    'runner': 'episode',
    'runner_log_interval': 10000,
    'save_model': True,
    'save_model_interval': 500000,
    'save_replay': False,
    'seed': 42,
    't_max': 2005000,
    'target_update_interval': 200,
    'td_lambda': 0.6,
    'test_greedy': True,
    'test_interval': 10000,
    'test_nepisode': 32,
    'use_IB': True,
    'use_cuda': True,
    'use_tensorboard': True,
    'w': 0.5}

----------------------
You create a SDJX env!
----------------------
514
Mixer Size: 
979.075K
namespace(runner='episode', mac='basic_mac_logits', env='sc2_tactics', env_args={'continuing_episode': False, 'difficulty': '7', 'game_version': None, 'map_name': 'sdjx', 'move_amount': 2, 'obs_all_health': True, 'obs_instead_of_state': False, 'obs_last_action': False, 'obs_own_health': True, 'obs_pathing_grid': True, 'obs_terrain_height': True, 'obs_timestep_number': False, 'reward_death_value': 10, 'reward_defeat': 0, 'reward_negative_scale': 0.5, 'reward_only_positive': False, 'reward_scale': True, 'reward_scale_rate': 20, 'reward_sparse': False, 'reward_win': 200, 'replay_dir': '', 'replay_prefix': '', 'state_last_action': True, 'state_timestep_number': False, 'step_mul': 8, 'seed': 42, 'heuristic_ai': False, 'heuristic_rest': False, 'debug': False}, batch_size_run=1, test_nepisode=32, test_interval=10000, test_greedy=True, log_interval=10000, runner_log_interval=10000, learner_log_interval=10000, t_max=2005000, use_cuda=True, buffer_cpu_only=True, use_tensorboard=True, save_model=True, save_model_interval=500000, checkpoint_path='', evaluate=False, load_step=0, save_replay=False, local_results_path='results', gamma=0.99, batch_size=128, buffer_size=5000, lr=0.001, critic_lr=0.0005, optim_alpha=0.99, optim_eps=1e-05, grad_norm_clip=10, agent='rnn', rnn_hidden_dim=64, obs_agent_id=True, obs_last_action=True, repeat_id=1, label='default_label', run='default', action_selector='epsilon_greedy', epsilon_start=0.995, epsilon_finish=0.05, epsilon_anneal_time=100000, critic_mac='cate_broadcast_comm_mac_full', critic_agent='rnn_agent_n', comm=True, comm_embed_dim=3, comm_method='information_bottleneck_full', c_beta=1.0, comm_beta=0.001, comm_entropy_beta='1e-6', gate_loss_beta=1e-05, only_downstream=False, use_IB=True, is_print=False, is_comm_beta_decay=False, comm_beta_start_decay=20000000, comm_beta_target='1e-2', comm_beta_end_decay=50000000, is_comm_entropy_beta_decay=False, comm_entropy_beta_start_decay=20000000, comm_entropy_beta_target='1e-4', comm_entropy_beta_end_decay=50000000, is_cur_mu=False, is_rank_cut_mu=False, cut_mu_thres=1.0, cut_mu_rank_thres=80.0, target_update_interval=200, agent_output_type='q', learner='curriculum_learner', double_q=True, mixer='qmix', mixing_embed_dim=64, hypernet_layers=2, hypernet_embed=128, curriculum_enabled=True, curriculum_schedule='linear', curriculum_start_step=0, curriculum_end_step=1000000, curriculum_min_difficulty=0.0, curriculum_max_difficulty=1.0, central_loss=1, qmix_loss=1, w=0.5, hysteretic_qmix=True, central_mixing_embed_dim=256, central_action_embed=1, central_mac='basic_central_mac', central_agent='central_rnn', central_rnn_hidden_dim=64, central_mixer='ff', td_lambda=0.6, alpha_lr='3e-4', alpha_init=-0.07, p=0.5, name='curriculum_qmix_env=4_adam_td_lambda', seed=42, device='cuda', unique_token='curriculum_qmix_env=4_adam_td_lambda__2025-11-19_14-07-55', n_agents=18, n_actions=23, state_shape=764, accumulated_episodes=None)
[INFO 14:07:58] my_main Beginning training for 2005000 timesteps
[INFO 14:07:58] absl Launching SC2: /share/project/ytz/StarCraftII/Versions/Base75689/SC2_x64 -listen 127.0.0.1 -port 34637 -dataDir /share/project/ytz/StarCraftII/ -tempDir /tmp/sc-qh4q6wha/
[INFO 14:07:58] absl Connecting to: ws://127.0.0.1:34637/sc2api, attempt: 0, running: True
Version: B75689 (SC2.4.10)
Build: Aug 12 2019 17:16:57
Command Line: '"/share/project/ytz/StarCraftII/Versions/Base75689/SC2_x64" -listen 127.0.0.1 -port 34637 -dataDir /share/project/ytz/StarCraftII/ -tempDir /tmp/sc-qh4q6wha/'
Starting up...
Startup Phase 1 complete
[INFO 14:07:59] absl Connecting to: ws://127.0.0.1:34637/sc2api, attempt: 1, running: True
Startup Phase 2 complete
Creating stub renderer...
Listening on: 127.0.0.1:34637
Startup Phase 3 complete. Ready for commands.
[INFO 14:08:00] absl Connecting to: ws://127.0.0.1:34637/sc2api, attempt: 2, running: True
ConnectHandler: Request from 127.0.0.1:44528 accepted
ReadyHandler: 127.0.0.1:44528 ready
Requesting to join a single player game
Configuring interface options
Configure: raw interface enabled
Configure: feature layer interface disabled
Configure: score interface disabled
Configure: render interface disabled
Launching next game.
Next launch phase started: 2
Next launch phase started: 3
Next launch phase started: 4
Next launch phase started: 5
Next launch phase started: 6
Next launch phase started: 7
Next launch phase started: 8
Game has started.
Using default stable ids, none found at: /share/project/ytz/StarCraftII/stableid.json
Successfully loaded stable ids: GameData\stableid.json
Sending ResponseJoinGame
{'marine': 48, 'medivac': 54}
/share/project/ytz/RLproject/StarCraft2_HLSMAC/RLalgs/CurriculumLearning/src/components/episode_buffer.py:103: UserWarning: Creating a tensor from a list of numpy.ndarrays is extremely slow. Please consider converting the list to a single numpy.ndarray with numpy.array() before converting to a tensor. (Triggered internally at ../torch/csrc/utils/tensor_new.cpp:261.)
  v = th.tensor(v, dtype=dtype, device=self.device)
/share/project/ytz/RLproject/StarCraft2_HLSMAC/RLalgs/CurriculumLearning/src/components/episode_buffer.py:103: UserWarning: To copy construct from a tensor, it is recommended to use sourceTensor.clone().detach() or sourceTensor.clone().detach().requires_grad_(True), rather than torch.tensor(sourceTensor).
  v = th.tensor(v, dtype=dtype, device=self.device)
[INFO 14:08:09] my_main t_env: 150 / 2005000
[INFO 14:08:09] my_main Estimated time left: 34 minutes, 46 seconds. Time passed: 10 seconds
[INFO 14:10:16] my_main Saving models to results/models/curriculum_qmix_env=4_adam_td_lambda__2025-11-19_14-07-55/150
[INFO 14:14:32] my_main Recent Stats | t_env:      10132 | Episode:       70
battle_won_mean:           0.0000	dead_allies_mean:         11.0000	dead_enemies_mean:         1.0000	delta_ally_mean:         247.5000
delta_deaths_mean:       -45.0000	delta_enemy_mean:        150.0000	ep_length_mean:          150.0000	epsilon:                   0.9950
reward_mean:              -0.3389	reward_std:                0.0000	test_battle_won_mean:      0.0000	test_dead_allies_mean:     0.0000
test_dead_enemies_mean:    0.0000	test_delta_ally_mean:      0.0000	test_delta_deaths_mean:    0.0000	test_delta_enemy_mean:     0.0000
test_ep_length_mean:     150.0000	test_reward_mean:          0.0000	test_reward_std:           0.0000	
[INFO 14:14:36] my_main t_env: 10282 / 2005000
[INFO 14:14:36] my_main Estimated time left: 21 hours, 11 minutes, 21 seconds. Time passed: 6 minutes, 38 seconds
[INFO 14:23:07] my_main Recent Stats | t_env:      20182 | Episode:      137
alpha:                     0.9323	alpha_loss:              -30.5015	battle_won_mean:           0.0000	central_loss:              0.0006
comm_loss:                 0.5651	curriculum/difficulty:     0.0199	curriculum/progress:       0.0199	dead_allies_mean:          9.3143
dead_enemies_mean:         0.1857	delta_ally_mean:         236.8172	delta_deaths_mean:       -44.7143	delta_enemy_mean:         46.4929
ep_length_mean:          144.7429	epsilon:                   0.8993	grad_norm:                 5.7250	loss:                      0.6776
mixer_norm:                5.0874	policy_loss:              -1.1205	q_taken_mean:              0.0229	qmix_loss:                 0.1119
reward_mean:              -0.5590	reward_std:                0.2208	target_mean:               0.0017	td_error_abs:              0.3968
test_battle_won_mean:      0.0000	test_dead_allies_mean:     0.0000	test_dead_enemies_mean:    0.0000	test_delta_ally_mean:      0.0000
test_delta_deaths_mean:    0.0000	test_delta_enemy_mean:     0.0000	test_ep_length_mean:     150.0000	test_reward_mean:          0.0000
test_reward_std:           0.0000	w_to_use:                  0.5366	
[INFO 14:23:19] my_main t_env: 20332 / 2005000
[INFO 14:23:19] my_main Estimated time left: 1 days, 4 hours, 41 minutes, 11 seconds. Time passed: 15 minutes, 20 seconds
[INFO 14:32:28] my_main Updated target network
[INFO 14:33:25] my_main Recent Stats | t_env:      30308 | Episode:      209
alpha:                     0.9258	alpha_loss:              -30.4305	battle_won_mean:           0.0000	central_loss:              0.0003
comm_loss:                 0.2063	curriculum/difficulty:     0.0300	curriculum/progress:       0.0300	dead_allies_mean:          4.4030
dead_enemies_mean:         0.1343	delta_ally_mean:         107.6241	delta_deaths_mean:       -20.6716	delta_enemy_mean:         21.4627
ep_length_mean:          150.0000	epsilon:                   0.8043	grad_norm:                 0.0949	loss:                      0.2075
mixer_norm:                0.0342	policy_loss:              -0.9184	q_taken_mean:              0.0019	qmix_loss:                 0.0008
reward_mean:              -0.2541	reward_std:                0.2026	target_mean:               0.0016	td_error_abs:              0.0275
test_battle_won_mean:      0.0000	test_dead_allies_mean:     1.2812	test_dead_enemies_mean:    0.0000	test_delta_ally_mean:     39.2812
test_delta_deaths_mean:   -6.4062	test_delta_enemy_mean:     0.0000	test_ep_length_mean:     150.0000	test_reward_mean:         -0.1087
test_reward_std:           0.1508	w_to_use:                  0.7175	
[INFO 14:33:33] my_main t_env: 30458 / 2005000
[INFO 14:33:33] my_main Estimated time left: 1 days, 9 hours, 14 minutes, 24 seconds. Time passed: 25 minutes, 34 seconds
[INFO 14:41:55] my_main Recent Stats | t_env:      40331 | Episode:      286
alpha:                     0.9185	alpha_loss:              -30.3705	battle_won_mean:           0.0000	central_loss:              0.0002
comm_loss:                 0.1308	curriculum/difficulty:     0.0400	curriculum/progress:       0.0400	dead_allies_mean:         10.1389
dead_enemies_mean:         0.1944	delta_ally_mean:         262.5093	delta_deaths_mean:       -48.7500	delta_enemy_mean:         54.7378
ep_length_mean:          140.6389	epsilon:                   0.7086	grad_norm:                 0.0852	loss:                      0.1315
mixer_norm:                0.0077	policy_loss:              -0.7420	q_taken_mean:              0.0018	qmix_loss:                 0.0005
reward_mean:              -0.6100	reward_std:                0.2420	target_mean:               0.0014	td_error_abs:              0.0213
test_battle_won_mean:      0.0000	test_dead_allies_mean:     8.8750	test_dead_enemies_mean:    0.0312	test_delta_ally_mean:    218.7132
test_delta_deaths_mean:  -44.0625	test_delta_enemy_mean:     6.4414	test_ep_length_mean:     145.8125	test_reward_mean:         -0.6096
test_reward_std:           0.1614	w_to_use:                  0.6846	
[INFO 14:42:02] my_main t_env: 40481 / 2005000
[INFO 14:42:02] my_main Estimated time left: 1 days, 3 hours, 43 minutes, 41 seconds. Time passed: 34 minutes, 3 seconds
RequestQuit command received.
Closing Application...
DataHandler: unable to parse websocket frame.
CloseHandler: 127.0.0.1:44528 disconnected
[INFO 14:44:35] absl Shutdown gracefully.
[INFO 14:44:35] absl Shutdown with return code: -15
[INFO 14:44:35] absl Launching SC2: /share/project/ytz/StarCraftII/Versions/Base75689/SC2_x64 -listen 127.0.0.1 -port 44193 -dataDir /share/project/ytz/StarCraftII/ -tempDir /tmp/sc-51laf779/
[INFO 14:44:35] absl Connecting to: ws://127.0.0.1:44193/sc2api, attempt: 0, running: True
Version: B75689 (SC2.4.10)
Build: Aug 12 2019 17:16:57
Command Line: '"/share/project/ytz/StarCraftII/Versions/Base75689/SC2_x64" -listen 127.0.0.1 -port 44193 -dataDir /share/project/ytz/StarCraftII/ -tempDir /tmp/sc-51laf779/'
Starting up...
Startup Phase 1 complete
[INFO 14:44:36] absl Connecting to: ws://127.0.0.1:44193/sc2api, attempt: 1, running: True
Startup Phase 2 complete
Creating stub renderer...
Listening on: 127.0.0.1:44193
Startup Phase 3 complete. Ready for commands.
[INFO 14:44:37] absl Connecting to: ws://127.0.0.1:44193/sc2api, attempt: 2, running: True
ConnectHandler: Request from 127.0.0.1:56224 accepted
ReadyHandler: 127.0.0.1:56224 ready
Requesting to join a single player game
Configuring interface options
Configure: raw interface enabled
Configure: feature layer interface disabled
Configure: score interface disabled
Configure: render interface disabled
Launching next game.
Next launch phase started: 2
Next launch phase started: 3
Next launch phase started: 4
Next launch phase started: 5
Next launch phase started: 6
Next launch phase started: 7
Next launch phase started: 8
Game has started.
Using default stable ids, none found at: /share/project/ytz/StarCraftII/stableid.json
Successfully loaded stable ids: GameData\stableid.json
Sending ResponseJoinGame
[INFO 14:50:04] my_main Recent Stats | t_env:      50370 | Episode:      360
alpha:                     0.9120	alpha_loss:              -30.3610	battle_won_mean:           0.0000	central_loss:              0.0002
comm_loss:                 0.1277	curriculum/difficulty:     0.0501	curriculum/progress:       0.0501	dead_allies_mean:         11.1039
dead_enemies_mean:         0.2208	delta_ally_mean:         287.7633	delta_deaths_mean:       -53.3117	delta_enemy_mean:         59.6851
ep_length_mean:          130.1688	epsilon:                   0.6139	grad_norm:                 0.1266	loss:                      0.1283
mixer_norm:                0.0056	policy_loss:              -0.7739	q_taken_mean:              0.0016	qmix_loss:                 0.0004
reward_mean:              -0.6692	reward_std:                0.2920	target_mean:               0.0013	td_error_abs:              0.0188
test_battle_won_mean:      0.0000	test_dead_allies_mean:     6.7188	test_dead_enemies_mean:    0.0000	test_delta_ally_mean:    165.3441
test_delta_deaths_mean:  -33.5938	test_delta_enemy_mean:     1.5898	test_ep_length_mean:     141.6250	test_reward_mean:         -0.4693
test_reward_std:           0.2879	w_to_use:                  0.6984	
[INFO 14:50:09] my_main t_env: 50520 / 2005000
[INFO 14:50:09] my_main Estimated time left: 1 days, 2 hours, 19 minutes, 45 seconds. Time passed: 42 minutes, 10 seconds
[INFO 14:54:50] my_main Updated target network
[INFO 14:57:55] my_main Recent Stats | t_env:      60483 | Episode:      431
alpha:                     0.9053	alpha_loss:              -30.3716	battle_won_mean:           0.0000	central_loss:              0.0001
comm_loss:                 0.1010	curriculum/difficulty:     0.0602	curriculum/progress:       0.0602	dead_allies_mean:         10.4054
dead_enemies_mean:         0.1486	delta_ally_mean:         269.2649	delta_deaths_mean:       -50.6757	delta_enemy_mean:         44.9426
ep_length_mean:          135.6622	epsilon:                   0.5190	grad_norm:                 0.0444	loss:                      0.1016
mixer_norm:                0.0291	policy_loss:              -0.7036	q_taken_mean:              0.0019	qmix_loss:                 0.0005
reward_mean:              -0.6540	reward_std:                0.2626	target_mean:               0.0013	td_error_abs:              0.0203
test_battle_won_mean:      0.0000	test_dead_allies_mean:     8.5938	test_dead_enemies_mean:    0.0625	test_delta_ally_mean:    212.4769
test_delta_deaths_mean:  -42.3438	test_delta_enemy_mean:    25.2930	test_ep_length_mean:     144.8750	test_reward_mean:         -0.5458
test_reward_std:           0.2886	w_to_use:                  0.6733	
[INFO 14:57:59] my_main t_env: 60633 / 2005000
[INFO 14:57:59] my_main Estimated time left: 1 days, 1 hours, 7 minutes, 6 seconds. Time passed: 50 minutes, 1 seconds
[INFO 15:06:17] my_main Recent Stats | t_env:      70588 | Episode:      500
alpha:                     0.8991	alpha_loss:              -30.3914	battle_won_mean:           0.0000	central_loss:              0.0001
comm_loss:                 0.1033	curriculum/difficulty:     0.0703	curriculum/progress:       0.0703	dead_allies_mean:          9.2958
dead_enemies_mean:         0.1972	delta_ally_mean:         240.4555	delta_deaths_mean:       -44.5070	delta_enemy_mean:         46.3169
ep_length_mean:          142.4366	epsilon:                   0.4234	grad_norm:                 0.0781	loss:                      0.1038
mixer_norm:                0.0040	policy_loss:              -0.7195	q_taken_mean:              0.0015	qmix_loss:                 0.0004
reward_mean:              -0.5675	reward_std:                0.3467	target_mean:               0.0011	td_error_abs:              0.0181
test_battle_won_mean:      0.0000	test_dead_allies_mean:     0.0312	test_dead_enemies_mean:    0.0000	test_delta_ally_mean:      0.7031
test_delta_deaths_mean:   -0.1562	test_delta_enemy_mean:     0.0000	test_ep_length_mean:     150.0000	test_reward_mean:         -0.0020
test_reward_std:           0.0114	w_to_use:                  0.7086	
[INFO 15:06:22] my_main t_env: 70738 / 2005000
[INFO 15:06:22] my_main Estimated time left: 1 days, 2 hours, 42 minutes, 32 seconds. Time passed: 58 minutes, 23 seconds
