/root/miniconda3/envs/py310_sc2/lib/python3.10/site-packages/sacred/dependencies.py:11: UserWarning: pkg_resources is deprecated as an API. See https://setuptools.pypa.io/en/latest/pkg_resources.html. The pkg_resources package is slated for removal as early as 2025-11-30. Refrain from using this package or pin to Setuptools<81.
  import pkg_resources
[DEBUG 14:08:02] git.cmd Popen(['git', 'version'], cwd=/share/project/ytz/RLproject/StarCraft2_HLSMAC/RLalgs/CurriculumLearning, stdin=None, shell=False, universal_newlines=False)
[DEBUG 14:08:02] git.cmd Popen(['git', 'version'], cwd=/share/project/ytz/RLproject/StarCraft2_HLSMAC/RLalgs/CurriculumLearning, stdin=None, shell=False, universal_newlines=False)
[DEBUG 14:08:02] git.util sys.platform='linux', git_executable='git'
[DEBUG 14:08:02] git.cmd Popen(['git', 'diff', '--cached', '--abbrev=40', '--full-index', '--raw'], cwd=/share/project/ytz/RLproject/StarCraft2_HLSMAC, stdin=None, shell=False, universal_newlines=False)
[DEBUG 14:08:02] git.cmd Popen(['git', 'diff', '--abbrev=40', '--full-index', '--raw'], cwd=/share/project/ytz/RLproject/StarCraft2_HLSMAC, stdin=None, shell=False, universal_newlines=False)
[DEBUG 14:08:02] git.cmd Popen(['git', 'cat-file', '--batch-check'], cwd=/share/project/ytz/RLproject/StarCraft2_HLSMAC, stdin=<valid stream>, shell=False, universal_newlines=False)
[DEBUG 14:08:02] git.util sys.platform='linux', git_executable='git'
[DEBUG 14:08:02] git.cmd Popen(['git', 'diff', '--cached', '--abbrev=40', '--full-index', '--raw'], cwd=/share/project/ytz/RLproject/StarCraft2_HLSMAC, stdin=None, shell=False, universal_newlines=False)
[DEBUG 14:08:02] git.cmd Popen(['git', 'diff', '--abbrev=40', '--full-index', '--raw'], cwd=/share/project/ytz/RLproject/StarCraft2_HLSMAC, stdin=None, shell=False, universal_newlines=False)
[DEBUG 14:08:02] git.cmd Popen(['git', 'cat-file', '--batch-check'], cwd=/share/project/ytz/RLproject/StarCraft2_HLSMAC, stdin=<valid stream>, shell=False, universal_newlines=False)
[INFO 14:08:02] root Saving to FileStorageObserver in /share/project/ytz/RLproject/StarCraft2_HLSMAC/RLalgs/CurriculumLearning/results/sacred/swct/curriculum_qmix_env=4_adam_td_lambda.
[DEBUG 14:08:04] pymarl Using capture mode "fd"
[INFO 14:08:04] pymarl Running command 'my_main'
[INFO 14:08:04] pymarl Started run with ID "1"
[DEBUG 14:08:04] pymarl Starting Heartbeat
[DEBUG 14:08:04] my_main Started
[INFO 14:08:04] my_main Experiment Parameters:
[INFO 14:08:04] my_main 

{   'action_selector': 'epsilon_greedy',
    'agent': 'rnn',
    'agent_output_type': 'q',
    'alpha_init': -0.07,
    'alpha_lr': '3e-4',
    'batch_size': 128,
    'batch_size_run': 1,
    'buffer_cpu_only': True,
    'buffer_size': 5000,
    'c_beta': 1.0,
    'central_action_embed': 1,
    'central_agent': 'central_rnn',
    'central_loss': 1,
    'central_mac': 'basic_central_mac',
    'central_mixer': 'ff',
    'central_mixing_embed_dim': 256,
    'central_rnn_hidden_dim': 64,
    'checkpoint_path': '',
    'comm': True,
    'comm_beta': 0.001,
    'comm_beta_end_decay': 50000000,
    'comm_beta_start_decay': 20000000,
    'comm_beta_target': '1e-2',
    'comm_embed_dim': 3,
    'comm_entropy_beta': '1e-6',
    'comm_entropy_beta_end_decay': 50000000,
    'comm_entropy_beta_start_decay': 20000000,
    'comm_entropy_beta_target': '1e-4',
    'comm_method': 'information_bottleneck_full',
    'critic_agent': 'rnn_agent_n',
    'critic_lr': 0.0005,
    'critic_mac': 'cate_broadcast_comm_mac_full',
    'curriculum_enabled': True,
    'curriculum_end_step': 1000000,
    'curriculum_max_difficulty': 1.0,
    'curriculum_min_difficulty': 0.0,
    'curriculum_schedule': 'linear',
    'curriculum_start_step': 0,
    'cut_mu_rank_thres': 80.0,
    'cut_mu_thres': 1.0,
    'double_q': True,
    'env': 'sc2_tactics',
    'env_args': {   'continuing_episode': False,
                    'debug': False,
                    'difficulty': '7',
                    'game_version': None,
                    'heuristic_ai': False,
                    'heuristic_rest': False,
                    'map_name': 'swct',
                    'move_amount': 2,
                    'obs_all_health': True,
                    'obs_instead_of_state': False,
                    'obs_last_action': False,
                    'obs_own_health': True,
                    'obs_pathing_grid': True,
                    'obs_terrain_height': True,
                    'obs_timestep_number': False,
                    'replay_dir': '',
                    'replay_prefix': '',
                    'reward_death_value': 10,
                    'reward_defeat': 0,
                    'reward_negative_scale': 0.5,
                    'reward_only_positive': False,
                    'reward_scale': True,
                    'reward_scale_rate': 20,
                    'reward_sparse': False,
                    'reward_win': 200,
                    'seed': 42,
                    'state_last_action': True,
                    'state_timestep_number': False,
                    'step_mul': 8},
    'epsilon_anneal_time': 100000,
    'epsilon_finish': 0.05,
    'epsilon_start': 0.995,
    'evaluate': False,
    'gamma': 0.99,
    'gate_loss_beta': 1e-05,
    'grad_norm_clip': 10,
    'hypernet_embed': 128,
    'hypernet_layers': 2,
    'hysteretic_qmix': True,
    'is_comm_beta_decay': False,
    'is_comm_entropy_beta_decay': False,
    'is_cur_mu': False,
    'is_print': False,
    'is_rank_cut_mu': False,
    'label': 'default_label',
    'learner': 'curriculum_learner',
    'learner_log_interval': 10000,
    'load_step': 0,
    'local_results_path': 'results',
    'log_interval': 10000,
    'lr': 0.001,
    'mac': 'basic_mac_logits',
    'mixer': 'qmix',
    'mixing_embed_dim': 64,
    'name': 'curriculum_qmix_env=4_adam_td_lambda',
    'obs_agent_id': True,
    'obs_last_action': True,
    'only_downstream': False,
    'optim_alpha': 0.99,
    'optim_eps': 1e-05,
    'p': 0.5,
    'qmix_loss': 1,
    'repeat_id': 1,
    'rnn_hidden_dim': 64,
    'run': 'default',
    'runner': 'episode',
    'runner_log_interval': 10000,
    'save_model': True,
    'save_model_interval': 500000,
    'save_replay': False,
    'seed': 42,
    't_max': 2005000,
    'target_update_interval': 200,
    'td_lambda': 0.6,
    'test_greedy': True,
    'test_interval': 10000,
    'test_nepisode': 32,
    'use_IB': True,
    'use_cuda': True,
    'use_tensorboard': True,
    'w': 0.5}

----------------------
You create a SWCT env!
----------------------
172
Mixer Size: 
345.155K
namespace(runner='episode', mac='basic_mac_logits', env='sc2_tactics', env_args={'continuing_episode': False, 'difficulty': '7', 'game_version': None, 'map_name': 'swct', 'move_amount': 2, 'obs_all_health': True, 'obs_instead_of_state': False, 'obs_last_action': False, 'obs_own_health': True, 'obs_pathing_grid': True, 'obs_terrain_height': True, 'obs_timestep_number': False, 'reward_death_value': 10, 'reward_defeat': 0, 'reward_negative_scale': 0.5, 'reward_only_positive': False, 'reward_scale': True, 'reward_scale_rate': 20, 'reward_sparse': False, 'reward_win': 200, 'replay_dir': '', 'replay_prefix': '', 'state_last_action': True, 'state_timestep_number': False, 'step_mul': 8, 'seed': 42, 'heuristic_ai': False, 'heuristic_rest': False, 'debug': False}, batch_size_run=1, test_nepisode=32, test_interval=10000, test_greedy=True, log_interval=10000, runner_log_interval=10000, learner_log_interval=10000, t_max=2005000, use_cuda=True, buffer_cpu_only=True, use_tensorboard=True, save_model=True, save_model_interval=500000, checkpoint_path='', evaluate=False, load_step=0, save_replay=False, local_results_path='results', gamma=0.99, batch_size=128, buffer_size=5000, lr=0.001, critic_lr=0.0005, optim_alpha=0.99, optim_eps=1e-05, grad_norm_clip=10, agent='rnn', rnn_hidden_dim=64, obs_agent_id=True, obs_last_action=True, repeat_id=1, label='default_label', run='default', action_selector='epsilon_greedy', epsilon_start=0.995, epsilon_finish=0.05, epsilon_anneal_time=100000, critic_mac='cate_broadcast_comm_mac_full', critic_agent='rnn_agent_n', comm=True, comm_embed_dim=3, comm_method='information_bottleneck_full', c_beta=1.0, comm_beta=0.001, comm_entropy_beta='1e-6', gate_loss_beta=1e-05, only_downstream=False, use_IB=True, is_print=False, is_comm_beta_decay=False, comm_beta_start_decay=20000000, comm_beta_target='1e-2', comm_beta_end_decay=50000000, is_comm_entropy_beta_decay=False, comm_entropy_beta_start_decay=20000000, comm_entropy_beta_target='1e-4', comm_entropy_beta_end_decay=50000000, is_cur_mu=False, is_rank_cut_mu=False, cut_mu_thres=1.0, cut_mu_rank_thres=80.0, target_update_interval=200, agent_output_type='q', learner='curriculum_learner', double_q=True, mixer='qmix', mixing_embed_dim=64, hypernet_layers=2, hypernet_embed=128, curriculum_enabled=True, curriculum_schedule='linear', curriculum_start_step=0, curriculum_end_step=1000000, curriculum_min_difficulty=0.0, curriculum_max_difficulty=1.0, central_loss=1, qmix_loss=1, w=0.5, hysteretic_qmix=True, central_mixing_embed_dim=256, central_action_embed=1, central_mac='basic_central_mac', central_agent='central_rnn', central_rnn_hidden_dim=64, central_mixer='ff', td_lambda=0.6, alpha_lr='3e-4', alpha_init=-0.07, p=0.5, name='curriculum_qmix_env=4_adam_td_lambda', seed=42, device='cuda', unique_token='curriculum_qmix_env=4_adam_td_lambda__2025-11-19_14-08-04', n_agents=5, n_actions=18, state_shape=180, accumulated_episodes=None)
[INFO 14:08:06] my_main Beginning training for 2005000 timesteps
[INFO 14:08:06] absl Launching SC2: /share/project/ytz/StarCraftII/Versions/Base75689/SC2_x64 -listen 127.0.0.1 -port 43359 -dataDir /share/project/ytz/StarCraftII/ -tempDir /tmp/sc-gicd5nae/
[INFO 14:08:06] absl Connecting to: ws://127.0.0.1:43359/sc2api, attempt: 0, running: True
Version: B75689 (SC2.4.10)
Build: Aug 12 2019 17:16:57
Command Line: '"/share/project/ytz/StarCraftII/Versions/Base75689/SC2_x64" -listen 127.0.0.1 -port 43359 -dataDir /share/project/ytz/StarCraftII/ -tempDir /tmp/sc-gicd5nae/'
Starting up...
Startup Phase 1 complete
[INFO 14:08:07] absl Connecting to: ws://127.0.0.1:43359/sc2api, attempt: 1, running: True
Startup Phase 2 complete
Creating stub renderer...
Listening on: 127.0.0.1:43359
Startup Phase 3 complete. Ready for commands.
[INFO 14:08:08] absl Connecting to: ws://127.0.0.1:43359/sc2api, attempt: 2, running: True
ConnectHandler: Request from 127.0.0.1:45988 accepted
ReadyHandler: 127.0.0.1:45988 ready
Requesting to join a single player game
Configuring interface options
Configure: raw interface enabled
Configure: feature layer interface disabled
Configure: score interface disabled
Configure: render interface disabled
Launching next game.
Next launch phase started: 2
Next launch phase started: 3
Next launch phase started: 4
Next launch phase started: 5
Next launch phase started: 6
Next launch phase started: 7
Next launch phase started: 8
Game has started.
Using default stable ids, none found at: /share/project/ytz/StarCraftII/stableid.json
Successfully loaded stable ids: GameData\stableid.json
Sending ResponseJoinGame
{'sentry': 77, 'warpPrism': 81}
{'sentry': 77, 'warpPrism': 81}
{'sentry': 77, 'warpPrism': 81}
{'sentry': 77, 'warpPrism': 81}
{'sentry': 77, 'warpPrism': 81}
{'sentry': 77, 'warpPrism': 81}
/share/project/ytz/RLproject/StarCraft2_HLSMAC/RLalgs/CurriculumLearning/src/components/episode_buffer.py:103: UserWarning: Creating a tensor from a list of numpy.ndarrays is extremely slow. Please consider converting the list to a single numpy.ndarray with numpy.array() before converting to a tensor. (Triggered internally at ../torch/csrc/utils/tensor_new.cpp:261.)
  v = th.tensor(v, dtype=dtype, device=self.device)
/share/project/ytz/RLproject/StarCraft2_HLSMAC/RLalgs/CurriculumLearning/src/components/episode_buffer.py:103: UserWarning: To copy construct from a tensor, it is recommended to use sourceTensor.clone().detach() or sourceTensor.clone().detach().requires_grad_(True), rather than torch.tensor(sourceTensor).
  v = th.tensor(v, dtype=dtype, device=self.device)
[INFO 14:08:17] my_main t_env: 200 / 2005000
[INFO 14:08:17] my_main Estimated time left: 36 minutes, 49 seconds. Time passed: 11 seconds
[INFO 14:10:10] my_main Saving models to results/models/curriculum_qmix_env=4_adam_td_lambda__2025-11-19_14-08-04/200
[INFO 14:13:17] my_main Recent Stats | t_env:      10125 | Episode:       51
battle_won_mean:           0.0000	dead_allies_mean:          0.0000	dead_enemies_mean:         0.0000	delta_ally_mean:           0.0000
delta_deaths_mean:         0.0000	delta_enemy_mean:          0.0000	ep_length_mean:          200.0000	epsilon:                   0.9950
reward_mean:               0.0000	reward_std:                0.0000	test_battle_won_mean:      0.0000	test_dead_allies_mean:     0.0000
test_dead_enemies_mean:    0.0000	test_delta_ally_mean:      0.0000	test_delta_deaths_mean:    0.0000	test_delta_enemy_mean:     0.0000
test_ep_length_mean:     200.0000	test_reward_mean:          0.0000	test_reward_std:           0.0000	
[INFO 14:13:21] my_main t_env: 10325 / 2005000
[INFO 14:13:21] my_main Estimated time left: 16 hours, 35 minutes, 59 seconds. Time passed: 5 minutes, 14 seconds
[INFO 14:19:16] my_main Recent Stats | t_env:      20281 | Episode:      102
battle_won_mean:           0.0000	dead_allies_mean:          0.4902	dead_enemies_mean:         0.0392	delta_ally_mean:          20.0159
delta_deaths_mean:        -2.0588	delta_enemy_mean:          6.3002	ep_length_mean:          198.5294	epsilon:                   0.8993
reward_mean:              -0.0268	reward_std:                0.0530	test_battle_won_mean:      0.0000	test_dead_allies_mean:     0.0000
test_dead_enemies_mean:    0.0000	test_delta_ally_mean:      0.0000	test_delta_deaths_mean:    0.0000	test_delta_enemy_mean:     0.0000
test_ep_length_mean:     200.0000	test_reward_mean:          0.0000	test_reward_std:           0.0000	
[INFO 14:19:20] my_main t_env: 20481 / 2005000
[INFO 14:19:20] my_main Estimated time left: 19 hours, 31 minutes, 21 seconds. Time passed: 11 minutes, 14 seconds
[INFO 14:25:39] my_main Recent Stats | t_env:      30304 | Episode:      153
alpha:                     0.9323	alpha_loss:               -6.8433	battle_won_mean:           0.0000	central_loss:              0.0005
comm_loss:                 0.1475	curriculum/difficulty:     0.0299	curriculum/progress:       0.0299	dead_allies_mean:          0.7255
dead_enemies_mean:         0.0000	delta_ally_mean:          29.6213	delta_deaths_mean:        -3.6275	delta_enemy_mean:          6.5809
ep_length_mean:          199.1373	epsilon:                   0.8033	grad_norm:                 2.3349	loss:                      0.1968
mixer_norm:                2.1354	policy_loss:              -0.9843	q_taken_mean:             -0.0146	qmix_loss:                 0.0488
reward_mean:              -0.0453	reward_std:                0.0729	target_mean:               0.0001	td_error_abs:              0.1894
test_battle_won_mean:      0.0000	test_dead_allies_mean:     0.0000	test_dead_enemies_mean:    0.0000	test_delta_ally_mean:      0.0000
test_delta_deaths_mean:    0.0000	test_delta_enemy_mean:     0.0000	test_ep_length_mean:     200.0000	test_reward_mean:          0.0000
test_reward_std:           0.0000	w_to_use:                  0.8114	
[INFO 14:25:43] my_main t_env: 30504 / 2005000
[INFO 14:25:43] my_main Estimated time left: 20 hours, 56 minutes, 57 seconds. Time passed: 17 minutes, 37 seconds
RequestQuit command received.
Closing Application...
DataHandler: unable to parse websocket frame.
CloseHandler: 127.0.0.1:45988 disconnected
[INFO 14:30:36] absl Shutdown gracefully.
[INFO 14:30:36] absl Shutdown with return code: -15
[INFO 14:30:36] absl Launching SC2: /share/project/ytz/StarCraftII/Versions/Base75689/SC2_x64 -listen 127.0.0.1 -port 42471 -dataDir /share/project/ytz/StarCraftII/ -tempDir /tmp/sc-icdbm92t/
[INFO 14:30:36] absl Connecting to: ws://127.0.0.1:42471/sc2api, attempt: 0, running: True
Version: B75689 (SC2.4.10)
Build: Aug 12 2019 17:16:57
Command Line: '"/share/project/ytz/StarCraftII/Versions/Base75689/SC2_x64" -listen 127.0.0.1 -port 42471 -dataDir /share/project/ytz/StarCraftII/ -tempDir /tmp/sc-icdbm92t/'
Starting up...
Startup Phase 1 complete
[INFO 14:30:37] absl Connecting to: ws://127.0.0.1:42471/sc2api, attempt: 1, running: True
Startup Phase 2 complete
Creating stub renderer...
Listening on: 127.0.0.1:42471
Startup Phase 3 complete. Ready for commands.
[INFO 14:30:38] absl Connecting to: ws://127.0.0.1:42471/sc2api, attempt: 2, running: True
ConnectHandler: Request from 127.0.0.1:46756 accepted
ReadyHandler: 127.0.0.1:46756 ready
Requesting to join a single player game
Configuring interface options
Configure: raw interface enabled
Configure: feature layer interface disabled
Configure: score interface disabled
Configure: render interface disabled
Launching next game.
Next launch phase started: 2
Next launch phase started: 3
Next launch phase started: 4
Next launch phase started: 5
Next launch phase started: 6
Next launch phase started: 7
Next launch phase started: 8
Game has started.
Using default stable ids, none found at: /share/project/ytz/StarCraftII/stableid.json
Successfully loaded stable ids: GameData\stableid.json
Sending ResponseJoinGame
[INFO 14:30:44] my_main Updated target network
[INFO 14:30:55] my_main Recent Stats | t_env:      40455 | Episode:      204
alpha:                     0.9276	alpha_loss:               -6.8470	battle_won_mean:           0.0000	central_loss:              0.0002
comm_loss:                 0.0787	curriculum/difficulty:     0.0401	curriculum/progress:       0.0401	dead_allies_mean:          0.6667
dead_enemies_mean:         0.0588	delta_ally_mean:          26.7059	delta_deaths_mean:        -2.7451	delta_enemy_mean:          6.4692
ep_length_mean:          196.5294	epsilon:                   0.7086	grad_norm:                 0.0893	loss:                      0.0798
mixer_norm:                0.0342	policy_loss:              -0.4434	q_taken_mean:              0.0004	qmix_loss:                 0.0009
reward_mean:              -0.0390	reward_std:                0.0645	target_mean:              -0.0008	td_error_abs:              0.0282
test_battle_won_mean:      0.0000	test_dead_allies_mean:     0.0000	test_dead_enemies_mean:    0.0000	test_delta_ally_mean:      0.0000
test_delta_deaths_mean:    0.0000	test_delta_enemy_mean:     0.0000	test_ep_length_mean:     200.0000	test_reward_mean:          0.0000
test_reward_std:           0.0000	w_to_use:                  0.7174	
[INFO 14:30:59] my_main t_env: 40655 / 2005000
[INFO 14:30:59] my_main Estimated time left: 16 hours, 57 minutes, 34 seconds. Time passed: 22 minutes, 52 seconds
[INFO 14:35:11] my_main Recent Stats | t_env:      50471 | Episode:      255
alpha:                     0.9227	alpha_loss:               -6.8479	battle_won_mean:           0.0000	central_loss:              0.0000
comm_loss:                 0.0793	curriculum/difficulty:     0.0501	curriculum/progress:       0.0501	dead_allies_mean:          0.3137
dead_enemies_mean:         0.0392	delta_ally_mean:          13.9951	delta_deaths_mean:        -1.1765	delta_enemy_mean:          8.4761
ep_length_mean:          199.0392	epsilon:                   0.6127	grad_norm:                 0.0667	loss:                      0.0797
mixer_norm:                0.0044	policy_loss:              -0.2963	q_taken_mean:              0.0010	qmix_loss:                 0.0004
reward_mean:              -0.0114	reward_std:                0.0470	target_mean:              -0.0002	td_error_abs:              0.0192
test_battle_won_mean:      0.0000	test_dead_allies_mean:     0.0000	test_dead_enemies_mean:    0.0000	test_delta_ally_mean:      0.0000
test_delta_deaths_mean:    0.0000	test_delta_enemy_mean:     0.0000	test_ep_length_mean:     200.0000	test_reward_mean:          0.0000
test_reward_std:           0.0000	w_to_use:                  0.6978	
[INFO 14:35:15] my_main t_env: 50671 / 2005000
[INFO 14:35:15] my_main Estimated time left: 13 hours, 53 minutes, 5 seconds. Time passed: 27 minutes, 8 seconds
[INFO 14:39:27] my_main Recent Stats | t_env:      60471 | Episode:      305
alpha:                     0.9181	alpha_loss:               -6.8542	battle_won_mean:           0.0000	central_loss:              0.0000
comm_loss:                 0.0588	curriculum/difficulty:     0.0601	curriculum/progress:       0.0601	dead_allies_mean:          1.0196
dead_enemies_mean:         0.0980	delta_ally_mean:          43.3971	delta_deaths_mean:        -4.1176	delta_enemy_mean:         14.8926
ep_length_mean:          196.3922	epsilon:                   0.5180	grad_norm:                 0.0853	loss:                      0.0591
mixer_norm:                0.0045	policy_loss:              -0.3580	q_taken_mean:              0.0016	qmix_loss:                 0.0003
reward_mean:              -0.0554	reward_std:                0.0680	target_mean:               0.0006	td_error_abs:              0.0160
test_battle_won_mean:      0.0000	test_dead_allies_mean:     0.0000	test_dead_enemies_mean:    0.0000	test_delta_ally_mean:      0.0000
test_delta_deaths_mean:    0.0000	test_delta_enemy_mean:     0.0000	test_ep_length_mean:     200.0000	test_reward_mean:          0.0000
test_reward_std:           0.0000	w_to_use:                  0.7006	
[INFO 14:39:31] my_main t_env: 60671 / 2005000
[INFO 14:39:31] my_main Estimated time left: 13 hours, 49 minutes, 45 seconds. Time passed: 31 minutes, 24 seconds
[INFO 14:43:57] my_main Recent Stats | t_env:      70471 | Episode:      356
alpha:                     0.9136	alpha_loss:               -6.8438	battle_won_mean:           0.0000	central_loss:              0.0000
comm_loss:                 0.0556	curriculum/difficulty:     0.0701	curriculum/progress:       0.0701	dead_allies_mean:          0.0600
dead_enemies_mean:         0.0000	delta_ally_mean:           3.6700	delta_deaths_mean:        -0.3000	delta_enemy_mean:          2.0269
ep_length_mean:          200.0000	epsilon:                   0.4235	grad_norm:                 0.0532	loss:                      0.0559
mixer_norm:                0.0057	policy_loss:              -0.3265	q_taken_mean:              0.0015	qmix_loss:                 0.0002
reward_mean:              -0.0033	reward_std:                0.0118	target_mean:               0.0007	td_error_abs:              0.0147
test_battle_won_mean:      0.0000	test_dead_allies_mean:     0.0000	test_dead_enemies_mean:    0.0000	test_delta_ally_mean:      0.0000
test_delta_deaths_mean:    0.0000	test_delta_enemy_mean:     0.0000	test_ep_length_mean:     200.0000	test_reward_mean:          0.0000
test_reward_std:           0.0000	w_to_use:                  0.7032	
[INFO 14:44:00] my_main t_env: 70671 / 2005000
[INFO 14:44:00] my_main Estimated time left: 14 hours, 29 minutes, 14 seconds. Time passed: 35 minutes, 54 seconds
[INFO 14:47:22] my_main Updated target network
[INFO 14:47:52] my_main Recent Stats | t_env:      80472 | Episode:      408
alpha:                     0.9087	alpha_loss:               -6.8369	battle_won_mean:           0.0000	central_loss:              0.0000
comm_loss:                 0.0525	curriculum/difficulty:     0.0801	curriculum/progress:       0.0801	dead_allies_mean:          1.4314
dead_enemies_mean:         0.2745	delta_ally_mean:          57.5490	delta_deaths_mean:        -4.4118	delta_enemy_mean:         19.5770
ep_length_mean:          196.0784	epsilon:                   0.3290	grad_norm:                 0.0309	loss:                      0.0528
mixer_norm:                0.0144	policy_loss:              -0.2673	q_taken_mean:              0.0014	qmix_loss:                 0.0002
reward_mean:              -0.0719	reward_std:                0.0600	target_mean:               0.0001	td_error_abs:              0.0141
test_battle_won_mean:      0.0000	test_dead_allies_mean:     1.9688	test_dead_enemies_mean:    1.3438	test_delta_ally_mean:     78.7500
test_delta_deaths_mean:    3.5938	test_delta_enemy_mean:    59.0815	test_ep_length_mean:     159.1562	test_reward_mean:         -0.0273
test_reward_std:           0.0428	w_to_use:                  0.6734	
[INFO 14:47:55] my_main t_env: 80672 / 2005000
[INFO 14:47:55] my_main Estimated time left: 12 hours, 33 minutes, 5 seconds. Time passed: 39 minutes, 49 seconds
RequestQuit command received.
Closing Application...
DataHandler: unable to parse websocket frame.
CloseHandler: 127.0.0.1:46756 disconnected
[INFO 14:48:00] absl Shutdown gracefully.
[INFO 14:48:00] absl Shutdown with return code: -15
[INFO 14:48:00] absl Launching SC2: /share/project/ytz/StarCraftII/Versions/Base75689/SC2_x64 -listen 127.0.0.1 -port 43685 -dataDir /share/project/ytz/StarCraftII/ -tempDir /tmp/sc-84gi7gw9/
[INFO 14:48:00] absl Connecting to: ws://127.0.0.1:43685/sc2api, attempt: 0, running: True
Version: B75689 (SC2.4.10)
Build: Aug 12 2019 17:16:57
Command Line: '"/share/project/ytz/StarCraftII/Versions/Base75689/SC2_x64" -listen 127.0.0.1 -port 43685 -dataDir /share/project/ytz/StarCraftII/ -tempDir /tmp/sc-84gi7gw9/'
Starting up...
Startup Phase 1 complete
[INFO 14:48:01] absl Connecting to: ws://127.0.0.1:43685/sc2api, attempt: 1, running: True
Startup Phase 2 complete
Creating stub renderer...
Listening on: 127.0.0.1:43685
Startup Phase 3 complete. Ready for commands.
[INFO 14:48:02] absl Connecting to: ws://127.0.0.1:43685/sc2api, attempt: 2, running: True
ConnectHandler: Request from 127.0.0.1:60938 accepted
ReadyHandler: 127.0.0.1:60938 ready
Requesting to join a single player game
Configuring interface options
Configure: raw interface enabled
Configure: feature layer interface disabled
Configure: score interface disabled
Configure: render interface disabled
Launching next game.
Next launch phase started: 2
Next launch phase started: 3
Next launch phase started: 4
Next launch phase started: 5
Next launch phase started: 6
Next launch phase started: 7
Next launch phase started: 8
Game has started.
Using default stable ids, none found at: /share/project/ytz/StarCraftII/stableid.json
Successfully loaded stable ids: GameData\stableid.json
Sending ResponseJoinGame
[INFO 14:52:00] my_main Recent Stats | t_env:      90576 | Episode:      459
alpha:                     0.9041	alpha_loss:               -6.8230	battle_won_mean:           0.0000	central_loss:              0.0000
comm_loss:                 0.0794	curriculum/difficulty:     0.0902	curriculum/progress:       0.0902	dead_allies_mean:          1.5962
dead_enemies_mean:         0.4038	delta_ally_mean:          63.9423	delta_deaths_mean:        -3.9423	delta_enemy_mean:         26.4978
ep_length_mean:          192.3269	epsilon:                   0.2345	grad_norm:                 0.0314	loss:                      0.0796
mixer_norm:                0.0172	policy_loss:              -0.1834	q_taken_mean:              0.0016	qmix_loss:                 0.0002
reward_mean:              -0.0702	reward_std:                0.0535	target_mean:               0.0002	td_error_abs:              0.0134
test_battle_won_mean:      0.0000	test_dead_allies_mean:     1.5000	test_dead_enemies_mean:    0.5625	test_delta_ally_mean:     62.5000
test_delta_deaths_mean:   -1.8750	test_delta_enemy_mean:    22.7904	test_ep_length_mean:     198.1875	test_reward_mean:         -0.0706
test_reward_std:           0.0380	w_to_use:                  0.6709	
[INFO 14:52:03] my_main t_env: 90776 / 2005000
[INFO 14:52:03] my_main Estimated time left: 13 hours, 2 minutes, 1 seconds. Time passed: 43 minutes, 56 seconds
[INFO 14:56:14] my_main Recent Stats | t_env:     100576 | Episode:      509
alpha:                     0.8995	alpha_loss:               -6.8240	battle_won_mean:           0.0000	central_loss:              0.0000
comm_loss:                 0.0484	curriculum/difficulty:     0.1002	curriculum/progress:       0.1002	dead_allies_mean:          1.4510
dead_enemies_mean:         0.2157	delta_ally_mean:          58.3517	delta_deaths_mean:        -5.0980	delta_enemy_mean:         12.1850
ep_length_mean:          198.1176	epsilon:                   0.1391	grad_norm:                 0.0373	loss:                      0.0486
mixer_norm:                0.0046	policy_loss:              -0.2129	q_taken_mean:              0.0020	qmix_loss:                 0.0001
reward_mean:              -0.0870	reward_std:                0.0539	target_mean:               0.0011	td_error_abs:              0.0116
test_battle_won_mean:      0.0000	test_dead_allies_mean:     0.2500	test_dead_enemies_mean:    0.0000	test_delta_ally_mean:     10.0000
test_delta_deaths_mean:   -1.2500	test_delta_enemy_mean:     0.4856	test_ep_length_mean:     200.0000	test_reward_mean:         -0.0183
test_reward_std:           0.0318	w_to_use:                  0.6944	
[INFO 14:56:17] my_main t_env: 100776 / 2005000
[INFO 14:56:17] my_main Estimated time left: 13 hours, 27 minutes, 7 seconds. Time passed: 48 minutes, 11 seconds
[INFO 14:59:45] my_main Recent Stats | t_env:     110576 | Episode:      559
alpha:                     0.8951	alpha_loss:               -6.8240	battle_won_mean:           0.0000	central_loss:              0.0000
comm_loss:                 0.0485	curriculum/difficulty:     0.1102	curriculum/progress:       0.1102	dead_allies_mean:          0.1200
dead_enemies_mean:         0.0000	delta_ally_mean:           5.2000	delta_deaths_mean:        -0.6000	delta_enemy_mean:          0.9268
ep_length_mean:          200.0000	epsilon:                   0.0500	grad_norm:                 0.0213	loss:                      0.0486
mixer_norm:                0.0036	policy_loss:              -0.1607	q_taken_mean:              0.0016	qmix_loss:                 0.0001
reward_mean:              -0.0083	reward_std:                0.0269	target_mean:               0.0010	td_error_abs:              0.0102
test_battle_won_mean:      0.0000	test_dead_allies_mean:     0.0000	test_dead_enemies_mean:    0.0000	test_delta_ally_mean:      0.0000
test_delta_deaths_mean:    0.0000	test_delta_enemy_mean:     0.0000	test_ep_length_mean:     200.0000	test_reward_mean:          0.0000
test_reward_std:           0.0000	w_to_use:                  0.7080	
[INFO 14:59:48] my_main t_env: 110776 / 2005000
[INFO 14:59:48] my_main Estimated time left: 11 hours, 6 minutes, 20 seconds. Time passed: 51 minutes, 42 seconds
[INFO 15:03:35] my_main Updated target network
[INFO 15:04:03] my_main Recent Stats | t_env:     120576 | Episode:      609
alpha:                     0.8906	alpha_loss:               -6.8188	battle_won_mean:           0.0000	central_loss:              0.0000
comm_loss:                 0.0470	curriculum/difficulty:     0.1202	curriculum/progress:       0.1202	dead_allies_mean:          0.4800
dead_enemies_mean:         0.0400	delta_ally_mean:          19.6000	delta_deaths_mean:        -2.0000	delta_enemy_mean:          3.9375
ep_length_mean:          200.0000	epsilon:                   0.0500	grad_norm:                 0.0444	loss:                      0.0471
mixer_norm:                0.0016	policy_loss:              -0.1532	q_taken_mean:              0.0018	qmix_loss:                 0.0001
reward_mean:              -0.0300	reward_std:                0.0430	target_mean:               0.0011	td_error_abs:              0.0096
test_battle_won_mean:      0.0000	test_dead_allies_mean:     0.0625	test_dead_enemies_mean:    0.0000	test_delta_ally_mean:      2.5000
test_delta_deaths_mean:   -0.3125	test_delta_enemy_mean:     0.0000	test_ep_length_mean:     200.0000	test_reward_mean:         -0.0048
test_reward_std:           0.0185	w_to_use:                  0.6983	
[INFO 15:04:07] my_main t_env: 120776 / 2005000
[INFO 15:04:07] my_main Estimated time left: 13 hours, 33 minutes, 28 seconds. Time passed: 56 minutes, 1 seconds
RequestQuit command received.
Closing Application...
DataHandler: unable to parse websocket frame.
CloseHandler: 127.0.0.1:60938 disconnected
[INFO 15:04:09] absl Shutdown gracefully.
[INFO 15:04:09] absl Shutdown with return code: -15
[INFO 15:04:09] absl Launching SC2: /share/project/ytz/StarCraftII/Versions/Base75689/SC2_x64 -listen 127.0.0.1 -port 39795 -dataDir /share/project/ytz/StarCraftII/ -tempDir /tmp/sc-5d_e_u_x/
[INFO 15:04:09] absl Connecting to: ws://127.0.0.1:39795/sc2api, attempt: 0, running: True
Version: B75689 (SC2.4.10)
Build: Aug 12 2019 17:16:57
Command Line: '"/share/project/ytz/StarCraftII/Versions/Base75689/SC2_x64" -listen 127.0.0.1 -port 39795 -dataDir /share/project/ytz/StarCraftII/ -tempDir /tmp/sc-5d_e_u_x/'
Starting up...
Startup Phase 1 complete
[INFO 15:04:10] absl Connecting to: ws://127.0.0.1:39795/sc2api, attempt: 1, running: True
Startup Phase 2 complete
Creating stub renderer...
[INFO 15:04:11] absl Connecting to: ws://127.0.0.1:39795/sc2api, attempt: 2, running: True
Listening on: 127.0.0.1:39795
Startup Phase 3 complete. Ready for commands.
[INFO 15:04:12] absl Connecting to: ws://127.0.0.1:39795/sc2api, attempt: 3, running: True
ConnectHandler: Request from 127.0.0.1:51850 accepted
ReadyHandler: 127.0.0.1:51850 ready
Requesting to join a single player game
Configuring interface options
Configure: raw interface enabled
Configure: feature layer interface disabled
Configure: score interface disabled
Configure: render interface disabled
Launching next game.
Next launch phase started: 2
Next launch phase started: 3
Next launch phase started: 4
Next launch phase started: 5
Next launch phase started: 6
Next launch phase started: 7
Next launch phase started: 8
Game has started.
Using default stable ids, none found at: /share/project/ytz/StarCraftII/stableid.json
Successfully loaded stable ids: GameData\stableid.json
Sending ResponseJoinGame
[INFO 15:07:46] my_main Recent Stats | t_env:     130638 | Episode:      660
alpha:                     0.8861	alpha_loss:               -6.8296	battle_won_mean:           0.0000	central_loss:              0.0000
comm_loss:                 0.0439	curriculum/difficulty:     0.1302	curriculum/progress:       0.1302	dead_allies_mean:          0.5600
dead_enemies_mean:         0.1400	delta_ally_mean:          26.5600	delta_deaths_mean:        -1.4000	delta_enemy_mean:          9.0538
ep_length_mean:          200.0000	epsilon:                   0.0500	grad_norm:                 0.0244	loss:                      0.0441
mixer_norm:                0.0099	policy_loss:              -0.1321	q_taken_mean:              0.0011	qmix_loss:                 0.0001
reward_mean:              -0.0321	reward_std:                0.0590	target_mean:               0.0002	td_error_abs:              0.0099
test_battle_won_mean:      0.0000	test_dead_allies_mean:     0.0000	test_dead_enemies_mean:    0.0000	test_delta_ally_mean:      0.0000
test_delta_deaths_mean:    0.0000	test_delta_enemy_mean:     0.0000	test_ep_length_mean:     198.4688	test_reward_mean:          0.0000
test_reward_std:           0.0000	w_to_use:                  0.6675	
[INFO 15:07:48] my_main t_env: 130838 / 2005000
[INFO 15:07:48] my_main Estimated time left: 11 hours, 25 minutes, 24 seconds. Time passed: 59 minutes, 42 seconds
