/root/miniconda3/envs/py310_sc2/lib/python3.10/site-packages/sacred/dependencies.py:11: UserWarning: pkg_resources is deprecated as an API. See https://setuptools.pypa.io/en/latest/pkg_resources.html. The pkg_resources package is slated for removal as early as 2025-11-30. Refrain from using this package or pin to Setuptools<81.
  import pkg_resources
[DEBUG 13:46:31] git.cmd Popen(['git', 'version'], cwd=/share/project/ytz/RLproject/StarCraft2_HLSMAC/RLalgs/HierarchicalArchitecture, stdin=None, shell=False, universal_newlines=False)
[DEBUG 13:46:31] git.cmd Popen(['git', 'version'], cwd=/share/project/ytz/RLproject/StarCraft2_HLSMAC/RLalgs/HierarchicalArchitecture, stdin=None, shell=False, universal_newlines=False)
[DEBUG 13:46:31] git.util sys.platform='linux', git_executable='git'
[DEBUG 13:46:31] git.cmd Popen(['git', 'diff', '--cached', '--abbrev=40', '--full-index', '--raw'], cwd=/share/project/ytz/RLproject/StarCraft2_HLSMAC, stdin=None, shell=False, universal_newlines=False)
[DEBUG 13:46:31] git.cmd Popen(['git', 'diff', '--abbrev=40', '--full-index', '--raw'], cwd=/share/project/ytz/RLproject/StarCraft2_HLSMAC, stdin=None, shell=False, universal_newlines=False)
[DEBUG 13:46:31] git.cmd Popen(['git', 'cat-file', '--batch-check'], cwd=/share/project/ytz/RLproject/StarCraft2_HLSMAC, stdin=<valid stream>, shell=False, universal_newlines=False)
[DEBUG 13:46:31] git.util sys.platform='linux', git_executable='git'
[DEBUG 13:46:31] git.cmd Popen(['git', 'diff', '--cached', '--abbrev=40', '--full-index', '--raw'], cwd=/share/project/ytz/RLproject/StarCraft2_HLSMAC, stdin=None, shell=False, universal_newlines=False)
[DEBUG 13:46:31] git.cmd Popen(['git', 'diff', '--abbrev=40', '--full-index', '--raw'], cwd=/share/project/ytz/RLproject/StarCraft2_HLSMAC, stdin=None, shell=False, universal_newlines=False)
[DEBUG 13:46:31] git.cmd Popen(['git', 'cat-file', '--batch-check'], cwd=/share/project/ytz/RLproject/StarCraft2_HLSMAC, stdin=<valid stream>, shell=False, universal_newlines=False)
[INFO 13:46:31] root Saving to FileStorageObserver in /share/project/ytz/RLproject/StarCraft2_HLSMAC/RLalgs/HierarchicalArchitecture/results/sacred/wzsy/hierarchical_qmix_env=4_adam_td_lambda.
[DEBUG 13:46:33] pymarl Using capture mode "fd"
[INFO 13:46:33] pymarl Running command 'my_main'
[INFO 13:46:33] pymarl Started run with ID "1"
[DEBUG 13:46:33] pymarl Starting Heartbeat
[DEBUG 13:46:33] my_main Started
[INFO 13:46:33] my_main Experiment Parameters:
[INFO 13:46:33] my_main 

{   'action_selector': 'epsilon_greedy',
    'agent': 'hierarchical_rnn',
    'agent_output_type': 'q',
    'alpha_init': -0.07,
    'alpha_lr': '3e-4',
    'batch_size': 128,
    'batch_size_run': 1,
    'buffer_cpu_only': True,
    'buffer_size': 5000,
    'c_beta': 1.0,
    'central_action_embed': 1,
    'central_agent': 'central_rnn',
    'central_loss': 1,
    'central_mac': 'basic_central_mac',
    'central_mixer': 'ff',
    'central_mixing_embed_dim': 256,
    'central_rnn_hidden_dim': 64,
    'checkpoint_path': '',
    'comm': True,
    'comm_beta': 0.001,
    'comm_beta_end_decay': 50000000,
    'comm_beta_start_decay': 20000000,
    'comm_beta_target': '1e-2',
    'comm_embed_dim': 3,
    'comm_entropy_beta': '1e-6',
    'comm_entropy_beta_end_decay': 50000000,
    'comm_entropy_beta_start_decay': 20000000,
    'comm_entropy_beta_target': '1e-4',
    'comm_method': 'information_bottleneck_full',
    'critic_agent': 'rnn_agent_n',
    'critic_lr': 0.0005,
    'critic_mac': 'cate_broadcast_comm_mac_full',
    'cut_mu_rank_thres': 80.0,
    'cut_mu_thres': 1.0,
    'double_q': True,
    'env': 'sc2_tactics',
    'env_args': {   'continuing_episode': False,
                    'debug': False,
                    'difficulty': '7',
                    'game_version': None,
                    'heuristic_ai': False,
                    'heuristic_rest': False,
                    'map_name': 'wzsy',
                    'move_amount': 2,
                    'obs_all_health': True,
                    'obs_instead_of_state': False,
                    'obs_last_action': False,
                    'obs_own_health': True,
                    'obs_pathing_grid': True,
                    'obs_terrain_height': True,
                    'obs_timestep_number': False,
                    'replay_dir': '',
                    'replay_prefix': '',
                    'reward_death_value': 10,
                    'reward_defeat': 0,
                    'reward_negative_scale': 0.5,
                    'reward_only_positive': False,
                    'reward_scale': True,
                    'reward_scale_rate': 20,
                    'reward_sparse': False,
                    'reward_win': 200,
                    'seed': 42,
                    'state_last_action': True,
                    'state_timestep_number': False,
                    'step_mul': 8},
    'epsilon_anneal_time': 100000,
    'epsilon_finish': 0.05,
    'epsilon_start': 0.995,
    'evaluate': False,
    'gamma': 0.99,
    'gate_loss_beta': 1e-05,
    'grad_norm_clip': 10,
    'hierarchical_high_dim': 128,
    'hierarchical_n_goals': 8,
    'hierarchical_n_tactics': 4,
    'hypernet_embed': 128,
    'hypernet_layers': 2,
    'hysteretic_qmix': True,
    'is_comm_beta_decay': False,
    'is_comm_entropy_beta_decay': False,
    'is_cur_mu': False,
    'is_print': False,
    'is_rank_cut_mu': False,
    'label': 'default_label',
    'learner': 'max_q_learner',
    'learner_log_interval': 10000,
    'load_step': 0,
    'local_results_path': 'results',
    'log_interval': 10000,
    'lr': 0.001,
    'mac': 'basic_mac_logits',
    'mixer': 'qmix',
    'mixing_embed_dim': 64,
    'name': 'hierarchical_qmix_env=4_adam_td_lambda',
    'obs_agent_id': True,
    'obs_last_action': True,
    'only_downstream': False,
    'optim_alpha': 0.99,
    'optim_eps': 1e-05,
    'p': 0.5,
    'qmix_loss': 1,
    'repeat_id': 1,
    'rnn_hidden_dim': 64,
    'run': 'default',
    'runner': 'episode',
    'runner_log_interval': 10000,
    'save_model': True,
    'save_model_interval': 500000,
    'save_replay': False,
    'seed': 42,
    't_max': 2005000,
    'target_update_interval': 200,
    'td_lambda': 0.6,
    'test_greedy': True,
    'test_interval': 10000,
    'test_nepisode': 32,
    'use_IB': True,
    'use_cuda': True,
    'use_tensorboard': True,
    'w': 0.5}

----------------------
You create a WZSY env!
----------------------
302
Mixer Size: 
594.691K
namespace(runner='episode', mac='basic_mac_logits', env='sc2_tactics', env_args={'continuing_episode': False, 'difficulty': '7', 'game_version': None, 'map_name': 'wzsy', 'move_amount': 2, 'obs_all_health': True, 'obs_instead_of_state': False, 'obs_last_action': False, 'obs_own_health': True, 'obs_pathing_grid': True, 'obs_terrain_height': True, 'obs_timestep_number': False, 'reward_death_value': 10, 'reward_defeat': 0, 'reward_negative_scale': 0.5, 'reward_only_positive': False, 'reward_scale': True, 'reward_scale_rate': 20, 'reward_sparse': False, 'reward_win': 200, 'replay_dir': '', 'replay_prefix': '', 'state_last_action': True, 'state_timestep_number': False, 'step_mul': 8, 'seed': 42, 'heuristic_ai': False, 'heuristic_rest': False, 'debug': False}, batch_size_run=1, test_nepisode=32, test_interval=10000, test_greedy=True, log_interval=10000, runner_log_interval=10000, learner_log_interval=10000, t_max=2005000, use_cuda=True, buffer_cpu_only=True, use_tensorboard=True, save_model=True, save_model_interval=500000, checkpoint_path='', evaluate=False, load_step=0, save_replay=False, local_results_path='results', gamma=0.99, batch_size=128, buffer_size=5000, lr=0.001, critic_lr=0.0005, optim_alpha=0.99, optim_eps=1e-05, grad_norm_clip=10, agent='hierarchical_rnn', rnn_hidden_dim=64, obs_agent_id=True, obs_last_action=True, repeat_id=1, label='default_label', run='default', action_selector='epsilon_greedy', epsilon_start=0.995, epsilon_finish=0.05, epsilon_anneal_time=100000, critic_mac='cate_broadcast_comm_mac_full', critic_agent='rnn_agent_n', comm=True, comm_embed_dim=3, comm_method='information_bottleneck_full', c_beta=1.0, comm_beta=0.001, comm_entropy_beta='1e-6', gate_loss_beta=1e-05, only_downstream=False, use_IB=True, is_print=False, is_comm_beta_decay=False, comm_beta_start_decay=20000000, comm_beta_target='1e-2', comm_beta_end_decay=50000000, is_comm_entropy_beta_decay=False, comm_entropy_beta_start_decay=20000000, comm_entropy_beta_target='1e-4', comm_entropy_beta_end_decay=50000000, is_cur_mu=False, is_rank_cut_mu=False, cut_mu_thres=1.0, cut_mu_rank_thres=80.0, target_update_interval=200, agent_output_type='q', learner='max_q_learner', double_q=True, mixer='qmix', mixing_embed_dim=64, hypernet_layers=2, hypernet_embed=128, hierarchical_high_dim=128, hierarchical_n_goals=8, hierarchical_n_tactics=4, central_loss=1, qmix_loss=1, w=0.5, hysteretic_qmix=True, central_mixing_embed_dim=256, central_action_embed=1, central_mac='basic_central_mac', central_agent='central_rnn', central_rnn_hidden_dim=64, central_mixer='ff', td_lambda=0.6, alpha_lr='3e-4', alpha_init=-0.07, p=0.5, name='hierarchical_qmix_env=4_adam_td_lambda', seed=42, device='cuda', unique_token='hierarchical_qmix_env=4_adam_td_lambda__2025-11-19_13-46-33', n_agents=12, n_actions=17, state_shape=392, accumulated_episodes=None)
[INFO 13:46:35] my_main Beginning training for 2005000 timesteps
[INFO 13:46:35] absl Launching SC2: /share/project/ytz/StarCraftII/Versions/Base75689/SC2_x64 -listen 127.0.0.1 -port 44329 -dataDir /share/project/ytz/StarCraftII/ -tempDir /tmp/sc-ijp8hg90/
[INFO 13:46:35] absl Connecting to: ws://127.0.0.1:44329/sc2api, attempt: 0, running: True
Version: B75689 (SC2.4.10)
Build: Aug 12 2019 17:16:57
Command Line: '"/share/project/ytz/StarCraftII/Versions/Base75689/SC2_x64" -listen 127.0.0.1 -port 44329 -dataDir /share/project/ytz/StarCraftII/ -tempDir /tmp/sc-ijp8hg90/'
Starting up...
Startup Phase 1 complete
[INFO 13:46:36] absl Connecting to: ws://127.0.0.1:44329/sc2api, attempt: 1, running: True
Startup Phase 2 complete
Creating stub renderer...
Listening on: 127.0.0.1:44329
Startup Phase 3 complete. Ready for commands.
[INFO 13:46:37] absl Connecting to: ws://127.0.0.1:44329/sc2api, attempt: 2, running: True
ConnectHandler: Request from 127.0.0.1:32878 accepted
ReadyHandler: 127.0.0.1:32878 ready
Requesting to join a single player game
Configuring interface options
Configure: raw interface enabled
Configure: feature layer interface disabled
Configure: score interface disabled
Configure: render interface disabled
Launching next game.
Next launch phase started: 2
Next launch phase started: 3
Next launch phase started: 4
Next launch phase started: 5
Next launch phase started: 6
Next launch phase started: 7
Next launch phase started: 8
Game has started.
Using default stable ids, none found at: /share/project/ytz/StarCraftII/stableid.json
Successfully loaded stable ids: GameData\stableid.json
Sending ResponseJoinGame
{'stalker': 74, 'sentry': 77}
/share/project/ytz/RLproject/StarCraft2_HLSMAC/RLalgs/HierarchicalArchitecture/src/components/episode_buffer.py:103: UserWarning: Creating a tensor from a list of numpy.ndarrays is extremely slow. Please consider converting the list to a single numpy.ndarray with numpy.array() before converting to a tensor. (Triggered internally at ../torch/csrc/utils/tensor_new.cpp:261.)
  v = th.tensor(v, dtype=dtype, device=self.device)
/share/project/ytz/RLproject/StarCraft2_HLSMAC/RLalgs/HierarchicalArchitecture/src/components/episode_buffer.py:103: UserWarning: To copy construct from a tensor, it is recommended to use sourceTensor.clone().detach() or sourceTensor.clone().detach().requires_grad_(True), rather than torch.tensor(sourceTensor).
  v = th.tensor(v, dtype=dtype, device=self.device)
[INFO 13:46:46] my_main t_env: 192 / 2005000
[INFO 13:46:46] my_main Estimated time left: 36 minutes, 44 seconds. Time passed: 11 seconds
[INFO 13:48:53] my_main Saving models to results/models/hierarchical_qmix_env=4_adam_td_lambda__2025-11-19_13-46-33/192
[INFO 13:52:52] my_main Recent Stats | t_env:      10006 | Episode:       53
battle_won_mean:           0.0000	dead_allies_mean:         12.0000	dead_enemies_mean:         0.0000	delta_ally_mean:         320.0000
delta_deaths_mean:       -30.0000	delta_enemy_mean:        121.0000	ep_length_mean:          192.0000	epsilon:                   0.9950
reward_mean:              -1.0529	reward_std:                0.0000	test_battle_won_mean:      0.0000	test_dead_allies_mean:    12.0000
test_dead_enemies_mean:    0.0000	test_delta_ally_mean:    320.0000	test_delta_deaths_mean:  -30.0000	test_delta_enemy_mean:     9.2812
test_ep_length_mean:     184.3438	test_reward_mean:         -1.5665	test_reward_std:           0.0783	
[INFO 13:52:56] my_main t_env: 10196 / 2005000
[INFO 13:52:56] my_main Estimated time left: 20 hours, 29 minutes, 33 seconds. Time passed: 6 minutes, 21 seconds
[INFO 13:58:48] my_main Recent Stats | t_env:      20021 | Episode:      106
battle_won_mean:           0.0000	dead_allies_mean:         12.0000	dead_enemies_mean:         0.0000	delta_ally_mean:         320.0000
delta_deaths_mean:       -30.0000	delta_enemy_mean:        136.2500	ep_length_mean:          188.7547	epsilon:                   0.9004
reward_mean:              -0.9828	reward_std:                0.1428	test_battle_won_mean:      0.0000	test_dead_allies_mean:    12.0000
test_dead_enemies_mean:    0.0000	test_delta_ally_mean:    320.0000	test_delta_deaths_mean:  -30.0000	test_delta_enemy_mean:    10.0312
test_ep_length_mean:     184.5938	test_reward_mean:         -1.5631	test_reward_std:           0.0657	
[INFO 13:58:51] my_main t_env: 20208 / 2005000
[INFO 13:58:51] my_main Estimated time left: 19 hours, 30 minutes, 39 seconds. Time passed: 12 minutes, 15 seconds
[INFO 14:04:40] my_main Recent Stats | t_env:      30032 | Episode:      160
alpha:                     0.9323	alpha_loss:              -15.3411	battle_won_mean:           0.0000	central_loss:              0.0014
comm_loss:                 0.3616	dead_allies_mean:         12.0000	dead_enemies_mean:         0.0000	delta_ally_mean:         320.0000
delta_deaths_mean:       -30.0000	delta_enemy_mean:        140.5755	ep_length_mean:          188.9057	epsilon:                   0.8058
grad_norm:                 3.8961	loss:                      0.4447	mixer_norm:                3.1086	policy_loss:              -0.5941
q_taken_mean:             -0.0145	qmix_loss:                 0.0816	reward_mean:              -0.9629	reward_std:                0.1325
target_mean:              -0.0077	td_error_abs:              0.2664	test_battle_won_mean:      0.0000	test_dead_allies_mean:    12.0000
test_dead_enemies_mean:    0.0000	test_delta_ally_mean:    320.0000	test_delta_deaths_mean:  -30.0000	test_delta_enemy_mean:    13.9375
test_ep_length_mean:     184.5312	test_reward_mean:         -1.5451	test_reward_std:           0.1078	w_to_use:                  0.7792

[INFO 14:04:48] my_main t_env: 30217 / 2005000
[INFO 14:04:48] my_main Estimated time left: 19 hours, 36 minutes, 21 seconds. Time passed: 18 minutes, 13 seconds
[INFO 14:09:45] my_main Updated target network
[INFO 14:10:43] my_main Recent Stats | t_env:      40055 | Episode:      215
alpha:                     0.9272	alpha_loss:              -15.3331	battle_won_mean:           0.0000	central_loss:              0.0006
comm_loss:                 0.1176	dead_allies_mean:         12.0000	dead_enemies_mean:         0.0185	delta_ally_mean:         320.0000
delta_deaths_mean:       -29.8148	delta_enemy_mean:        169.4884	ep_length_mean:          185.3519	epsilon:                   0.7112
grad_norm:                 0.1492	loss:                      0.1197	mixer_norm:                0.0649	policy_loss:              -0.9319
q_taken_mean:             -0.0068	qmix_loss:                 0.0015	reward_mean:              -0.8291	reward_std:                0.2296
target_mean:              -0.0071	td_error_abs:              0.0340	test_battle_won_mean:      0.0000	test_dead_allies_mean:    12.0000
test_dead_enemies_mean:    0.7812	test_delta_ally_mean:    320.0000	test_delta_deaths_mean:  -22.1875	test_delta_enemy_mean:   252.2539
test_ep_length_mean:     184.6875	test_reward_mean:         -0.4135	test_reward_std:           0.2078	w_to_use:                  0.7284

[INFO 14:10:46] my_main t_env: 40232 / 2005000
[INFO 14:10:46] my_main Estimated time left: 19 hours, 30 minutes, 33 seconds. Time passed: 24 minutes, 11 seconds
RequestQuit command received.
Closing Application...
DataHandler: unable to parse websocket frame.
CloseHandler: 127.0.0.1:32878 disconnected
[INFO 14:11:05] absl Shutdown gracefully.
[INFO 14:11:05] absl Shutdown with return code: -15
[INFO 14:11:05] absl Launching SC2: /share/project/ytz/StarCraftII/Versions/Base75689/SC2_x64 -listen 127.0.0.1 -port 35433 -dataDir /share/project/ytz/StarCraftII/ -tempDir /tmp/sc-tzapsn08/
[INFO 14:11:05] absl Connecting to: ws://127.0.0.1:35433/sc2api, attempt: 0, running: True
Version: B75689 (SC2.4.10)
Build: Aug 12 2019 17:16:57
Command Line: '"/share/project/ytz/StarCraftII/Versions/Base75689/SC2_x64" -listen 127.0.0.1 -port 35433 -dataDir /share/project/ytz/StarCraftII/ -tempDir /tmp/sc-tzapsn08/'
Starting up...
Startup Phase 1 complete
[INFO 14:11:06] absl Connecting to: ws://127.0.0.1:35433/sc2api, attempt: 1, running: True
Startup Phase 2 complete
Creating stub renderer...
Listening on: 127.0.0.1:35433
Startup Phase 3 complete. Ready for commands.
[INFO 14:11:07] absl Connecting to: ws://127.0.0.1:35433/sc2api, attempt: 2, running: True
ConnectHandler: Request from 127.0.0.1:59096 accepted
ReadyHandler: 127.0.0.1:59096 ready
Requesting to join a single player game
Configuring interface options
Configure: raw interface enabled
Configure: feature layer interface disabled
Configure: score interface disabled
Configure: render interface disabled
Launching next game.
Next launch phase started: 2
Next launch phase started: 3
Next launch phase started: 4
Next launch phase started: 5
Next launch phase started: 6
Next launch phase started: 7
Next launch phase started: 8
Game has started.
Using default stable ids, none found at: /share/project/ytz/StarCraftII/stableid.json
Successfully loaded stable ids: GameData\stableid.json
Sending ResponseJoinGame
[INFO 14:15:54] my_main Recent Stats | t_env:      50164 | Episode:      270
alpha:                     0.9220	alpha_loss:              -15.3308	battle_won_mean:           0.0000	central_loss:              0.0004
comm_loss:                 0.1952	dead_allies_mean:         12.0000	dead_enemies_mean:         0.0182	delta_ally_mean:         320.0000
delta_deaths_mean:       -29.8182	delta_enemy_mean:        203.2750	ep_length_mean:          182.0909	epsilon:                   0.6165
grad_norm:                 0.0912	loss:                      0.1966	mixer_norm:                0.0151	policy_loss:              -0.7639
q_taken_mean:             -0.0072	qmix_loss:                 0.0010	reward_mean:              -0.6738	reward_std:                0.1569
target_mean:              -0.0078	td_error_abs:              0.0263	test_battle_won_mean:      0.0312	test_dead_allies_mean:    11.2812
test_dead_enemies_mean:    0.1875	test_delta_ally_mean:    302.5000	test_delta_deaths_mean:  -26.4062	test_delta_enemy_mean:   254.4141
test_ep_length_mean:     175.4062	test_reward_mean:         -0.3138	test_reward_std:           0.7772	w_to_use:                  0.7066

[INFO 14:15:59] my_main t_env: 50348 / 2005000
[INFO 14:15:59] my_main Estimated time left: 16 hours, 45 minutes, 49 seconds. Time passed: 29 minutes, 23 seconds
[INFO 14:21:38] my_main Recent Stats | t_env:      60326 | Episode:      325
alpha:                     0.9170	alpha_loss:              -15.3255	battle_won_mean:           0.0000	central_loss:              0.0003
comm_loss:                 0.1424	dead_allies_mean:         12.0000	dead_enemies_mean:         0.0364	delta_ally_mean:         320.0000
delta_deaths_mean:       -29.6364	delta_enemy_mean:        217.3682	ep_length_mean:          183.9273	epsilon:                   0.5210
grad_norm:                 0.1671	loss:                      0.1435	mixer_norm:                0.0058	policy_loss:              -0.6643
q_taken_mean:             -0.0071	qmix_loss:                 0.0008	reward_mean:              -0.6081	reward_std:                0.2512
target_mean:              -0.0078	td_error_abs:              0.0241	test_battle_won_mean:      0.0000	test_dead_allies_mean:    12.0000
test_dead_enemies_mean:    0.5000	test_delta_ally_mean:    320.0000	test_delta_deaths_mean:  -25.0000	test_delta_enemy_mean:   264.5664
test_ep_length_mean:     182.9688	test_reward_mean:         -0.3698	test_reward_std:           0.2419	w_to_use:                  0.6699

[INFO 14:21:49] my_main t_env: 60511 / 2005000
[INFO 14:21:49] my_main Estimated time left: 18 hours, 36 minutes, 49 seconds. Time passed: 35 minutes, 13 seconds
[INFO 14:29:57] my_main Recent Stats | t_env:      70431 | Episode:      380
alpha:                     0.9119	alpha_loss:              -15.3250	battle_won_mean:           0.0000	central_loss:              0.0002
comm_loss:                 0.1416	dead_allies_mean:         12.0000	dead_enemies_mean:         0.0909	delta_ally_mean:         320.0000
delta_deaths_mean:       -29.0909	delta_enemy_mean:        219.2205	ep_length_mean:          184.7818	epsilon:                   0.4249
grad_norm:                 0.0562	loss:                      0.1426	mixer_norm:                0.0080	policy_loss:              -0.6351
q_taken_mean:             -0.0064	qmix_loss:                 0.0007	reward_mean:              -0.5971	reward_std:                0.2273
target_mean:              -0.0071	td_error_abs:              0.0228	test_battle_won_mean:      0.0000	test_dead_allies_mean:    12.0000
test_dead_enemies_mean:    0.1562	test_delta_ally_mean:    320.0000	test_delta_deaths_mean:  -28.4375	test_delta_enemy_mean:   282.7461
test_ep_length_mean:     185.7188	test_reward_mean:         -0.3020	test_reward_std:           0.4223	w_to_use:                  0.6788

[INFO 14:30:03] my_main t_env: 70622 / 2005000
[INFO 14:30:03] my_main Estimated time left: 1 days, 2 hours, 15 minutes, 2 seconds. Time passed: 43 minutes, 27 seconds
[INFO 14:33:44] my_main Updated target network
[INFO 14:36:18] my_main Recent Stats | t_env:      80532 | Episode:      432
alpha:                     0.9069	alpha_loss:              -15.3281	battle_won_mean:           0.0182	central_loss:              0.0005
comm_loss:                 0.2278	dead_allies_mean:         11.8909	dead_enemies_mean:         0.0909	delta_ally_mean:         314.2545
delta_deaths_mean:       -28.5455	delta_enemy_mean:        254.8886	ep_length_mean:          183.8364	epsilon:                   0.3294
grad_norm:                 0.2911	loss:                      0.2294	mixer_norm:                0.0070	policy_loss:              -0.6586
q_taken_mean:             -0.0070	qmix_loss:                 0.0011	reward_mean:              -0.3875	reward_std:                0.5503
target_mean:              -0.0077	td_error_abs:              0.0244	test_battle_won_mean:      0.0000	test_dead_allies_mean:    12.0000
test_dead_enemies_mean:    0.1250	test_delta_ally_mean:    320.0000	test_delta_deaths_mean:  -28.7500	test_delta_enemy_mean:   277.3477
test_ep_length_mean:     187.5938	test_reward_mean:         -0.3283	test_reward_std:           0.5173	w_to_use:                  0.6809

[INFO 14:36:22] my_main t_env: 80714 / 2005000
[INFO 14:36:22] my_main Estimated time left: 20 hours, 5 minutes, 52 seconds. Time passed: 49 minutes, 47 seconds
RequestQuit command received.
Closing Application...
DataHandler: unable to parse websocket frame.
CloseHandler: 127.0.0.1:59096 disconnected
[INFO 14:37:10] absl Shutdown gracefully.
[INFO 14:37:10] absl Shutdown with return code: -15
[INFO 14:37:10] absl Launching SC2: /share/project/ytz/StarCraftII/Versions/Base75689/SC2_x64 -listen 127.0.0.1 -port 32769 -dataDir /share/project/ytz/StarCraftII/ -tempDir /tmp/sc-gtsl8red/
[INFO 14:37:10] absl Connecting to: ws://127.0.0.1:32769/sc2api, attempt: 0, running: True
Version: B75689 (SC2.4.10)
Build: Aug 12 2019 17:16:57
Command Line: '"/share/project/ytz/StarCraftII/Versions/Base75689/SC2_x64" -listen 127.0.0.1 -port 32769 -dataDir /share/project/ytz/StarCraftII/ -tempDir /tmp/sc-gtsl8red/'
Starting up...
Startup Phase 1 complete
[INFO 14:37:11] absl Connecting to: ws://127.0.0.1:32769/sc2api, attempt: 1, running: True
Startup Phase 2 complete
Creating stub renderer...
Listening on: 127.0.0.1:32769
Startup Phase 3 complete. Ready for commands.
[INFO 14:37:12] absl Connecting to: ws://127.0.0.1:32769/sc2api, attempt: 2, running: True
ConnectHandler: Request from 127.0.0.1:52672 accepted
ReadyHandler: 127.0.0.1:52672 ready
Requesting to join a single player game
Configuring interface options
Configure: raw interface enabled
Configure: feature layer interface disabled
Configure: score interface disabled
Configure: render interface disabled
Launching next game.
Next launch phase started: 2
Next launch phase started: 3
Next launch phase started: 4
Next launch phase started: 5
Next launch phase started: 6
Next launch phase started: 7
Next launch phase started: 8
Game has started.
Using default stable ids, none found at: /share/project/ytz/StarCraftII/stableid.json
Successfully loaded stable ids: GameData\stableid.json
Sending ResponseJoinGame
[INFO 14:44:41] my_main Recent Stats | t_env:      90595 | Episode:      484
alpha:                     0.9022	alpha_loss:              -15.3110	battle_won_mean:           0.0000	central_loss:              0.0003
comm_loss:                 0.1096	dead_allies_mean:         12.0000	dead_enemies_mean:         0.1154	delta_ally_mean:         320.0000
delta_deaths_mean:       -28.8462	delta_enemy_mean:        218.0240	ep_length_mean:          194.0769	epsilon:                   0.2340
grad_norm:                 0.1613	loss:                      0.1107	mixer_norm:                0.0028	policy_loss:              -0.5689
q_taken_mean:             -0.0076	qmix_loss:                 0.0008	reward_mean:              -0.6015	reward_std:                0.3481
target_mean:              -0.0082	td_error_abs:              0.0228	test_battle_won_mean:      0.0000	test_dead_allies_mean:    11.6250
test_dead_enemies_mean:    0.0625	test_delta_ally_mean:    310.0000	test_delta_deaths_mean:  -28.4375	test_delta_enemy_mean:   224.7578
test_ep_length_mean:     186.5312	test_reward_mean:         -0.5227	test_reward_std:           0.2207	w_to_use:                  0.7546

[INFO 14:44:45] my_main t_env: 90802 / 2005000
[INFO 14:44:45] my_main Estimated time left: 1 days, 2 hours, 29 minutes, 40 seconds. Time passed: 58 minutes, 9 seconds
[INFO 14:51:14] my_main Recent Stats | t_env:     100775 | Episode:      534
alpha:                     0.8976	alpha_loss:              -15.3106	battle_won_mean:           0.0000	central_loss:              0.0002
comm_loss:                 0.0933	dead_allies_mean:         12.0000	dead_enemies_mean:         0.0192	delta_ally_mean:         320.0000
delta_deaths_mean:       -29.8077	delta_enemy_mean:        224.4351	ep_length_mean:          194.0000	epsilon:                   0.1389
grad_norm:                 0.0515	loss:                      0.0942	mixer_norm:                0.0072	policy_loss:              -0.5893
q_taken_mean:             -0.0070	qmix_loss:                 0.0007	reward_mean:              -0.5764	reward_std:                0.3117
target_mean:              -0.0077	td_error_abs:              0.0215	test_battle_won_mean:      0.0000	test_dead_allies_mean:    12.0000
test_dead_enemies_mean:    0.0000	test_delta_ally_mean:    320.0000	test_delta_deaths_mean:  -30.0000	test_delta_enemy_mean:   245.7109
test_ep_length_mean:     192.6250	test_reward_mean:         -0.4795	test_reward_std:           0.2048	w_to_use:                  0.7535

[INFO 14:51:19] my_main t_env: 100999 / 2005000
[INFO 14:51:19] my_main Estimated time left: 20 hours, 24 minutes, 14 seconds. Time passed: 1 hours, 4 minutes, 43 seconds
[INFO 14:57:46] my_main Recent Stats | t_env:     110867 | Episode:      584
alpha:                     0.8933	alpha_loss:              -15.2910	battle_won_mean:           0.0200	central_loss:              0.0003
comm_loss:                 0.0849	dead_allies_mean:         11.8800	dead_enemies_mean:         0.0200	delta_ally_mean:         313.6000
delta_deaths_mean:       -29.2000	delta_enemy_mean:        231.3675	ep_length_mean:          203.9400	epsilon:                   0.0500
grad_norm:                 0.1055	loss:                      0.0859	mixer_norm:                0.0031	policy_loss:              -0.5881
q_taken_mean:             -0.0073	qmix_loss:                 0.0007	reward_mean:              -0.4939	reward_std:                0.6050
target_mean:              -0.0079	td_error_abs:              0.0204	test_battle_won_mean:      0.0625	test_dead_allies_mean:    11.6250
test_dead_enemies_mean:    0.0938	test_delta_ally_mean:    302.7812	test_delta_deaths_mean:  -27.1875	test_delta_enemy_mean:   250.2500
test_ep_length_mean:     203.5312	test_reward_mean:         -0.3091	test_reward_std:           0.9040	w_to_use:                  0.7695

[INFO 14:57:55] my_main t_env: 111059 / 2005000
[INFO 14:57:55] my_main Estimated time left: 20 hours, 42 minutes, 47 seconds. Time passed: 1 hours, 11 minutes, 19 seconds
[INFO 15:00:52] my_main Updated target network
[INFO 15:05:02] my_main Recent Stats | t_env:     121029 | Episode:      637
alpha:                     0.8886	alpha_loss:              -15.2892	battle_won_mean:           0.0000	central_loss:              0.0004
comm_loss:                 0.0791	dead_allies_mean:         12.0000	dead_enemies_mean:         0.0000	delta_ally_mean:         320.0000
delta_deaths_mean:       -30.0000	delta_enemy_mean:        238.6325	ep_length_mean:          201.2000	epsilon:                   0.0500
grad_norm:                 0.0831	loss:                      0.0804	mixer_norm:                0.0100	policy_loss:              -0.5418
q_taken_mean:             -0.0071	qmix_loss:                 0.0008	reward_mean:              -0.5120	reward_std:                0.4669
target_mean:              -0.0078	td_error_abs:              0.0226	test_battle_won_mean:      0.0625	test_dead_allies_mean:    11.6875
test_dead_enemies_mean:    0.0938	test_delta_ally_mean:    311.6562	test_delta_deaths_mean:  -27.5000	test_delta_enemy_mean:   292.3281
test_ep_length_mean:     195.7812	test_reward_mean:         -0.1578	test_reward_std:           0.8207	w_to_use:                  0.7610

[INFO 15:05:12] my_main t_env: 121215 / 2005000
[INFO 15:05:12] my_main Estimated time left: 22 hours, 31 minutes, 25 seconds. Time passed: 1 hours, 18 minutes, 36 seconds
RequestQuit command received.
DataHandler: unable to parse websocket frame.
Closing Application...
CloseHandler: 127.0.0.1:52672 disconnected
[INFO 15:05:50] absl Shutdown gracefully.
[INFO 15:05:50] absl Shutdown with return code: -15
[INFO 15:05:50] absl Launching SC2: /share/project/ytz/StarCraftII/Versions/Base75689/SC2_x64 -listen 127.0.0.1 -port 44537 -dataDir /share/project/ytz/StarCraftII/ -tempDir /tmp/sc-lhftocaq/
[INFO 15:05:50] absl Connecting to: ws://127.0.0.1:44537/sc2api, attempt: 0, running: True
Version: B75689 (SC2.4.10)
Build: Aug 12 2019 17:16:57
Command Line: '"/share/project/ytz/StarCraftII/Versions/Base75689/SC2_x64" -listen 127.0.0.1 -port 44537 -dataDir /share/project/ytz/StarCraftII/ -tempDir /tmp/sc-lhftocaq/'
Starting up...
Startup Phase 1 complete
[INFO 15:05:51] absl Connecting to: ws://127.0.0.1:44537/sc2api, attempt: 1, running: True
Startup Phase 2 complete
Creating stub renderer...
Listening on: 127.0.0.1:44537
Startup Phase 3 complete. Ready for commands.
[INFO 15:05:52] absl Connecting to: ws://127.0.0.1:44537/sc2api, attempt: 2, running: True
ConnectHandler: Request from 127.0.0.1:54342 accepted
ReadyHandler: 127.0.0.1:54342 ready
Requesting to join a single player game
Configuring interface options
Configure: raw interface enabled
Configure: feature layer interface disabled
Configure: score interface disabled
Configure: render interface disabled
Launching next game.
Next launch phase started: 2
Next launch phase started: 3
Next launch phase started: 4
Next launch phase started: 5
Next launch phase started: 6
Next launch phase started: 7
Next launch phase started: 8
Game has started.
Using default stable ids, none found at: /share/project/ytz/StarCraftII/stableid.json
Successfully loaded stable ids: GameData\stableid.json
Sending ResponseJoinGame
