/share/project/miniconda3/envs/py310_sc2/lib/python3.10/site-packages/sacred/dependencies.py:11: UserWarning: pkg_resources is deprecated as an API. See https://setuptools.pypa.io/en/latest/pkg_resources.html. The pkg_resources package is slated for removal as early as 2025-11-30. Refrain from using this package or pin to Setuptools<81.
  import pkg_resources
[DEBUG 13:43:14] git.cmd Popen(['git', 'version'], cwd=/share/project/ytz/RLproject/StarCraft2_HLSMAC/RLalgs/dTAPE, stdin=None, shell=False, universal_newlines=False)
[DEBUG 13:43:14] git.cmd Popen(['git', 'version'], cwd=/share/project/ytz/RLproject/StarCraft2_HLSMAC/RLalgs/dTAPE, stdin=None, shell=False, universal_newlines=False)
[DEBUG 13:43:14] git.util sys.platform='linux', git_executable='git'
[DEBUG 13:43:14] git.cmd Popen(['git', 'diff', '--cached', '--abbrev=40', '--full-index', '--raw'], cwd=/share/project/ytz/RLproject/StarCraft2_HLSMAC, stdin=None, shell=False, universal_newlines=False)
[DEBUG 13:43:14] git.cmd Popen(['git', 'diff', '--abbrev=40', '--full-index', '--raw'], cwd=/share/project/ytz/RLproject/StarCraft2_HLSMAC, stdin=None, shell=False, universal_newlines=False)
[DEBUG 13:43:14] git.cmd Popen(['git', 'cat-file', '--batch-check'], cwd=/share/project/ytz/RLproject/StarCraft2_HLSMAC, stdin=<valid stream>, shell=False, universal_newlines=False)
[DEBUG 13:43:14] git.util sys.platform='linux', git_executable='git'
[DEBUG 13:43:14] git.cmd Popen(['git', 'diff', '--cached', '--abbrev=40', '--full-index', '--raw'], cwd=/share/project/ytz/RLproject/StarCraft2_HLSMAC, stdin=None, shell=False, universal_newlines=False)
[DEBUG 13:43:14] git.cmd Popen(['git', 'diff', '--abbrev=40', '--full-index', '--raw'], cwd=/share/project/ytz/RLproject/StarCraft2_HLSMAC, stdin=None, shell=False, universal_newlines=False)
[DEBUG 13:43:14] git.cmd Popen(['git', 'cat-file', '--batch-check'], cwd=/share/project/ytz/RLproject/StarCraft2_HLSMAC, stdin=<valid stream>, shell=False, universal_newlines=False)
[INFO 13:43:14] root Saving to FileStorageObserver in /share/project/ytz/RLproject/StarCraft2_HLSMAC/RLalgs/dTAPE/results/sacred/pzyy/ow_qmix_env=4_adam_td_lambda.
[DEBUG 13:43:16] pymarl Using capture mode "fd"
[INFO 13:43:16] pymarl Running command 'my_main'
[INFO 13:43:16] pymarl Started run with ID "7"
[DEBUG 13:43:16] pymarl Starting Heartbeat
[DEBUG 13:43:16] my_main Started
[INFO 13:43:16] my_main Experiment Parameters:
[INFO 13:43:16] my_main 

{   'action_selector': 'epsilon_greedy',
    'agent': 'rnn',
    'agent_output_type': 'q',
    'alpha_init': -0.07,
    'alpha_lr': '3e-4',
    'batch_size': 128,
    'batch_size_run': 1,
    'buffer_cpu_only': True,
    'buffer_size': 5000,
    'c_beta': 1.0,
    'central_action_embed': 1,
    'central_agent': 'central_rnn',
    'central_loss': 1,
    'central_mac': 'basic_central_mac',
    'central_mixer': 'ff',
    'central_mixing_embed_dim': 256,
    'central_rnn_hidden_dim': 64,
    'checkpoint_path': '',
    'comm': True,
    'comm_beta': 0.001,
    'comm_beta_end_decay': 50000000,
    'comm_beta_start_decay': 20000000,
    'comm_beta_target': '1e-2',
    'comm_embed_dim': 3,
    'comm_entropy_beta': '1e-6',
    'comm_entropy_beta_end_decay': 50000000,
    'comm_entropy_beta_start_decay': 20000000,
    'comm_entropy_beta_target': '1e-4',
    'comm_method': 'information_bottleneck_full',
    'critic_agent': 'rnn_agent_n',
    'critic_lr': 0.0005,
    'critic_mac': 'cate_broadcast_comm_mac_full',
    'cut_mu_rank_thres': 80.0,
    'cut_mu_thres': 1.0,
    'double_q': True,
    'env': 'sc2_tactics',
    'env_args': {   'continuing_episode': False,
                    'debug': False,
                    'difficulty': '7',
                    'game_version': None,
                    'heuristic_ai': False,
                    'heuristic_rest': False,
                    'map_name': 'pzyy',
                    'move_amount': 2,
                    'obs_all_health': True,
                    'obs_instead_of_state': False,
                    'obs_last_action': False,
                    'obs_own_health': True,
                    'obs_pathing_grid': True,
                    'obs_terrain_height': True,
                    'obs_timestep_number': False,
                    'replay_dir': '',
                    'replay_prefix': '',
                    'reward_death_value': 10,
                    'reward_defeat': 0,
                    'reward_negative_scale': 0.5,
                    'reward_only_positive': False,
                    'reward_scale': True,
                    'reward_scale_rate': 20,
                    'reward_sparse': False,
                    'reward_win': 200,
                    'seed': 42,
                    'state_last_action': True,
                    'state_timestep_number': False,
                    'step_mul': 8},
    'epsilon_anneal_time': 100000,
    'epsilon_finish': 0.05,
    'epsilon_start': 0.995,
    'evaluate': False,
    'gamma': 0.99,
    'gate_loss_beta': 1e-05,
    'grad_norm_clip': 10,
    'hypernet_embed': 64,
    'hypernet_layers': 2,
    'hysteretic_qmix': True,
    'is_comm_beta_decay': False,
    'is_comm_entropy_beta_decay': False,
    'is_cur_mu': False,
    'is_print': False,
    'is_rank_cut_mu': False,
    'label': 'default_label',
    'learner': 'max_q_learner',
    'learner_log_interval': 10000,
    'load_step': 0,
    'local_results_path': 'results',
    'log_interval': 10000,
    'lr': 0.001,
    'mac': 'basic_mac_logits',
    'mixer': 'qmix',
    'mixing_embed_dim': 32,
    'name': 'ow_qmix_env=4_adam_td_lambda',
    'obs_agent_id': True,
    'obs_last_action': True,
    'only_downstream': False,
    'optim_alpha': 0.99,
    'optim_eps': 1e-05,
    'p': 0.5,
    'qmix_loss': 1,
    'repeat_id': 1,
    'rnn_hidden_dim': 64,
    'run': 'default',
    'runner': 'episode',
    'runner_log_interval': 10000,
    'save_model': True,
    'save_model_interval': 500000,
    'save_replay': False,
    'seed': 42,
    't_max': 2005000,
    'target_update_interval': 200,
    'td_lambda': 0.6,
    'test_greedy': True,
    'test_interval': 10000,
    'test_nepisode': 32,
    'use_IB': True,
    'use_cuda': True,
    'use_tensorboard': True,
    'w': 0.5}

[DEBUG 13:43:16] pymarl Stopping Heartbeat
[ERROR 13:43:16] pymarl Failed after 0:00:00!
Traceback (most recent calls WITHOUT Sacred internals):
  File "/share/project/ytz/RLproject/StarCraft2_HLSMAC/RLalgs/dTAPE/src/main.py", line 38, in my_main
    run_REGISTRY[_config['run']](_run, config, _log)
  File "/share/project/ytz/RLproject/StarCraft2_HLSMAC/RLalgs/dTAPE/src/run/run.py", line 55, in run
    run_sequential(args=args, logger=logger)
  File "/share/project/ytz/RLproject/StarCraft2_HLSMAC/RLalgs/dTAPE/src/run/run.py", line 86, in run_sequential
    runner = r_REGISTRY[args.runner](args=args, logger=logger)
  File "/share/project/ytz/RLproject/StarCraft2_HLSMAC/RLalgs/dTAPE/src/runners/episode_runner.py", line 15, in __init__
    self.env = env_REGISTRY[self.args.env](**self.args.env_args)
  File "/share/project/ytz/RLproject/StarCraft2_HLSMAC/RLalgs/dTAPE/src/envs/__init__.py", line 51, in env_te
    return SC2TacticsPZYYEnv(**kwargs)
  File "/share/project/ytz/RLproject/StarCraft2_HLSMAC/smac/smac/env/sc2_tactics/star36env_pzyy.py", line 33, in __init__
    super().__init__(*args, **kwargs)
  File "/share/project/ytz/RLproject/StarCraft2_HLSMAC/smac/smac/env/sc2_tactics/sc2_tactics_env.py", line 201, in __init__
    map_params = get_map_params(self.map_name)
  File "/share/project/ytz/RLproject/StarCraft2_HLSMAC/smac/smac/env/sc2_tactics/maps/__init__.py", line 41, in get_map_params
    raise ValueError(
ValueError: Map parameters for 'pzyy' not found in map_param_registry. Available maps with similar names: ['pzyy']

